#Build: Fabric Compiler 2020.3, Build 62942, Sep 29 13:34 2020
#Install: D:\PDS\PGL22G\PDS_win\PDS_2020.3\bin
#Application name: pds_shell.exe
#OS: Windows 10 10.0.18363
#Hostname: DESKTOP-UGH54P3
Generated by Fabric Compiler (version 2020.3 build 62942) at Sun Oct 30 20:15:00 2022
Compiling verification operator library.
Compiling common defs.
Compiling prim grid devices.
Compiling gate devices.
Compiling gate operators.
Building architecture model.
Loading device packaging model 'MBG324'.
I: Parameter configuration file D:/PDS/PGL22G/CD_20210223/CD_20210223/demo/12_1_hdmi_test _char/testparam.txt cannot open.
Starting placement and routing flow. (CPU time elapsed 0h:00m:00s)
Reading design from devmap DB.
Building architecture floorplan logic view.
Executing : apply_constraint -f {D:/PDS/PGL22G/CD_20210223/CD_20210223/demo/12_1_hdmi_test _char/top.pcf}
Executing : def_port tmds_clk_n -LOC A16 -IOSTANDARD LVTTL33 -VCCIO 3.3 -BUS_KEEPER NONE -DRIVE 12 -SLEW SLOW -OPEN_DRAIN OFF
Executing : def_port tmds_clk_n -LOC A16 -IOSTANDARD LVTTL33 -VCCIO 3.3 -BUS_KEEPER NONE -DRIVE 12 -SLEW SLOW -OPEN_DRAIN OFF successfully.
Executing : def_port tmds_clk_p -LOC B16 -IOSTANDARD LVTTL33 -VCCIO 3.3 -BUS_KEEPER NONE -DRIVE 12 -SLEW SLOW -OPEN_DRAIN OFF
Executing : def_port tmds_clk_p -LOC B16 -IOSTANDARD LVTTL33 -VCCIO 3.3 -BUS_KEEPER NONE -DRIVE 12 -SLEW SLOW -OPEN_DRAIN OFF successfully.
Executing : def_port {tmds_data_n[0]} -LOC A14 -IOSTANDARD LVTTL33 -VCCIO 3.3 -BUS_KEEPER NONE -DRIVE 12 -SLEW SLOW -OPEN_DRAIN OFF
Executing : def_port {tmds_data_n[0]} -LOC A14 -IOSTANDARD LVTTL33 -VCCIO 3.3 -BUS_KEEPER NONE -DRIVE 12 -SLEW SLOW -OPEN_DRAIN OFF successfully.
Executing : def_port {tmds_data_n[1]} -LOC A11 -IOSTANDARD LVTTL33 -VCCIO 3.3 -BUS_KEEPER NONE -DRIVE 12 -SLEW SLOW -OPEN_DRAIN OFF
Executing : def_port {tmds_data_n[1]} -LOC A11 -IOSTANDARD LVTTL33 -VCCIO 3.3 -BUS_KEEPER NONE -DRIVE 12 -SLEW SLOW -OPEN_DRAIN OFF successfully.
Executing : def_port {tmds_data_n[2]} -LOC A10 -IOSTANDARD LVTTL33 -VCCIO 3.3 -BUS_KEEPER NONE -DRIVE 12 -SLEW SLOW -OPEN_DRAIN OFF
Executing : def_port {tmds_data_n[2]} -LOC A10 -IOSTANDARD LVTTL33 -VCCIO 3.3 -BUS_KEEPER NONE -DRIVE 12 -SLEW SLOW -OPEN_DRAIN OFF successfully.
Executing : def_port {tmds_data_p[0]} -LOC B14 -IOSTANDARD LVTTL33 -VCCIO 3.3 -BUS_KEEPER NONE -DRIVE 12 -SLEW SLOW -OPEN_DRAIN OFF
Executing : def_port {tmds_data_p[0]} -LOC B14 -IOSTANDARD LVTTL33 -VCCIO 3.3 -BUS_KEEPER NONE -DRIVE 12 -SLEW SLOW -OPEN_DRAIN OFF successfully.
Executing : def_port {tmds_data_p[1]} -LOC B11 -IOSTANDARD LVTTL33 -VCCIO 3.3 -BUS_KEEPER NONE -DRIVE 12 -SLEW SLOW -OPEN_DRAIN OFF
Executing : def_port {tmds_data_p[1]} -LOC B11 -IOSTANDARD LVTTL33 -VCCIO 3.3 -BUS_KEEPER NONE -DRIVE 12 -SLEW SLOW -OPEN_DRAIN OFF successfully.
Executing : def_port {tmds_data_p[2]} -LOC B10 -IOSTANDARD LVTTL33 -VCCIO 3.3 -BUS_KEEPER NONE -DRIVE 12 -SLEW SLOW -OPEN_DRAIN OFF
Executing : def_port {tmds_data_p[2]} -LOC B10 -IOSTANDARD LVTTL33 -VCCIO 3.3 -BUS_KEEPER NONE -DRIVE 12 -SLEW SLOW -OPEN_DRAIN OFF successfully.
Executing : def_port rst_n -LOC U12 -IOSTANDARD LVCMOS33 -VCCIO 3.3 -HYS_DRIVE_MODE NOHYS -BUS_KEEPER NONE
Executing : def_port rst_n -LOC U12 -IOSTANDARD LVCMOS33 -VCCIO 3.3 -HYS_DRIVE_MODE NOHYS -BUS_KEEPER NONE successfully.
Executing : def_port sys_clk -LOC B5 -IOSTANDARD LVCMOS33 -VCCIO 3.3 -HYS_DRIVE_MODE NOHYS -BUS_KEEPER NONE
Executing : def_port sys_clk -LOC B5 -IOSTANDARD LVCMOS33 -VCCIO 3.3 -HYS_DRIVE_MODE NOHYS -BUS_KEEPER NONE successfully.
W: ConstraintEditor-4019: Port 'data_RGB' unspecified I/O constraint.
W: ConstraintEditor-4019: Port 'uart_rxd' unspecified I/O constraint.
Executing : apply_constraint -f {D:/PDS/PGL22G/CD_20210223/CD_20210223/demo/12_1_hdmi_test _char/top.pcf} successfully.

Placement started.
Mapping instance video_pll_m0/u_pll_e1/goppll to PLL_82_51.
Mapping instance video_clk5xbufg/gopclkbufg to USCM_74_105.
Mapping instance video_clkbufg/gopclkbufg to USCM_74_106.
Mapping instance sys_clkbufg/gopclkbufg to USCM_74_104.
Pre global placement takes 2.66 sec.
Run super clustering :
	Initial slack -1876.
	2 iterations finished.
	Final slack -887.
Super clustering done.
Design Utilization : 3%.
Global placement takes 1.50 sec.
Wirelength after global placement is 2155.
Placed fixed group with base inst dvi_encoder_m0/serdes_4b_10to1_m0/gtp_outbuft0/opit_1_IOL on IOL_151_298.
Placed fixed group with base inst dvi_encoder_m0/serdes_4b_10to1_m0/gtp_outbuft1/opit_1_IOL on IOL_151_350.
Placed fixed group with base inst dvi_encoder_m0/serdes_4b_10to1_m0/gtp_outbuft2/opit_1_IOL on IOL_151_338.
Placed fixed group with base inst dvi_encoder_m0/serdes_4b_10to1_m0/gtp_outbuft3/opit_1_IOL on IOL_151_322.
Placed fixed group with base inst dvi_encoder_m0/serdes_4b_10to1_m0/gtp_outbuft4/opit_1_IOL on IOL_151_297.
Placed fixed group with base inst dvi_encoder_m0/serdes_4b_10to1_m0/gtp_outbuft5/opit_1_IOL on IOL_151_349.
Placed fixed group with base inst dvi_encoder_m0/serdes_4b_10to1_m0/gtp_outbuft6/opit_1_IOL on IOL_151_337.
Placed fixed group with base inst dvi_encoder_m0/serdes_4b_10to1_m0/gtp_outbuft7/opit_1_IOL on IOL_151_321.
Placed fixed group with base inst rst_n_ibuf/opit_1 on IOL_151_106.
Placed fixed group with base inst sys_clk_ibuf/opit_1 on IOL_7_298.
Placed fixed instance sys_clkbufg/gopclkbufg on USCM_74_104.
Placed fixed instance video_clk5xbufg/gopclkbufg on USCM_74_105.
Placed fixed instance video_clkbufg/gopclkbufg on USCM_74_106.
Placed fixed instance video_pll_m0/u_pll_e1/goppll on PLL_82_51.
Placed fixed instance BKCL_auto_0 on BKCL_2_268.
Placed fixed instance BKCL_auto_1 on BKCL_154_268.
Placed fixed instance BKCL_auto_2 on BKCL_154_20.
Wirelength after Macro cell placement is 2345.
Macro cell placement takes 0.00 sec.
Run super clustering :
	Initial slack -1876.
	2 iterations finished.
	Final slack -887.
Super clustering done.
Design Utilization : 3%.
Wirelength after post global placement is 2124.
Post global placement takes 1.75 sec.
Wirelength after legalization is 2535.
Legalization takes 0.06 sec.
Worst slack before Replication Place is -1036.
Wirelength after replication placement is 2535.
Legalized cost -1036.000000.
The detailed placement ends at 11th iteration.
Wirelength after detailed placement is 2533.
Timing-driven detailed placement takes 0.64 sec.
Placement done.
Total placement takes 6.75 sec.
Finished placement. (CPU time elapsed 0h:00m:07s)

Routing started.
Building routing graph takes 0.89 sec.
Worst slack is -1006.
Processing design graph takes 0.14 sec.
Total memory for routing:
	47.176720 M.
Total nets for routing : 693.
Rcf routing step 1 processed 0 nets, it takes 0.00 sec.
Rcf routing step 2 processed 0 nets, it takes 0.00 sec.
Rcf routing step 3 processed 0 nets, it takes 0.00 sec.
Unrouted nets 0 at the end of iteration 0.
Global Routing step 1 processed 85 nets, it takes 0.00 sec.
Unrouted nets 158 at the end of iteration 0.
Unrouted nets 90 at the end of iteration 1.
Unrouted nets 39 at the end of iteration 2.
Unrouted nets 17 at the end of iteration 3.
Unrouted nets 6 at the end of iteration 4.
Unrouted nets 4 at the end of iteration 5.
Unrouted nets 5 at the end of iteration 6.
Unrouted nets 1 at the end of iteration 7.
Unrouted nets 1 at the end of iteration 8.
Unrouted nets 1 at the end of iteration 9.
Unrouted nets 1 at the end of iteration 10.
Unrouted nets 1 at the end of iteration 11.
Unrouted nets 0 at the end of iteration 12.
Global Routing step 2 processed 246 nets, it takes 0.56 sec.
Unrouted nets 0 at the end of iteration 0.
Global Routing step 3 processed 1 nets, it takes 0.02 sec.
Global routing takes 0.59 sec.
Total 695 subnets.
    forward max bucket size 104 , backward 262.
        Unrouted nets 368 at the end of iteration 0.
    route iteration 0, CPU time elapsed 0.093750 sec.
    forward max bucket size 54 , backward 54.
        Unrouted nets 313 at the end of iteration 1.
    route iteration 1, CPU time elapsed 0.046875 sec.
    forward max bucket size 31 , backward 41.
        Unrouted nets 226 at the end of iteration 2.
    route iteration 2, CPU time elapsed 0.031250 sec.
    forward max bucket size 38 , backward 62.
        Unrouted nets 154 at the end of iteration 3.
    route iteration 3, CPU time elapsed 0.031250 sec.
    forward max bucket size 79 , backward 247.
        Unrouted nets 117 at the end of iteration 4.
    route iteration 4, CPU time elapsed 0.015625 sec.
    forward max bucket size 27 , backward 79.
        Unrouted nets 76 at the end of iteration 5.
    route iteration 5, CPU time elapsed 0.015625 sec.
    forward max bucket size 27 , backward 25.
        Unrouted nets 58 at the end of iteration 6.
    route iteration 6, CPU time elapsed 0.000000 sec.
    forward max bucket size 78 , backward 261.
        Unrouted nets 40 at the end of iteration 7.
    route iteration 7, CPU time elapsed 0.015625 sec.
    forward max bucket size 23 , backward 28.
        Unrouted nets 25 at the end of iteration 8.
    route iteration 8, CPU time elapsed 0.000000 sec.
    forward max bucket size 26 , backward 21.
        Unrouted nets 14 at the end of iteration 9.
    route iteration 9, CPU time elapsed 0.015625 sec.
    forward max bucket size 26 , backward 26.
        Unrouted nets 8 at the end of iteration 10.
    route iteration 10, CPU time elapsed 0.000000 sec.
    forward max bucket size 26 , backward 27.
        Unrouted nets 0 at the end of iteration 11.
    route iteration 11, CPU time elapsed 0.000000 sec.
Detailed routing takes 0.30 sec.

Dispose routing result:
    Collect routing result.
    Delete unused device instances.
    Annotate routing result.
    Change LUT configuration.
    Dispose misc instances.
    Annotate routing result again.
Finish routing takes 0.17 sec.
The timing paths of the clock sys_clk|video_pll_m0/u_pll_e1/CLKOUT0_Inferred have hold violation, the worst slack : -58.
All timing paths hold violation have been fixed.
Hold fix iterated 23 times
The hold violation of the clock sys_clk|video_pll_m0/u_pll_e1/CLKOUT0_Inferred has been fixed successfully, the finally worst slack: , 42(fast).
Hold violation fix takes 3.81 sec.
Used srb routing arc is 5970.
Cleanup routing takes 0.03 sec.
Routing done.
Total routing takes 6.20 sec.


Device Utilization Summary :
+----------------------------------------------------------------------------+
| Logic Utilization        | Used     | Available     | Utilization(%)     
+----------------------------------------------------------------------------+
| Use of ADC               | 0        | 1             | 0                   
| Use of APM               | 0        | 30            | 0                   
| Use of BKCL              | 3        | 6             | 50                  
| Use of CLMA              | 144      | 3274          | 4                   
|   FF                     | 267      | 19644         | 1                   
|   LUT                    | 381      | 13096         | 3                   
|   LUT-FF pairs           | 104      | 13096         | 1                   
| Use of CLMS              | 44       | 1110          | 4                   
|   FF                     | 72       | 6660          | 1                   
|   LUT                    | 111      | 4440          | 3                   
|   LUT-FF pairs           | 45       | 4440          | 1                   
|   Distributed RAM        | 0        | 4440          | 0                   
| Use of CRYSTAL           | 0        | 6             | 0                   
| Use of DLL               | 0        | 6             | 0                   
| Use of DQSL              | 0        | 18            | 0                   
| Use of DRM               | 1        | 48            | 2                   
| Use of FLSIF             | 0        | 1             | 0                   
| Use of FUSECODE          | 0        | 1             | 0                   
| Use of HARD0N1           | 0        | 2745          | 0                   
| Use of HMEMC             | 0        | 2             | 0                   
| Use of IO                | 11       | 240           | 5                   
|   IOBD                   | 6        | 120           | 5                   
|   IOBR                   | 0        | 6             | 0                   
|   IOBS                   | 5        | 114           | 4                   
| Use of IOCKDIV           | 0        | 12            | 0                   
| Use of IOCKDLY           | 0        | 24            | 0                   
| Use of IOCKGATE          | 0        | 12            | 0                   
| Use of IOCKGMUX_TEST     | 0        | 12            | 0                   
| Use of IOL               | 11       | 240           | 5                   
| Use of IPAL              | 0        | 1             | 0                   
| Use of MFG_TEST          | 0        | 1             | 0                   
| Use of OSC               | 0        | 1             | 0                   
| Use of PLL               | 1        | 6             | 17                  
| Use of PREGMUX_TEST      | 0        | 6             | 0                   
| Use of RCKB              | 0        | 24            | 0                   
| Use of RCKBMUX_TEST      | 0        | 12            | 0                   
| Use of RESCAL            | 0        | 6             | 0                   
| Use of SCANCHAIN         | 0        | 4             | 0                   
| Use of START             | 1        | 1             | 100                 
| Use of UDID              | 0        | 1             | 0                   
| Use of USCM              | 3        | 20            | 15                  
| Use of USCMMUX_TEST      | 0        | 20            | 0                   
| Use of VCKBMUX_TEST      | 0        | 12            | 0                   
+----------------------------------------------------------------------------+

Finished routing. (CPU time elapsed 0h:00m:13s)
Design 'top' has been placed and routed successfully.
Saving design to DB.
Action pnr: Real time elapsed is 18.000 sec
Action pnr: CPU time elapsed is 16.547 sec
Current time: Sun Oct 30 20:15:16 2022
Action pnr: Peak memory pool usage is 401,997,824 bytes
Finished placement and routing. (CPU time elapsed 0h:00m:13s)
