#Build: Fabric Compiler 2020.3, Build 62942, Sep 29 13:34 2020
#Install: D:\PDS\PGL22G\PDS_win\PDS_2020.3\bin
#Application name: pds_shell.exe
#OS: Windows 10 10.0.18363
#Hostname: DESKTOP-UGH54P3
Generated by Fabric Compiler (version 2020.3 build 62942) at Sun Oct 30 21:04:07 2022
License checkout: fabric_ads
Compiling verification operator library.
Loading technology operator library.
Compiling technology operator library.
Compiling technology operator (valence) library.
I: Enable Verilog2k features and keywords
Executing : .rtl_analyze -include_path {{D:/PDS/PGL22G/CD_20210223/CD_20210223/demo/12_1_hdmi_test _char}} {D:/PDS/PGL22G/CD_20210223/CD_20210223/demo/12_1_hdmi_test _char/source/source/color_bar.v}
I: Verilog-0001: Analyzing file D:/PDS/PGL22G/CD_20210223/CD_20210223/demo/12_1_hdmi_test _char/source/source/color_bar.v
I: Verilog-0002: [D:/PDS/PGL22G/CD_20210223/CD_20210223/demo/12_1_hdmi_test _char/source/source/color_bar.v(line number: 33)] Analyzing module color_bar (library work)
Parsing done.
Executing : .rtl_analyze -include_path {{D:/PDS/PGL22G/CD_20210223/CD_20210223/demo/12_1_hdmi_test _char}} {D:/PDS/PGL22G/CD_20210223/CD_20210223/demo/12_1_hdmi_test _char/source/source/color_bar.v} successfully.
Executing : .rtl_analyze -include_path {{D:/PDS/PGL22G/CD_20210223/CD_20210223/demo/12_1_hdmi_test _char}} {D:/PDS/PGL22G/CD_20210223/CD_20210223/demo/12_1_hdmi_test _char/source/source/top.v}
I: Verilog-0001: Analyzing file D:/PDS/PGL22G/CD_20210223/CD_20210223/demo/12_1_hdmi_test _char/source/source/top.v
I: Verilog-0002: [D:/PDS/PGL22G/CD_20210223/CD_20210223/demo/12_1_hdmi_test _char/source/source/top.v(line number: 27)] Analyzing module top (library work)
Parsing done.
Executing : .rtl_analyze -include_path {{D:/PDS/PGL22G/CD_20210223/CD_20210223/demo/12_1_hdmi_test _char}} {D:/PDS/PGL22G/CD_20210223/CD_20210223/demo/12_1_hdmi_test _char/source/source/top.v} successfully.
W: Public-4030: File 'D:/PDS/PGL22G/CD_20210223/CD_20210223/demo/12_1_hdmi_test _char/source/source/video_define.v' has been added. It is skipped.
Executing : .rtl_analyze -include_path {{D:/PDS/PGL22G/CD_20210223/CD_20210223/demo/12_1_hdmi_test _char}} {D:/PDS/PGL22G/CD_20210223/CD_20210223/demo/12_1_hdmi_test _char/source/source/video_define.v}
I: Verilog-0001: Analyzing file D:/PDS/PGL22G/CD_20210223/CD_20210223/demo/12_1_hdmi_test _char/source/source/video_define.v
Parsing done.
Executing : .rtl_analyze -include_path {{D:/PDS/PGL22G/CD_20210223/CD_20210223/demo/12_1_hdmi_test _char}} {D:/PDS/PGL22G/CD_20210223/CD_20210223/demo/12_1_hdmi_test _char/source/source/video_define.v} successfully.
Executing : .rtl_analyze -include_path {{D:/PDS/PGL22G/CD_20210223/CD_20210223/demo/12_1_hdmi_test _char}} {D:/PDS/PGL22G/CD_20210223/CD_20210223/demo/12_1_hdmi_test _char/source/dvi_tx/dvi_encoder.v}
I: Verilog-0001: Analyzing file D:/PDS/PGL22G/CD_20210223/CD_20210223/demo/12_1_hdmi_test _char/source/dvi_tx/dvi_encoder.v
I: Verilog-0002: [D:/PDS/PGL22G/CD_20210223/CD_20210223/demo/12_1_hdmi_test _char/source/dvi_tx/dvi_encoder.v(line number: 2)] Analyzing module dvi_encoder (library work)
Parsing done.
Executing : .rtl_analyze -include_path {{D:/PDS/PGL22G/CD_20210223/CD_20210223/demo/12_1_hdmi_test _char}} {D:/PDS/PGL22G/CD_20210223/CD_20210223/demo/12_1_hdmi_test _char/source/dvi_tx/dvi_encoder.v} successfully.
Executing : .rtl_analyze -include_path {{D:/PDS/PGL22G/CD_20210223/CD_20210223/demo/12_1_hdmi_test _char}} {D:/PDS/PGL22G/CD_20210223/CD_20210223/demo/12_1_hdmi_test _char/source/dvi_tx/encode.v}
I: Verilog-0001: Analyzing file D:/PDS/PGL22G/CD_20210223/CD_20210223/demo/12_1_hdmi_test _char/source/dvi_tx/encode.v
I: Verilog-0002: [D:/PDS/PGL22G/CD_20210223/CD_20210223/demo/12_1_hdmi_test _char/source/dvi_tx/encode.v(line number: 46)] Analyzing module encode (library work)
Parsing done.
Executing : .rtl_analyze -include_path {{D:/PDS/PGL22G/CD_20210223/CD_20210223/demo/12_1_hdmi_test _char}} {D:/PDS/PGL22G/CD_20210223/CD_20210223/demo/12_1_hdmi_test _char/source/dvi_tx/encode.v} successfully.
Executing : .rtl_analyze -include_path {{D:/PDS/PGL22G/CD_20210223/CD_20210223/demo/12_1_hdmi_test _char}} {D:/PDS/PGL22G/CD_20210223/CD_20210223/demo/12_1_hdmi_test _char/source/dvi_tx/serdes_4b_10to1.v}
I: Verilog-0001: Analyzing file D:/PDS/PGL22G/CD_20210223/CD_20210223/demo/12_1_hdmi_test _char/source/dvi_tx/serdes_4b_10to1.v
I: Verilog-0002: [D:/PDS/PGL22G/CD_20210223/CD_20210223/demo/12_1_hdmi_test _char/source/dvi_tx/serdes_4b_10to1.v(line number: 3)] Analyzing module serdes_4b_10to1 (library work)
Parsing done.
Executing : .rtl_analyze -include_path {{D:/PDS/PGL22G/CD_20210223/CD_20210223/demo/12_1_hdmi_test _char}} {D:/PDS/PGL22G/CD_20210223/CD_20210223/demo/12_1_hdmi_test _char/source/dvi_tx/serdes_4b_10to1.v} successfully.
Executing : .rtl_analyze -include_path {{D:/PDS/PGL22G/CD_20210223/CD_20210223/demo/12_1_hdmi_test _char}} {D:/PDS/PGL22G/CD_20210223/CD_20210223/demo/12_1_hdmi_test _char/source/src/osd_display.v}
I: Verilog-0001: Analyzing file D:/PDS/PGL22G/CD_20210223/CD_20210223/demo/12_1_hdmi_test _char/source/src/osd_display.v
I: Verilog-0002: [D:/PDS/PGL22G/CD_20210223/CD_20210223/demo/12_1_hdmi_test _char/source/src/osd_display.v(line number: 29)] Analyzing module osd_display (library work)
Parsing done.
Executing : .rtl_analyze -include_path {{D:/PDS/PGL22G/CD_20210223/CD_20210223/demo/12_1_hdmi_test _char}} {D:/PDS/PGL22G/CD_20210223/CD_20210223/demo/12_1_hdmi_test _char/source/src/osd_display.v} successfully.
Executing : .rtl_analyze -include_path {{D:/PDS/PGL22G/CD_20210223/CD_20210223/demo/12_1_hdmi_test _char}} {D:/PDS/PGL22G/CD_20210223/CD_20210223/demo/12_1_hdmi_test _char/source/src/timing_gen_xy.v}
I: Verilog-0001: Analyzing file D:/PDS/PGL22G/CD_20210223/CD_20210223/demo/12_1_hdmi_test _char/source/src/timing_gen_xy.v
I: Verilog-0002: [D:/PDS/PGL22G/CD_20210223/CD_20210223/demo/12_1_hdmi_test _char/source/src/timing_gen_xy.v(line number: 29)] Analyzing module timing_gen_xy (library work)
Parsing done.
Executing : .rtl_analyze -include_path {{D:/PDS/PGL22G/CD_20210223/CD_20210223/demo/12_1_hdmi_test _char}} {D:/PDS/PGL22G/CD_20210223/CD_20210223/demo/12_1_hdmi_test _char/source/src/timing_gen_xy.v} successfully.
Executing : .rtl_analyze -include_path {{D:/PDS/PGL22G/CD_20210223/CD_20210223/demo/12_1_hdmi_test _char}} {D:/PDS/PGL22G/CD_20210223/CD_20210223/demo/12_1_hdmi_test _char/source/source/average.v}
I: Verilog-0001: Analyzing file D:/PDS/PGL22G/CD_20210223/CD_20210223/demo/12_1_hdmi_test _char/source/source/average.v
I: Verilog-0002: [D:/PDS/PGL22G/CD_20210223/CD_20210223/demo/12_1_hdmi_test _char/source/source/average.v(line number: 1)] Analyzing module average (library work)
Parsing done.
Executing : .rtl_analyze -include_path {{D:/PDS/PGL22G/CD_20210223/CD_20210223/demo/12_1_hdmi_test _char}} {D:/PDS/PGL22G/CD_20210223/CD_20210223/demo/12_1_hdmi_test _char/source/source/average.v} successfully.
Executing : .rtl_analyze -include_path {{D:/PDS/PGL22G/CD_20210223/CD_20210223/demo/12_1_hdmi_test _char}} {D:/PDS/PGL22G/CD_20210223/CD_20210223/demo/12_1_hdmi_test _char/source/source/RGB_Control1.v}
I: Verilog-0001: Analyzing file D:/PDS/PGL22G/CD_20210223/CD_20210223/demo/12_1_hdmi_test _char/source/source/RGB_Control1.v
I: Verilog-0002: [D:/PDS/PGL22G/CD_20210223/CD_20210223/demo/12_1_hdmi_test _char/source/source/RGB_Control1.v(line number: 1)] Analyzing module RGB_Control1 (library work)
Parsing done.
Executing : .rtl_analyze -include_path {{D:/PDS/PGL22G/CD_20210223/CD_20210223/demo/12_1_hdmi_test _char}} {D:/PDS/PGL22G/CD_20210223/CD_20210223/demo/12_1_hdmi_test _char/source/source/RGB_Control1.v} successfully.
Executing : .rtl_analyze -include_path {{D:/PDS/PGL22G/CD_20210223/CD_20210223/demo/12_1_hdmi_test _char}} {D:/PDS/PGL22G/CD_20210223/CD_20210223/demo/12_1_hdmi_test _char/source/source/RZ_Code.v}
I: Verilog-0001: Analyzing file D:/PDS/PGL22G/CD_20210223/CD_20210223/demo/12_1_hdmi_test _char/source/source/RZ_Code.v
I: Verilog-0002: [D:/PDS/PGL22G/CD_20210223/CD_20210223/demo/12_1_hdmi_test _char/source/source/RZ_Code.v(line number: 4)] Analyzing module RZ_Code (library work)
Parsing done.
Executing : .rtl_analyze -include_path {{D:/PDS/PGL22G/CD_20210223/CD_20210223/demo/12_1_hdmi_test _char}} {D:/PDS/PGL22G/CD_20210223/CD_20210223/demo/12_1_hdmi_test _char/source/source/RZ_Code.v} successfully.
Executing : .rtl_analyze -include_path {{D:/PDS/PGL22G/CD_20210223/CD_20210223/demo/12_1_hdmi_test _char}} {D:/PDS/PGL22G/CD_20210223/CD_20210223/demo/12_1_hdmi_test _char/source/source/uart_recv.v}
I: Verilog-0001: Analyzing file D:/PDS/PGL22G/CD_20210223/CD_20210223/demo/12_1_hdmi_test _char/source/source/uart_recv.v
I: Verilog-0002: [D:/PDS/PGL22G/CD_20210223/CD_20210223/demo/12_1_hdmi_test _char/source/source/uart_recv.v(line number: 1)] Analyzing module uart_recv (library work)
Parsing done.
Executing : .rtl_analyze -include_path {{D:/PDS/PGL22G/CD_20210223/CD_20210223/demo/12_1_hdmi_test _char}} {D:/PDS/PGL22G/CD_20210223/CD_20210223/demo/12_1_hdmi_test _char/source/source/uart_recv.v} successfully.
Executing : .rtl_analyze -include_path {{D:/PDS/PGL22G/CD_20210223/CD_20210223/demo/12_1_hdmi_test _char}} {D:/PDS/PGL22G/CD_20210223/CD_20210223/demo/12_1_hdmi_test _char/source/example_ziguang/hdmi_test _char/ipcore/osd_rom/osd_rom.v}
I: Verilog-0001: Analyzing file D:/PDS/PGL22G/CD_20210223/CD_20210223/demo/12_1_hdmi_test _char/source/example_ziguang/hdmi_test _char/ipcore/osd_rom/osd_rom.v
I: Verilog-0002: [D:/PDS/PGL22G/CD_20210223/CD_20210223/demo/12_1_hdmi_test _char/source/example_ziguang/hdmi_test _char/ipcore/osd_rom/osd_rom.v(line number: 18)] Analyzing module osd_rom (library work)
Parsing done.
Executing : .rtl_analyze -include_path {{D:/PDS/PGL22G/CD_20210223/CD_20210223/demo/12_1_hdmi_test _char}} {D:/PDS/PGL22G/CD_20210223/CD_20210223/demo/12_1_hdmi_test _char/source/example_ziguang/hdmi_test _char/ipcore/osd_rom/osd_rom.v} successfully.
Executing : .rtl_analyze -include_path {{D:/PDS/PGL22G/CD_20210223/CD_20210223/demo/12_1_hdmi_test _char}} {D:/PDS/PGL22G/CD_20210223/CD_20210223/demo/12_1_hdmi_test _char/source/example_ziguang/hdmi_test _char/ipcore/osd_rom/rtl/ipml_rom_v1_4_osd_rom.v}
I: Verilog-0001: Analyzing file D:/PDS/PGL22G/CD_20210223/CD_20210223/demo/12_1_hdmi_test _char/source/example_ziguang/hdmi_test _char/ipcore/osd_rom/rtl/ipml_rom_v1_4_osd_rom.v
I: Verilog-0002: [D:/PDS/PGL22G/CD_20210223/CD_20210223/demo/12_1_hdmi_test _char/source/example_ziguang/hdmi_test _char/ipcore/osd_rom/rtl/ipml_rom_v1_4_osd_rom.v(line number: 20)] Analyzing module ipml_rom_v1_4_osd_rom (library work)
Parsing done.
Executing : .rtl_analyze -include_path {{D:/PDS/PGL22G/CD_20210223/CD_20210223/demo/12_1_hdmi_test _char}} {D:/PDS/PGL22G/CD_20210223/CD_20210223/demo/12_1_hdmi_test _char/source/example_ziguang/hdmi_test _char/ipcore/osd_rom/rtl/ipml_rom_v1_4_osd_rom.v} successfully.
Executing : .rtl_analyze -include_path {{D:/PDS/PGL22G/CD_20210223/CD_20210223/demo/12_1_hdmi_test _char}} {D:/PDS/PGL22G/CD_20210223/CD_20210223/demo/12_1_hdmi_test _char/ipcore/video_pll/video_pll.v}
I: Verilog-0001: Analyzing file D:/PDS/PGL22G/CD_20210223/CD_20210223/demo/12_1_hdmi_test _char/ipcore/video_pll/video_pll.v
I: Verilog-0002: [D:/PDS/PGL22G/CD_20210223/CD_20210223/demo/12_1_hdmi_test _char/ipcore/video_pll/video_pll.v(line number: 20)] Analyzing module video_pll (library work)
Parsing done.
Executing : .rtl_analyze -include_path {{D:/PDS/PGL22G/CD_20210223/CD_20210223/demo/12_1_hdmi_test _char}} {D:/PDS/PGL22G/CD_20210223/CD_20210223/demo/12_1_hdmi_test _char/ipcore/video_pll/video_pll.v} successfully.
Executing : .rtl_analyze -include_path {{D:/PDS/PGL22G/CD_20210223/CD_20210223/demo/12_1_hdmi_test _char}} {D:/PDS/PGL22G/CD_20210223/CD_20210223/demo/12_1_hdmi_test _char/source/example_ziguang/hdmi_test _char/ipcore/osd_rom/rtl/ipml_spram_v1_4_osd_rom.v}
I: Verilog-0001: Analyzing file D:/PDS/PGL22G/CD_20210223/CD_20210223/demo/12_1_hdmi_test _char/source/example_ziguang/hdmi_test _char/ipcore/osd_rom/rtl/ipml_spram_v1_4_osd_rom.v
I: Verilog-0002: [D:/PDS/PGL22G/CD_20210223/CD_20210223/demo/12_1_hdmi_test _char/source/example_ziguang/hdmi_test _char/ipcore/osd_rom/rtl/ipml_spram_v1_4_osd_rom.v(line number: 19)] Analyzing module ipml_spram_v1_4_osd_rom (library work)
W: Verilog-2008: [D:/PDS/PGL22G/CD_20210223/CD_20210223/demo/12_1_hdmi_test _char/source/example_ziguang/hdmi_test _char/ipcore/osd_rom/rtl/ipml_spram_v1_4_osd_rom.v(line number: 142)] System task enable $display ignored for synthesis
W: Verilog-2008: [D:/PDS/PGL22G/CD_20210223/CD_20210223/demo/12_1_hdmi_test _char/source/example_ziguang/hdmi_test _char/ipcore/osd_rom/rtl/ipml_spram_v1_4_osd_rom.v(line number: 146)] System task enable $display ignored for synthesis
W: Verilog-2008: [D:/PDS/PGL22G/CD_20210223/CD_20210223/demo/12_1_hdmi_test _char/source/example_ziguang/hdmi_test _char/ipcore/osd_rom/rtl/ipml_spram_v1_4_osd_rom.v(line number: 150)] System task enable $display ignored for synthesis
W: Verilog-2008: [D:/PDS/PGL22G/CD_20210223/CD_20210223/demo/12_1_hdmi_test _char/source/example_ziguang/hdmi_test _char/ipcore/osd_rom/rtl/ipml_spram_v1_4_osd_rom.v(line number: 151)] System task enable $finish ignored for synthesis
W: Verilog-2008: [D:/PDS/PGL22G/CD_20210223/CD_20210223/demo/12_1_hdmi_test _char/source/example_ziguang/hdmi_test _char/ipcore/osd_rom/rtl/ipml_spram_v1_4_osd_rom.v(line number: 154)] System task enable $display ignored for synthesis
W: Verilog-2008: [D:/PDS/PGL22G/CD_20210223/CD_20210223/demo/12_1_hdmi_test _char/source/example_ziguang/hdmi_test _char/ipcore/osd_rom/rtl/ipml_spram_v1_4_osd_rom.v(line number: 155)] System task enable $finish ignored for synthesis
W: Verilog-2008: [D:/PDS/PGL22G/CD_20210223/CD_20210223/demo/12_1_hdmi_test _char/source/example_ziguang/hdmi_test _char/ipcore/osd_rom/rtl/ipml_spram_v1_4_osd_rom.v(line number: 158)] System task enable $display ignored for synthesis
W: Verilog-2008: [D:/PDS/PGL22G/CD_20210223/CD_20210223/demo/12_1_hdmi_test _char/source/example_ziguang/hdmi_test _char/ipcore/osd_rom/rtl/ipml_spram_v1_4_osd_rom.v(line number: 159)] System task enable $finish ignored for synthesis
W: Verilog-2008: [D:/PDS/PGL22G/CD_20210223/CD_20210223/demo/12_1_hdmi_test _char/source/example_ziguang/hdmi_test _char/ipcore/osd_rom/rtl/ipml_spram_v1_4_osd_rom.v(line number: 162)] System task enable $display ignored for synthesis
W: Verilog-2008: [D:/PDS/PGL22G/CD_20210223/CD_20210223/demo/12_1_hdmi_test _char/source/example_ziguang/hdmi_test _char/ipcore/osd_rom/rtl/ipml_spram_v1_4_osd_rom.v(line number: 163)] System task enable $finish ignored for synthesis
W: Verilog-2008: [D:/PDS/PGL22G/CD_20210223/CD_20210223/demo/12_1_hdmi_test _char/source/example_ziguang/hdmi_test _char/ipcore/osd_rom/rtl/ipml_spram_v1_4_osd_rom.v(line number: 166)] System task enable $display ignored for synthesis
W: Verilog-2008: [D:/PDS/PGL22G/CD_20210223/CD_20210223/demo/12_1_hdmi_test _char/source/example_ziguang/hdmi_test _char/ipcore/osd_rom/rtl/ipml_spram_v1_4_osd_rom.v(line number: 167)] System task enable $finish ignored for synthesis
W: Verilog-2008: [D:/PDS/PGL22G/CD_20210223/CD_20210223/demo/12_1_hdmi_test _char/source/example_ziguang/hdmi_test _char/ipcore/osd_rom/rtl/ipml_spram_v1_4_osd_rom.v(line number: 170)] System task enable $display ignored for synthesis
W: Verilog-2008: [D:/PDS/PGL22G/CD_20210223/CD_20210223/demo/12_1_hdmi_test _char/source/example_ziguang/hdmi_test _char/ipcore/osd_rom/rtl/ipml_spram_v1_4_osd_rom.v(line number: 171)] System task enable $finish ignored for synthesis
W: Verilog-2008: [D:/PDS/PGL22G/CD_20210223/CD_20210223/demo/12_1_hdmi_test _char/source/example_ziguang/hdmi_test _char/ipcore/osd_rom/rtl/ipml_spram_v1_4_osd_rom.v(line number: 174)] System task enable $display ignored for synthesis
W: Verilog-2008: [D:/PDS/PGL22G/CD_20210223/CD_20210223/demo/12_1_hdmi_test _char/source/example_ziguang/hdmi_test _char/ipcore/osd_rom/rtl/ipml_spram_v1_4_osd_rom.v(line number: 175)] System task enable $finish ignored for synthesis
W: Verilog-2008: [D:/PDS/PGL22G/CD_20210223/CD_20210223/demo/12_1_hdmi_test _char/source/example_ziguang/hdmi_test _char/ipcore/osd_rom/rtl/ipml_spram_v1_4_osd_rom.v(line number: 178)] System task enable $display ignored for synthesis
W: Verilog-2008: [D:/PDS/PGL22G/CD_20210223/CD_20210223/demo/12_1_hdmi_test _char/source/example_ziguang/hdmi_test _char/ipcore/osd_rom/rtl/ipml_spram_v1_4_osd_rom.v(line number: 179)] System task enable $finish ignored for synthesis
W: Verilog-2008: [D:/PDS/PGL22G/CD_20210223/CD_20210223/demo/12_1_hdmi_test _char/source/example_ziguang/hdmi_test _char/ipcore/osd_rom/rtl/ipml_spram_v1_4_osd_rom.v(line number: 182)] System task enable $display ignored for synthesis
W: Verilog-2008: [D:/PDS/PGL22G/CD_20210223/CD_20210223/demo/12_1_hdmi_test _char/source/example_ziguang/hdmi_test _char/ipcore/osd_rom/rtl/ipml_spram_v1_4_osd_rom.v(line number: 183)] System task enable $finish ignored for synthesis
W: Verilog-2008: [D:/PDS/PGL22G/CD_20210223/CD_20210223/demo/12_1_hdmi_test _char/source/example_ziguang/hdmi_test _char/ipcore/osd_rom/rtl/ipml_spram_v1_4_osd_rom.v(line number: 186)] System task enable $display ignored for synthesis
W: Verilog-2008: [D:/PDS/PGL22G/CD_20210223/CD_20210223/demo/12_1_hdmi_test _char/source/example_ziguang/hdmi_test _char/ipcore/osd_rom/rtl/ipml_spram_v1_4_osd_rom.v(line number: 187)] System task enable $finish ignored for synthesis
W: Verilog-2008: [D:/PDS/PGL22G/CD_20210223/CD_20210223/demo/12_1_hdmi_test _char/source/example_ziguang/hdmi_test _char/ipcore/osd_rom/rtl/ipml_spram_v1_4_osd_rom.v(line number: 190)] System task enable $display ignored for synthesis
W: Verilog-2008: [D:/PDS/PGL22G/CD_20210223/CD_20210223/demo/12_1_hdmi_test _char/source/example_ziguang/hdmi_test _char/ipcore/osd_rom/rtl/ipml_spram_v1_4_osd_rom.v(line number: 191)] System task enable $finish ignored for synthesis
W: Verilog-2008: [D:/PDS/PGL22G/CD_20210223/CD_20210223/demo/12_1_hdmi_test _char/source/example_ziguang/hdmi_test _char/ipcore/osd_rom/rtl/ipml_spram_v1_4_osd_rom.v(line number: 194)] System task enable $display ignored for synthesis
W: Verilog-2008: [D:/PDS/PGL22G/CD_20210223/CD_20210223/demo/12_1_hdmi_test _char/source/example_ziguang/hdmi_test _char/ipcore/osd_rom/rtl/ipml_spram_v1_4_osd_rom.v(line number: 195)] System task enable $finish ignored for synthesis
W: Verilog-2008: [D:/PDS/PGL22G/CD_20210223/CD_20210223/demo/12_1_hdmi_test _char/source/example_ziguang/hdmi_test _char/ipcore/osd_rom/rtl/ipml_spram_v1_4_osd_rom.v(line number: 199)] System task enable $display ignored for synthesis
W: Verilog-2008: [D:/PDS/PGL22G/CD_20210223/CD_20210223/demo/12_1_hdmi_test _char/source/example_ziguang/hdmi_test _char/ipcore/osd_rom/rtl/ipml_spram_v1_4_osd_rom.v(line number: 200)] System task enable $finish ignored for synthesis
W: Verilog-2008: [D:/PDS/PGL22G/CD_20210223/CD_20210223/demo/12_1_hdmi_test _char/source/example_ziguang/hdmi_test _char/ipcore/osd_rom/rtl/ipml_spram_v1_4_osd_rom.v(line number: 203)] System task enable $display ignored for synthesis
W: Verilog-2008: [D:/PDS/PGL22G/CD_20210223/CD_20210223/demo/12_1_hdmi_test _char/source/example_ziguang/hdmi_test _char/ipcore/osd_rom/rtl/ipml_spram_v1_4_osd_rom.v(line number: 204)] System task enable $finish ignored for synthesis
W: Verilog-2008: [D:/PDS/PGL22G/CD_20210223/CD_20210223/demo/12_1_hdmi_test _char/source/example_ziguang/hdmi_test _char/ipcore/osd_rom/rtl/ipml_spram_v1_4_osd_rom.v(line number: 208)] System task enable $display ignored for synthesis
W: Verilog-2008: [D:/PDS/PGL22G/CD_20210223/CD_20210223/demo/12_1_hdmi_test _char/source/example_ziguang/hdmi_test _char/ipcore/osd_rom/rtl/ipml_spram_v1_4_osd_rom.v(line number: 209)] System task enable $finish ignored for synthesis
W: Verilog-2008: [D:/PDS/PGL22G/CD_20210223/CD_20210223/demo/12_1_hdmi_test _char/source/example_ziguang/hdmi_test _char/ipcore/osd_rom/rtl/ipml_spram_v1_4_osd_rom.v(line number: 216)] System task enable $display ignored for synthesis
W: Verilog-2008: [D:/PDS/PGL22G/CD_20210223/CD_20210223/demo/12_1_hdmi_test _char/source/example_ziguang/hdmi_test _char/ipcore/osd_rom/rtl/ipml_spram_v1_4_osd_rom.v(line number: 217)] System task enable $finish ignored for synthesis
W: Verilog-2010: [D:/PDS/PGL22G/CD_20210223/CD_20210223/demo/12_1_hdmi_test _char/source/example_ziguang/hdmi_test _char/ipcore/osd_rom/rtl/ipml_spram_v1_4_osd_rom.v(line number: 140)] Ignoring initial statements expect force and memory $readmemh/$readmemb initialization statements
Parsing done.
Executing : .rtl_analyze -include_path {{D:/PDS/PGL22G/CD_20210223/CD_20210223/demo/12_1_hdmi_test _char}} {D:/PDS/PGL22G/CD_20210223/CD_20210223/demo/12_1_hdmi_test _char/source/example_ziguang/hdmi_test _char/ipcore/osd_rom/rtl/ipml_spram_v1_4_osd_rom.v} successfully.
Start rtl-elaborate.
I: Module "top" is set as top module.
I: Verilog-0003: [D:/PDS/PGL22G/CD_20210223/CD_20210223/demo/12_1_hdmi_test _char/source/source/top.v(line number: 27)] Elaborating module top
I: Verilog-0003: [D:/PDS/PGL22G/PDS_win/PDS_2020.3/arch/vendor/pango/library/operator/gtp_lib.v(line number: 395)] Elaborating module GTP_CLKBUFG
I: Verilog-0003: [D:/PDS/PGL22G/CD_20210223/CD_20210223/demo/12_1_hdmi_test _char/source/source/color_bar.v(line number: 33)] Elaborating module color_bar
W: Verilog-2021: [D:/PDS/PGL22G/CD_20210223/CD_20210223/demo/12_1_hdmi_test _char/source/source/color_bar.v(line number: 175)] Net active_y in module color_bar does not have a driver, tie it to 0
I: Verilog-0003: [D:/PDS/PGL22G/CD_20210223/CD_20210223/demo/12_1_hdmi_test _char/ipcore/video_pll/video_pll.v(line number: 20)] Elaborating module video_pll
I: Verilog-0003: [D:/PDS/PGL22G/PDS_win/PDS_2020.3/arch/vendor/pango/library/operator/gtp_lib.v(line number: 19818)] Elaborating module GTP_PLL_E1
W: Verilog-2021: [D:/PDS/PGL22G/CD_20210223/CD_20210223/demo/12_1_hdmi_test _char/ipcore/video_pll/video_pll.v(line number: 120)] Net clkfb in module video_pll does not have a driver, tie it to 0
W: Verilog-2021: [D:/PDS/PGL22G/CD_20210223/CD_20210223/demo/12_1_hdmi_test _char/ipcore/video_pll/video_pll.v(line number: 123)] Net pfden in module video_pll does not have a driver, tie it to 0
W: Verilog-2021: [D:/PDS/PGL22G/CD_20210223/CD_20210223/demo/12_1_hdmi_test _char/ipcore/video_pll/video_pll.v(line number: 124)] Net clkout0_gate in module video_pll does not have a driver, tie it to 0
W: Verilog-2021: [D:/PDS/PGL22G/CD_20210223/CD_20210223/demo/12_1_hdmi_test _char/ipcore/video_pll/video_pll.v(line number: 125)] Net clkout0_2pad_gate in module video_pll does not have a driver, tie it to 0
W: Verilog-2021: [D:/PDS/PGL22G/CD_20210223/CD_20210223/demo/12_1_hdmi_test _char/ipcore/video_pll/video_pll.v(line number: 126)] Net clkout1_gate in module video_pll does not have a driver, tie it to 0
W: Verilog-2021: [D:/PDS/PGL22G/CD_20210223/CD_20210223/demo/12_1_hdmi_test _char/ipcore/video_pll/video_pll.v(line number: 127)] Net clkout2_gate in module video_pll does not have a driver, tie it to 0
W: Verilog-2021: [D:/PDS/PGL22G/CD_20210223/CD_20210223/demo/12_1_hdmi_test _char/ipcore/video_pll/video_pll.v(line number: 128)] Net clkout3_gate in module video_pll does not have a driver, tie it to 0
W: Verilog-2021: [D:/PDS/PGL22G/CD_20210223/CD_20210223/demo/12_1_hdmi_test _char/ipcore/video_pll/video_pll.v(line number: 129)] Net clkout4_gate in module video_pll does not have a driver, tie it to 0
W: Verilog-2021: [D:/PDS/PGL22G/CD_20210223/CD_20210223/demo/12_1_hdmi_test _char/ipcore/video_pll/video_pll.v(line number: 130)] Net clkout5_gate in module video_pll does not have a driver, tie it to 0
W: Verilog-2021: [D:/PDS/PGL22G/CD_20210223/CD_20210223/demo/12_1_hdmi_test _char/ipcore/video_pll/video_pll.v(line number: 131)] Net dyn_idiv in module video_pll does not have a driver, tie it to 0
W: Verilog-2021: [D:/PDS/PGL22G/CD_20210223/CD_20210223/demo/12_1_hdmi_test _char/ipcore/video_pll/video_pll.v(line number: 132)] Net dyn_odiv0 in module video_pll does not have a driver, tie it to 0
W: Verilog-2021: [D:/PDS/PGL22G/CD_20210223/CD_20210223/demo/12_1_hdmi_test _char/ipcore/video_pll/video_pll.v(line number: 133)] Net dyn_odiv1 in module video_pll does not have a driver, tie it to 0
W: Verilog-2021: [D:/PDS/PGL22G/CD_20210223/CD_20210223/demo/12_1_hdmi_test _char/ipcore/video_pll/video_pll.v(line number: 134)] Net dyn_odiv2 in module video_pll does not have a driver, tie it to 0
W: Verilog-2021: [D:/PDS/PGL22G/CD_20210223/CD_20210223/demo/12_1_hdmi_test _char/ipcore/video_pll/video_pll.v(line number: 135)] Net dyn_odiv3 in module video_pll does not have a driver, tie it to 0
W: Verilog-2021: [D:/PDS/PGL22G/CD_20210223/CD_20210223/demo/12_1_hdmi_test _char/ipcore/video_pll/video_pll.v(line number: 136)] Net dyn_odiv4 in module video_pll does not have a driver, tie it to 0
W: Verilog-2021: [D:/PDS/PGL22G/CD_20210223/CD_20210223/demo/12_1_hdmi_test _char/ipcore/video_pll/video_pll.v(line number: 137)] Net dyn_fdiv in module video_pll does not have a driver, tie it to 0
W: Verilog-2021: [D:/PDS/PGL22G/CD_20210223/CD_20210223/demo/12_1_hdmi_test _char/ipcore/video_pll/video_pll.v(line number: 138)] Net dyn_duty0 in module video_pll does not have a driver, tie it to 0
W: Verilog-2021: [D:/PDS/PGL22G/CD_20210223/CD_20210223/demo/12_1_hdmi_test _char/ipcore/video_pll/video_pll.v(line number: 139)] Net dyn_duty1 in module video_pll does not have a driver, tie it to 0
W: Verilog-2021: [D:/PDS/PGL22G/CD_20210223/CD_20210223/demo/12_1_hdmi_test _char/ipcore/video_pll/video_pll.v(line number: 140)] Net dyn_duty2 in module video_pll does not have a driver, tie it to 0
W: Verilog-2021: [D:/PDS/PGL22G/CD_20210223/CD_20210223/demo/12_1_hdmi_test _char/ipcore/video_pll/video_pll.v(line number: 141)] Net dyn_duty3 in module video_pll does not have a driver, tie it to 0
W: Verilog-2021: [D:/PDS/PGL22G/CD_20210223/CD_20210223/demo/12_1_hdmi_test _char/ipcore/video_pll/video_pll.v(line number: 142)] Net dyn_duty4 in module video_pll does not have a driver, tie it to 0
W: Verilog-2020: [D:/PDS/PGL22G/CD_20210223/CD_20210223/demo/12_1_hdmi_test _char/ipcore/video_pll/video_pll.v(line number: 143)] Net dyn_phase0[0] in module video_pll does not have a driver, tie it to 0
W: Verilog-2020: [D:/PDS/PGL22G/CD_20210223/CD_20210223/demo/12_1_hdmi_test _char/ipcore/video_pll/video_pll.v(line number: 143)] Net dyn_phase0[1] in module video_pll does not have a driver, tie it to 0
W: Verilog-2020: [D:/PDS/PGL22G/CD_20210223/CD_20210223/demo/12_1_hdmi_test _char/ipcore/video_pll/video_pll.v(line number: 143)] Net dyn_phase0[2] in module video_pll does not have a driver, tie it to 0
W: Verilog-2020: [D:/PDS/PGL22G/CD_20210223/CD_20210223/demo/12_1_hdmi_test _char/ipcore/video_pll/video_pll.v(line number: 143)] Net dyn_phase0[3] in module video_pll does not have a driver, tie it to 0
W: Verilog-2020: [D:/PDS/PGL22G/CD_20210223/CD_20210223/demo/12_1_hdmi_test _char/ipcore/video_pll/video_pll.v(line number: 143)] Net dyn_phase0[4] in module video_pll does not have a driver, tie it to 0
W: Verilog-2020: [D:/PDS/PGL22G/CD_20210223/CD_20210223/demo/12_1_hdmi_test _char/ipcore/video_pll/video_pll.v(line number: 143)] Net dyn_phase0[5] in module video_pll does not have a driver, tie it to 0
W: Verilog-2020: [D:/PDS/PGL22G/CD_20210223/CD_20210223/demo/12_1_hdmi_test _char/ipcore/video_pll/video_pll.v(line number: 143)] Net dyn_phase0[6] in module video_pll does not have a driver, tie it to 0
W: Verilog-2020: [D:/PDS/PGL22G/CD_20210223/CD_20210223/demo/12_1_hdmi_test _char/ipcore/video_pll/video_pll.v(line number: 143)] Net dyn_phase0[7] in module video_pll does not have a driver, tie it to 0
W: Verilog-2020: [D:/PDS/PGL22G/CD_20210223/CD_20210223/demo/12_1_hdmi_test _char/ipcore/video_pll/video_pll.v(line number: 143)] Net dyn_phase0[8] in module video_pll does not have a driver, tie it to 0
W: Verilog-2020: [D:/PDS/PGL22G/CD_20210223/CD_20210223/demo/12_1_hdmi_test _char/ipcore/video_pll/video_pll.v(line number: 143)] Net dyn_phase0[9] in module video_pll does not have a driver, tie it to 0
W: Verilog-2020: [D:/PDS/PGL22G/CD_20210223/CD_20210223/demo/12_1_hdmi_test _char/ipcore/video_pll/video_pll.v(line number: 143)] Net dyn_phase0[10] in module video_pll does not have a driver, tie it to 0
W: Verilog-2020: [D:/PDS/PGL22G/CD_20210223/CD_20210223/demo/12_1_hdmi_test _char/ipcore/video_pll/video_pll.v(line number: 143)] Net dyn_phase0[11] in module video_pll does not have a driver, tie it to 0
W: Verilog-2020: [D:/PDS/PGL22G/CD_20210223/CD_20210223/demo/12_1_hdmi_test _char/ipcore/video_pll/video_pll.v(line number: 143)] Net dyn_phase0[12] in module video_pll does not have a driver, tie it to 0
W: Verilog-2020: [D:/PDS/PGL22G/CD_20210223/CD_20210223/demo/12_1_hdmi_test _char/ipcore/video_pll/video_pll.v(line number: 144)] Net dyn_phase1[0] in module video_pll does not have a driver, tie it to 0
W: Verilog-2020: [D:/PDS/PGL22G/CD_20210223/CD_20210223/demo/12_1_hdmi_test _char/ipcore/video_pll/video_pll.v(line number: 144)] Net dyn_phase1[1] in module video_pll does not have a driver, tie it to 0
W: Verilog-2020: [D:/PDS/PGL22G/CD_20210223/CD_20210223/demo/12_1_hdmi_test _char/ipcore/video_pll/video_pll.v(line number: 144)] Net dyn_phase1[2] in module video_pll does not have a driver, tie it to 0
W: Verilog-2020: [D:/PDS/PGL22G/CD_20210223/CD_20210223/demo/12_1_hdmi_test _char/ipcore/video_pll/video_pll.v(line number: 144)] Net dyn_phase1[3] in module video_pll does not have a driver, tie it to 0
W: Verilog-2020: [D:/PDS/PGL22G/CD_20210223/CD_20210223/demo/12_1_hdmi_test _char/ipcore/video_pll/video_pll.v(line number: 144)] Net dyn_phase1[4] in module video_pll does not have a driver, tie it to 0
W: Verilog-2020: [D:/PDS/PGL22G/CD_20210223/CD_20210223/demo/12_1_hdmi_test _char/ipcore/video_pll/video_pll.v(line number: 144)] Net dyn_phase1[5] in module video_pll does not have a driver, tie it to 0
W: Verilog-2020: [D:/PDS/PGL22G/CD_20210223/CD_20210223/demo/12_1_hdmi_test _char/ipcore/video_pll/video_pll.v(line number: 144)] Net dyn_phase1[6] in module video_pll does not have a driver, tie it to 0
W: Verilog-2020: [D:/PDS/PGL22G/CD_20210223/CD_20210223/demo/12_1_hdmi_test _char/ipcore/video_pll/video_pll.v(line number: 144)] Net dyn_phase1[7] in module video_pll does not have a driver, tie it to 0
W: Verilog-2020: [D:/PDS/PGL22G/CD_20210223/CD_20210223/demo/12_1_hdmi_test _char/ipcore/video_pll/video_pll.v(line number: 144)] Net dyn_phase1[8] in module video_pll does not have a driver, tie it to 0
W: Verilog-2020: [D:/PDS/PGL22G/CD_20210223/CD_20210223/demo/12_1_hdmi_test _char/ipcore/video_pll/video_pll.v(line number: 144)] Net dyn_phase1[9] in module video_pll does not have a driver, tie it to 0
W: Verilog-2020: [D:/PDS/PGL22G/CD_20210223/CD_20210223/demo/12_1_hdmi_test _char/ipcore/video_pll/video_pll.v(line number: 144)] Net dyn_phase1[10] in module video_pll does not have a driver, tie it to 0
W: Verilog-2020: [D:/PDS/PGL22G/CD_20210223/CD_20210223/demo/12_1_hdmi_test _char/ipcore/video_pll/video_pll.v(line number: 144)] Net dyn_phase1[11] in module video_pll does not have a driver, tie it to 0
W: Verilog-2020: [D:/PDS/PGL22G/CD_20210223/CD_20210223/demo/12_1_hdmi_test _char/ipcore/video_pll/video_pll.v(line number: 144)] Net dyn_phase1[12] in module video_pll does not have a driver, tie it to 0
W: Verilog-2020: [D:/PDS/PGL22G/CD_20210223/CD_20210223/demo/12_1_hdmi_test _char/ipcore/video_pll/video_pll.v(line number: 145)] Net dyn_phase2[0] in module video_pll does not have a driver, tie it to 0
W: Verilog-2020: [D:/PDS/PGL22G/CD_20210223/CD_20210223/demo/12_1_hdmi_test _char/ipcore/video_pll/video_pll.v(line number: 145)] Net dyn_phase2[1] in module video_pll does not have a driver, tie it to 0
W: Verilog-2020: [D:/PDS/PGL22G/CD_20210223/CD_20210223/demo/12_1_hdmi_test _char/ipcore/video_pll/video_pll.v(line number: 145)] Net dyn_phase2[2] in module video_pll does not have a driver, tie it to 0
W: Verilog-2020: [D:/PDS/PGL22G/CD_20210223/CD_20210223/demo/12_1_hdmi_test _char/ipcore/video_pll/video_pll.v(line number: 145)] Net dyn_phase2[3] in module video_pll does not have a driver, tie it to 0
W: Verilog-2020: [D:/PDS/PGL22G/CD_20210223/CD_20210223/demo/12_1_hdmi_test _char/ipcore/video_pll/video_pll.v(line number: 145)] Net dyn_phase2[4] in module video_pll does not have a driver, tie it to 0
W: Verilog-2020: [D:/PDS/PGL22G/CD_20210223/CD_20210223/demo/12_1_hdmi_test _char/ipcore/video_pll/video_pll.v(line number: 145)] Net dyn_phase2[5] in module video_pll does not have a driver, tie it to 0
W: Verilog-2020: [D:/PDS/PGL22G/CD_20210223/CD_20210223/demo/12_1_hdmi_test _char/ipcore/video_pll/video_pll.v(line number: 145)] Net dyn_phase2[6] in module video_pll does not have a driver, tie it to 0
W: Verilog-2020: [D:/PDS/PGL22G/CD_20210223/CD_20210223/demo/12_1_hdmi_test _char/ipcore/video_pll/video_pll.v(line number: 145)] Net dyn_phase2[7] in module video_pll does not have a driver, tie it to 0
W: Verilog-2020: [D:/PDS/PGL22G/CD_20210223/CD_20210223/demo/12_1_hdmi_test _char/ipcore/video_pll/video_pll.v(line number: 145)] Net dyn_phase2[8] in module video_pll does not have a driver, tie it to 0
W: Verilog-2020: [D:/PDS/PGL22G/CD_20210223/CD_20210223/demo/12_1_hdmi_test _char/ipcore/video_pll/video_pll.v(line number: 145)] Net dyn_phase2[9] in module video_pll does not have a driver, tie it to 0
W: Verilog-2020: [D:/PDS/PGL22G/CD_20210223/CD_20210223/demo/12_1_hdmi_test _char/ipcore/video_pll/video_pll.v(line number: 145)] Net dyn_phase2[10] in module video_pll does not have a driver, tie it to 0
W: Verilog-2020: [D:/PDS/PGL22G/CD_20210223/CD_20210223/demo/12_1_hdmi_test _char/ipcore/video_pll/video_pll.v(line number: 145)] Net dyn_phase2[11] in module video_pll does not have a driver, tie it to 0
W: Verilog-2020: [D:/PDS/PGL22G/CD_20210223/CD_20210223/demo/12_1_hdmi_test _char/ipcore/video_pll/video_pll.v(line number: 145)] Net dyn_phase2[12] in module video_pll does not have a driver, tie it to 0
W: Verilog-2020: [D:/PDS/PGL22G/CD_20210223/CD_20210223/demo/12_1_hdmi_test _char/ipcore/video_pll/video_pll.v(line number: 146)] Net dyn_phase3[0] in module video_pll does not have a driver, tie it to 0
W: Verilog-2020: [D:/PDS/PGL22G/CD_20210223/CD_20210223/demo/12_1_hdmi_test _char/ipcore/video_pll/video_pll.v(line number: 146)] Net dyn_phase3[1] in module video_pll does not have a driver, tie it to 0
W: Verilog-2020: [D:/PDS/PGL22G/CD_20210223/CD_20210223/demo/12_1_hdmi_test _char/ipcore/video_pll/video_pll.v(line number: 146)] Net dyn_phase3[2] in module video_pll does not have a driver, tie it to 0
W: Verilog-2020: [D:/PDS/PGL22G/CD_20210223/CD_20210223/demo/12_1_hdmi_test _char/ipcore/video_pll/video_pll.v(line number: 146)] Net dyn_phase3[3] in module video_pll does not have a driver, tie it to 0
W: Verilog-2020: [D:/PDS/PGL22G/CD_20210223/CD_20210223/demo/12_1_hdmi_test _char/ipcore/video_pll/video_pll.v(line number: 146)] Net dyn_phase3[4] in module video_pll does not have a driver, tie it to 0
W: Verilog-2020: [D:/PDS/PGL22G/CD_20210223/CD_20210223/demo/12_1_hdmi_test _char/ipcore/video_pll/video_pll.v(line number: 146)] Net dyn_phase3[5] in module video_pll does not have a driver, tie it to 0
W: Verilog-2020: [D:/PDS/PGL22G/CD_20210223/CD_20210223/demo/12_1_hdmi_test _char/ipcore/video_pll/video_pll.v(line number: 146)] Net dyn_phase3[6] in module video_pll does not have a driver, tie it to 0
W: Verilog-2020: [D:/PDS/PGL22G/CD_20210223/CD_20210223/demo/12_1_hdmi_test _char/ipcore/video_pll/video_pll.v(line number: 146)] Net dyn_phase3[7] in module video_pll does not have a driver, tie it to 0
W: Verilog-2020: [D:/PDS/PGL22G/CD_20210223/CD_20210223/demo/12_1_hdmi_test _char/ipcore/video_pll/video_pll.v(line number: 146)] Net dyn_phase3[8] in module video_pll does not have a driver, tie it to 0
W: Verilog-2020: [D:/PDS/PGL22G/CD_20210223/CD_20210223/demo/12_1_hdmi_test _char/ipcore/video_pll/video_pll.v(line number: 146)] Net dyn_phase3[9] in module video_pll does not have a driver, tie it to 0
W: Verilog-2020: [D:/PDS/PGL22G/CD_20210223/CD_20210223/demo/12_1_hdmi_test _char/ipcore/video_pll/video_pll.v(line number: 146)] Net dyn_phase3[10] in module video_pll does not have a driver, tie it to 0
W: Verilog-2020: [D:/PDS/PGL22G/CD_20210223/CD_20210223/demo/12_1_hdmi_test _char/ipcore/video_pll/video_pll.v(line number: 146)] Net dyn_phase3[11] in module video_pll does not have a driver, tie it to 0
W: Verilog-2020: [D:/PDS/PGL22G/CD_20210223/CD_20210223/demo/12_1_hdmi_test _char/ipcore/video_pll/video_pll.v(line number: 146)] Net dyn_phase3[12] in module video_pll does not have a driver, tie it to 0
W: Verilog-2020: [D:/PDS/PGL22G/CD_20210223/CD_20210223/demo/12_1_hdmi_test _char/ipcore/video_pll/video_pll.v(line number: 147)] Net dyn_phase4[0] in module video_pll does not have a driver, tie it to 0
W: Verilog-2020: [D:/PDS/PGL22G/CD_20210223/CD_20210223/demo/12_1_hdmi_test _char/ipcore/video_pll/video_pll.v(line number: 147)] Net dyn_phase4[1] in module video_pll does not have a driver, tie it to 0
W: Verilog-2020: [D:/PDS/PGL22G/CD_20210223/CD_20210223/demo/12_1_hdmi_test _char/ipcore/video_pll/video_pll.v(line number: 147)] Net dyn_phase4[2] in module video_pll does not have a driver, tie it to 0
W: Verilog-2020: [D:/PDS/PGL22G/CD_20210223/CD_20210223/demo/12_1_hdmi_test _char/ipcore/video_pll/video_pll.v(line number: 147)] Net dyn_phase4[3] in module video_pll does not have a driver, tie it to 0
W: Verilog-2020: [D:/PDS/PGL22G/CD_20210223/CD_20210223/demo/12_1_hdmi_test _char/ipcore/video_pll/video_pll.v(line number: 147)] Net dyn_phase4[4] in module video_pll does not have a driver, tie it to 0
W: Verilog-2020: [D:/PDS/PGL22G/CD_20210223/CD_20210223/demo/12_1_hdmi_test _char/ipcore/video_pll/video_pll.v(line number: 147)] Net dyn_phase4[5] in module video_pll does not have a driver, tie it to 0
W: Verilog-2020: [D:/PDS/PGL22G/CD_20210223/CD_20210223/demo/12_1_hdmi_test _char/ipcore/video_pll/video_pll.v(line number: 147)] Net dyn_phase4[6] in module video_pll does not have a driver, tie it to 0
W: Verilog-2020: [D:/PDS/PGL22G/CD_20210223/CD_20210223/demo/12_1_hdmi_test _char/ipcore/video_pll/video_pll.v(line number: 147)] Net dyn_phase4[7] in module video_pll does not have a driver, tie it to 0
W: Verilog-2020: [D:/PDS/PGL22G/CD_20210223/CD_20210223/demo/12_1_hdmi_test _char/ipcore/video_pll/video_pll.v(line number: 147)] Net dyn_phase4[8] in module video_pll does not have a driver, tie it to 0
W: Verilog-2020: [D:/PDS/PGL22G/CD_20210223/CD_20210223/demo/12_1_hdmi_test _char/ipcore/video_pll/video_pll.v(line number: 147)] Net dyn_phase4[9] in module video_pll does not have a driver, tie it to 0
W: Verilog-2020: [D:/PDS/PGL22G/CD_20210223/CD_20210223/demo/12_1_hdmi_test _char/ipcore/video_pll/video_pll.v(line number: 147)] Net dyn_phase4[10] in module video_pll does not have a driver, tie it to 0
W: Verilog-2020: [D:/PDS/PGL22G/CD_20210223/CD_20210223/demo/12_1_hdmi_test _char/ipcore/video_pll/video_pll.v(line number: 147)] Net dyn_phase4[11] in module video_pll does not have a driver, tie it to 0
W: Verilog-2020: [D:/PDS/PGL22G/CD_20210223/CD_20210223/demo/12_1_hdmi_test _char/ipcore/video_pll/video_pll.v(line number: 147)] Net dyn_phase4[12] in module video_pll does not have a driver, tie it to 0
W: Verilog-2021: [D:/PDS/PGL22G/CD_20210223/CD_20210223/demo/12_1_hdmi_test _char/ipcore/video_pll/video_pll.v(line number: 151)] Net icp_base in module video_pll does not have a driver, tie it to 0
W: Verilog-2021: [D:/PDS/PGL22G/CD_20210223/CD_20210223/demo/12_1_hdmi_test _char/ipcore/video_pll/video_pll.v(line number: 152)] Net icp_sel in module video_pll does not have a driver, tie it to 0
W: Verilog-2021: [D:/PDS/PGL22G/CD_20210223/CD_20210223/demo/12_1_hdmi_test _char/ipcore/video_pll/video_pll.v(line number: 153)] Net lpfres_sel in module video_pll does not have a driver, tie it to 0
W: Verilog-2021: [D:/PDS/PGL22G/CD_20210223/CD_20210223/demo/12_1_hdmi_test _char/ipcore/video_pll/video_pll.v(line number: 154)] Net cripple_sel in module video_pll does not have a driver, tie it to 0
W: Verilog-2021: [D:/PDS/PGL22G/CD_20210223/CD_20210223/demo/12_1_hdmi_test _char/ipcore/video_pll/video_pll.v(line number: 155)] Net phase_sel in module video_pll does not have a driver, tie it to 0
W: Verilog-2021: [D:/PDS/PGL22G/CD_20210223/CD_20210223/demo/12_1_hdmi_test _char/ipcore/video_pll/video_pll.v(line number: 156)] Net phase_dir in module video_pll does not have a driver, tie it to 0
W: Verilog-2021: [D:/PDS/PGL22G/CD_20210223/CD_20210223/demo/12_1_hdmi_test _char/ipcore/video_pll/video_pll.v(line number: 157)] Net phase_step_n in module video_pll does not have a driver, tie it to 0
W: Verilog-2021: [D:/PDS/PGL22G/CD_20210223/CD_20210223/demo/12_1_hdmi_test _char/ipcore/video_pll/video_pll.v(line number: 158)] Net load_phase in module video_pll does not have a driver, tie it to 0
W: Verilog-2021: [D:/PDS/PGL22G/CD_20210223/CD_20210223/demo/12_1_hdmi_test _char/ipcore/video_pll/video_pll.v(line number: 159)] Net dyn_mdiv in module video_pll does not have a driver, tie it to 0
I: Verilog-0003: [D:/PDS/PGL22G/CD_20210223/CD_20210223/demo/12_1_hdmi_test _char/source/dvi_tx/dvi_encoder.v(line number: 2)] Elaborating module dvi_encoder
I: Verilog-0003: [D:/PDS/PGL22G/CD_20210223/CD_20210223/demo/12_1_hdmi_test _char/source/dvi_tx/encode.v(line number: 46)] Elaborating module encode
I: Verilog-0003: [D:/PDS/PGL22G/CD_20210223/CD_20210223/demo/12_1_hdmi_test _char/source/dvi_tx/encode.v(line number: 46)] Elaborating module encode
I: Verilog-0003: [D:/PDS/PGL22G/CD_20210223/CD_20210223/demo/12_1_hdmi_test _char/source/dvi_tx/encode.v(line number: 46)] Elaborating module encode
I: Verilog-0003: [D:/PDS/PGL22G/CD_20210223/CD_20210223/demo/12_1_hdmi_test _char/source/dvi_tx/serdes_4b_10to1.v(line number: 3)] Elaborating module serdes_4b_10to1
I: Verilog-0003: [D:/PDS/PGL22G/PDS_win/PDS_2020.3/arch/vendor/pango/library/operator/gtp_lib.v(line number: 18517)] Elaborating module GTP_OSERDES
I: Verilog-0003: [D:/PDS/PGL22G/PDS_win/PDS_2020.3/arch/vendor/pango/library/operator/gtp_lib.v(line number: 18630)] Elaborating module GTP_OUTBUFT
I: Verilog-0003: [D:/PDS/PGL22G/CD_20210223/CD_20210223/demo/12_1_hdmi_test _char/source/source/uart_recv.v(line number: 1)] Elaborating module uart_recv
I: Verilog-0003: [D:/PDS/PGL22G/CD_20210223/CD_20210223/demo/12_1_hdmi_test _char/source/src/osd_display.v(line number: 29)] Elaborating module osd_display
I: Verilog-0003: [D:/PDS/PGL22G/CD_20210223/CD_20210223/demo/12_1_hdmi_test _char/source/example_ziguang/hdmi_test _char/ipcore/osd_rom/osd_rom.v(line number: 18)] Elaborating module osd_rom
I: Verilog-0003: [D:/PDS/PGL22G/CD_20210223/CD_20210223/demo/12_1_hdmi_test _char/source/example_ziguang/hdmi_test _char/ipcore/osd_rom/rtl/ipml_rom_v1_4_osd_rom.v(line number: 20)] Elaborating module ipml_rom_v1_4_osd_rom
I: Verilog-0003: [D:/PDS/PGL22G/CD_20210223/CD_20210223/demo/12_1_hdmi_test _char/source/example_ziguang/hdmi_test _char/ipcore/osd_rom/rtl/ipml_spram_v1_4_osd_rom.v(line number: 19)] Elaborating module ipml_spram_v1_4_osd_rom
W: Verilog-2039: [D:/PDS/PGL22G/CD_20210223/CD_20210223/demo/12_1_hdmi_test _char/source/example_ziguang/hdmi_test _char/ipcore/osd_rom/rtl/ipml_spram_v1_4_osd_rom.v(line number: 257)] Repeat multiplier in concatenation evaluates to 0
W: Verilog-2039: [D:/PDS/PGL22G/CD_20210223/CD_20210223/demo/12_1_hdmi_test _char/source/example_ziguang/hdmi_test _char/ipcore/osd_rom/rtl/ipml_spram_v1_4_osd_rom.v(line number: 259)] Repeat multiplier in concatenation evaluates to 0
W: Verilog-2038: [D:/PDS/PGL22G/CD_20210223/CD_20210223/demo/12_1_hdmi_test _char/source/example_ziguang/hdmi_test _char/ipcore/osd_rom/rtl/ipml_spram_v1_4_osd_rom.v(line number: 268)] Case condition never applies
W: Verilog-2038: [D:/PDS/PGL22G/CD_20210223/CD_20210223/demo/12_1_hdmi_test _char/source/example_ziguang/hdmi_test _char/ipcore/osd_rom/rtl/ipml_spram_v1_4_osd_rom.v(line number: 272)] Case condition never applies
W: Verilog-2038: [D:/PDS/PGL22G/CD_20210223/CD_20210223/demo/12_1_hdmi_test _char/source/example_ziguang/hdmi_test _char/ipcore/osd_rom/rtl/ipml_spram_v1_4_osd_rom.v(line number: 276)] Case condition never applies
I: Verilog-0003: [D:/PDS/PGL22G/PDS_win/PDS_2020.3/arch/vendor/pango/library/operator/gtp_lib.v(line number: 1954)] Elaborating module GTP_DRM18K
W: Verilog-2021: [D:/PDS/PGL22G/CD_20210223/CD_20210223/demo/12_1_hdmi_test _char/source/example_ziguang/hdmi_test _char/ipcore/osd_rom/rtl/ipml_spram_v1_4_osd_rom.v(line number: 251)] Net cs2_ctrl in module ipml_spram_v1_4_osd_rom does not have a driver, tie it to 0
W: Verilog-2020: [D:/PDS/PGL22G/CD_20210223/CD_20210223/demo/12_1_hdmi_test _char/source/example_ziguang/hdmi_test _char/ipcore/osd_rom/rtl/ipml_spram_v1_4_osd_rom.v(line number: 425)] Net DA_bus[8] in module ipml_spram_v1_4_osd_rom does not have a driver, tie it to 0
W: Verilog-2020: [D:/PDS/PGL22G/CD_20210223/CD_20210223/demo/12_1_hdmi_test _char/source/example_ziguang/hdmi_test _char/ipcore/osd_rom/rtl/ipml_spram_v1_4_osd_rom.v(line number: 425)] Net DA_bus[9] in module ipml_spram_v1_4_osd_rom does not have a driver, tie it to 0
W: Verilog-2020: [D:/PDS/PGL22G/CD_20210223/CD_20210223/demo/12_1_hdmi_test _char/source/example_ziguang/hdmi_test _char/ipcore/osd_rom/rtl/ipml_spram_v1_4_osd_rom.v(line number: 425)] Net DA_bus[10] in module ipml_spram_v1_4_osd_rom does not have a driver, tie it to 0
W: Verilog-2020: [D:/PDS/PGL22G/CD_20210223/CD_20210223/demo/12_1_hdmi_test _char/source/example_ziguang/hdmi_test _char/ipcore/osd_rom/rtl/ipml_spram_v1_4_osd_rom.v(line number: 425)] Net DA_bus[11] in module ipml_spram_v1_4_osd_rom does not have a driver, tie it to 0
W: Verilog-2020: [D:/PDS/PGL22G/CD_20210223/CD_20210223/demo/12_1_hdmi_test _char/source/example_ziguang/hdmi_test _char/ipcore/osd_rom/rtl/ipml_spram_v1_4_osd_rom.v(line number: 425)] Net DA_bus[12] in module ipml_spram_v1_4_osd_rom does not have a driver, tie it to 0
W: Verilog-2020: [D:/PDS/PGL22G/CD_20210223/CD_20210223/demo/12_1_hdmi_test _char/source/example_ziguang/hdmi_test _char/ipcore/osd_rom/rtl/ipml_spram_v1_4_osd_rom.v(line number: 425)] Net DA_bus[13] in module ipml_spram_v1_4_osd_rom does not have a driver, tie it to 0
W: Verilog-2020: [D:/PDS/PGL22G/CD_20210223/CD_20210223/demo/12_1_hdmi_test _char/source/example_ziguang/hdmi_test _char/ipcore/osd_rom/rtl/ipml_spram_v1_4_osd_rom.v(line number: 425)] Net DA_bus[14] in module ipml_spram_v1_4_osd_rom does not have a driver, tie it to 0
W: Verilog-2020: [D:/PDS/PGL22G/CD_20210223/CD_20210223/demo/12_1_hdmi_test _char/source/example_ziguang/hdmi_test _char/ipcore/osd_rom/rtl/ipml_spram_v1_4_osd_rom.v(line number: 425)] Net DA_bus[15] in module ipml_spram_v1_4_osd_rom does not have a driver, tie it to 0
W: Verilog-2020: [D:/PDS/PGL22G/CD_20210223/CD_20210223/demo/12_1_hdmi_test _char/source/example_ziguang/hdmi_test _char/ipcore/osd_rom/rtl/ipml_spram_v1_4_osd_rom.v(line number: 425)] Net DA_bus[16] in module ipml_spram_v1_4_osd_rom does not have a driver, tie it to 0
W: Verilog-2020: [D:/PDS/PGL22G/CD_20210223/CD_20210223/demo/12_1_hdmi_test _char/source/example_ziguang/hdmi_test _char/ipcore/osd_rom/rtl/ipml_spram_v1_4_osd_rom.v(line number: 425)] Net DA_bus[17] in module ipml_spram_v1_4_osd_rom does not have a driver, tie it to 0
W: Verilog-2020: [D:/PDS/PGL22G/CD_20210223/CD_20210223/demo/12_1_hdmi_test _char/source/example_ziguang/hdmi_test _char/ipcore/osd_rom/rtl/ipml_spram_v1_4_osd_rom.v(line number: 426)] Net DB_bus[8] in module ipml_spram_v1_4_osd_rom does not have a driver, tie it to 0
W: Verilog-2020: [D:/PDS/PGL22G/CD_20210223/CD_20210223/demo/12_1_hdmi_test _char/source/example_ziguang/hdmi_test _char/ipcore/osd_rom/rtl/ipml_spram_v1_4_osd_rom.v(line number: 426)] Net DB_bus[9] in module ipml_spram_v1_4_osd_rom does not have a driver, tie it to 0
W: Verilog-2020: [D:/PDS/PGL22G/CD_20210223/CD_20210223/demo/12_1_hdmi_test _char/source/example_ziguang/hdmi_test _char/ipcore/osd_rom/rtl/ipml_spram_v1_4_osd_rom.v(line number: 426)] Net DB_bus[10] in module ipml_spram_v1_4_osd_rom does not have a driver, tie it to 0
W: Verilog-2020: [D:/PDS/PGL22G/CD_20210223/CD_20210223/demo/12_1_hdmi_test _char/source/example_ziguang/hdmi_test _char/ipcore/osd_rom/rtl/ipml_spram_v1_4_osd_rom.v(line number: 426)] Net DB_bus[11] in module ipml_spram_v1_4_osd_rom does not have a driver, tie it to 0
W: Verilog-2020: [D:/PDS/PGL22G/CD_20210223/CD_20210223/demo/12_1_hdmi_test _char/source/example_ziguang/hdmi_test _char/ipcore/osd_rom/rtl/ipml_spram_v1_4_osd_rom.v(line number: 426)] Net DB_bus[12] in module ipml_spram_v1_4_osd_rom does not have a driver, tie it to 0
W: Verilog-2020: [D:/PDS/PGL22G/CD_20210223/CD_20210223/demo/12_1_hdmi_test _char/source/example_ziguang/hdmi_test _char/ipcore/osd_rom/rtl/ipml_spram_v1_4_osd_rom.v(line number: 426)] Net DB_bus[13] in module ipml_spram_v1_4_osd_rom does not have a driver, tie it to 0
W: Verilog-2020: [D:/PDS/PGL22G/CD_20210223/CD_20210223/demo/12_1_hdmi_test _char/source/example_ziguang/hdmi_test _char/ipcore/osd_rom/rtl/ipml_spram_v1_4_osd_rom.v(line number: 426)] Net DB_bus[14] in module ipml_spram_v1_4_osd_rom does not have a driver, tie it to 0
W: Verilog-2020: [D:/PDS/PGL22G/CD_20210223/CD_20210223/demo/12_1_hdmi_test _char/source/example_ziguang/hdmi_test _char/ipcore/osd_rom/rtl/ipml_spram_v1_4_osd_rom.v(line number: 426)] Net DB_bus[15] in module ipml_spram_v1_4_osd_rom does not have a driver, tie it to 0
W: Verilog-2020: [D:/PDS/PGL22G/CD_20210223/CD_20210223/demo/12_1_hdmi_test _char/source/example_ziguang/hdmi_test _char/ipcore/osd_rom/rtl/ipml_spram_v1_4_osd_rom.v(line number: 426)] Net DB_bus[16] in module ipml_spram_v1_4_osd_rom does not have a driver, tie it to 0
W: Verilog-2020: [D:/PDS/PGL22G/CD_20210223/CD_20210223/demo/12_1_hdmi_test _char/source/example_ziguang/hdmi_test _char/ipcore/osd_rom/rtl/ipml_spram_v1_4_osd_rom.v(line number: 426)] Net DB_bus[17] in module ipml_spram_v1_4_osd_rom does not have a driver, tie it to 0
W: Verilog-2021: [D:/PDS/PGL22G/CD_20210223/CD_20210223/demo/12_1_hdmi_test _char/source/example_ziguang/hdmi_test _char/ipcore/osd_rom/rtl/ipml_spram_v1_4_osd_rom.v(line number: 662)] Net n in module ipml_spram_v1_4_osd_rom does not have a driver, tie it to 0
W: Verilog-2023: [D:/PDS/PGL22G/CD_20210223/CD_20210223/demo/12_1_hdmi_test _char/source/example_ziguang/hdmi_test _char/ipcore/osd_rom/rtl/ipml_rom_v1_4_osd_rom.v(line number: 71)] Give initial value 0 for the no drive pin wr_data in module instance
W: Verilog-2023: [D:/PDS/PGL22G/CD_20210223/CD_20210223/demo/12_1_hdmi_test _char/source/example_ziguang/hdmi_test _char/ipcore/osd_rom/rtl/ipml_rom_v1_4_osd_rom.v(line number: 71)] Give initial value 0 for the no drive pin wr_byte_en in module instance
W: Verilog-2021: [D:/PDS/PGL22G/CD_20210223/CD_20210223/demo/12_1_hdmi_test _char/source/example_ziguang/hdmi_test _char/ipcore/osd_rom/osd_rom.v(line number: 70)] Net clk_en in module osd_rom does not have a driver, tie it to 0
W: Verilog-2021: [D:/PDS/PGL22G/CD_20210223/CD_20210223/demo/12_1_hdmi_test _char/source/example_ziguang/hdmi_test _char/ipcore/osd_rom/osd_rom.v(line number: 71)] Net addr_strobe in module osd_rom does not have a driver, tie it to 0
W: Verilog-2021: [D:/PDS/PGL22G/CD_20210223/CD_20210223/demo/12_1_hdmi_test _char/source/example_ziguang/hdmi_test _char/ipcore/osd_rom/osd_rom.v(line number: 73)] Net rd_oce in module osd_rom does not have a driver, tie it to 0
W: Verilog-2019: [D:/PDS/PGL22G/CD_20210223/CD_20210223/demo/12_1_hdmi_test _char/source/src/osd_display.v(line number: 126)] Width mismatch between port addr and signal bound to it for instantiated module osd_rom
I: Verilog-0003: [D:/PDS/PGL22G/CD_20210223/CD_20210223/demo/12_1_hdmi_test _char/source/src/timing_gen_xy.v(line number: 29)] Elaborating module timing_gen_xy
W: Verilog-2021: [D:/PDS/PGL22G/CD_20210223/CD_20210223/demo/12_1_hdmi_test _char/source/src/osd_display.v(line number: 57)] Net osd_y in module osd_display does not have a driver, tie it to 0
I: Verilog-0003: [D:/PDS/PGL22G/CD_20210223/CD_20210223/demo/12_1_hdmi_test _char/source/source/average.v(line number: 1)] Elaborating module average
I: Verilog-0003: [D:/PDS/PGL22G/CD_20210223/CD_20210223/demo/12_1_hdmi_test _char/source/source/RGB_Control1.v(line number: 1)] Elaborating module RGB_Control1
W: Verilog-2019: [D:/PDS/PGL22G/CD_20210223/CD_20210223/demo/12_1_hdmi_test _char/source/source/top.v(line number: 176)] Width mismatch between port RGB and signal bound to it for instantiated module RGB_Control1
I: Verilog-0003: [D:/PDS/PGL22G/CD_20210223/CD_20210223/demo/12_1_hdmi_test _char/source/source/RZ_Code.v(line number: 4)] Elaborating module RZ_Code
W: Verilog-2019: [D:/PDS/PGL22G/CD_20210223/CD_20210223/demo/12_1_hdmi_test _char/source/source/top.v(line number: 185)] Width mismatch between port RGB and signal bound to it for instantiated module RZ_Code
W: Verilog-2023: [D:/PDS/PGL22G/CD_20210223/CD_20210223/demo/12_1_hdmi_test _char/source/source/top.v(line number: 149)] Give initial value 0 for the no drive pin wave_color in module instance
W: Verilog-2023: [D:/PDS/PGL22G/CD_20210223/CD_20210223/demo/12_1_hdmi_test _char/source/source/top.v(line number: 149)] Give initial value 0 for the no drive pin adc_clk in module instance
W: Verilog-2023: [D:/PDS/PGL22G/CD_20210223/CD_20210223/demo/12_1_hdmi_test _char/source/source/top.v(line number: 149)] Give initial value 0 for the no drive pin adc_buf_wr in module instance
W: Verilog-2023: [D:/PDS/PGL22G/CD_20210223/CD_20210223/demo/12_1_hdmi_test _char/source/source/top.v(line number: 149)] Give initial value 0 for the no drive pin adc_buf_addr in module instance
W: Verilog-2023: [D:/PDS/PGL22G/CD_20210223/CD_20210223/demo/12_1_hdmi_test _char/source/source/top.v(line number: 149)] Give initial value 0 for the no drive pin adc_buf_data in module instance
W: Verilog-2036: [D:/PDS/PGL22G/CD_20210223/CD_20210223/demo/12_1_hdmi_test _char/source/source/top.v(line number: 162)] Net pixel_xpos_w connected to input port of module instance has no driver, tie it to 0
W: Verilog-2036: [D:/PDS/PGL22G/CD_20210223/CD_20210223/demo/12_1_hdmi_test _char/source/source/top.v(line number: 162)] Net pixel_ypos_w connected to input port of module instance has no driver, tie it to 0
W: Verilog-2021: [D:/PDS/PGL22G/CD_20210223/CD_20210223/demo/12_1_hdmi_test _char/source/source/top.v(line number: 44)] Net uart_recv_data in module top does not have a driver, tie it to 0
W: Verilog-2021: [D:/PDS/PGL22G/CD_20210223/CD_20210223/demo/12_1_hdmi_test _char/source/source/top.v(line number: 45)] Net uart_send_en in module top does not have a driver, tie it to 0
W: Verilog-2021: [D:/PDS/PGL22G/CD_20210223/CD_20210223/demo/12_1_hdmi_test _char/source/source/top.v(line number: 46)] Net uart_send_data in module top does not have a driver, tie it to 0
W: Verilog-2021: [D:/PDS/PGL22G/CD_20210223/CD_20210223/demo/12_1_hdmi_test _char/source/source/top.v(line number: 47)] Net uart_tx_busy in module top does not have a driver, tie it to 0
Executing : rtl-elaborate successfully.
Start rtl-prep.
Executing : rtl-prep successfully.
Start rtl-infer.
W: Sdm-2003: [D:/PDS/PGL22G/CD_20210223/CD_20210223/demo/12_1_hdmi_test _char/source/source/average.v(line number: 37)] The net 'accumulator[60]' in top.u_average is un-driven.
W: Sdm-2003: [D:/PDS/PGL22G/CD_20210223/CD_20210223/demo/12_1_hdmi_test _char/source/source/average.v(line number: 37)] The net 'a_framebuffer[23]' in top.u_average is un-driven.
W: Sdm-2003: [D:/PDS/PGL22G/CD_20210223/CD_20210223/demo/12_1_hdmi_test _char/source/source/average.v(line number: 37)] The net 'a_framebuffer[47]' in top.u_average is un-driven.
W: Sdm-2003: [D:/PDS/PGL22G/CD_20210223/CD_20210223/demo/12_1_hdmi_test _char/source/source/average.v(line number: 37)] The net 'a_framebuffer[71]' in top.u_average is un-driven.
W: Sdm-2003: [D:/PDS/PGL22G/CD_20210223/CD_20210223/demo/12_1_hdmi_test _char/source/source/average.v(line number: 37)] The net 'a_framebuffer[95]' in top.u_average is un-driven.
W: Sdm-2003: [D:/PDS/PGL22G/CD_20210223/CD_20210223/demo/12_1_hdmi_test _char/source/source/average.v(line number: 37)] The net 'a_framebuffer[119]' in top.u_average is un-driven.
W: Sdm-2003: [D:/PDS/PGL22G/CD_20210223/CD_20210223/demo/12_1_hdmi_test _char/source/source/average.v(line number: 37)] The net 'a_framebuffer[143]' in top.u_average is un-driven.
W: Sdm-2003: [D:/PDS/PGL22G/CD_20210223/CD_20210223/demo/12_1_hdmi_test _char/source/source/average.v(line number: 37)] The net 'a_framebuffer[167]' in top.u_average is un-driven.
W: Sdm-2003: [D:/PDS/PGL22G/CD_20210223/CD_20210223/demo/12_1_hdmi_test _char/source/source/average.v(line number: 37)] The net 'a_framebuffer[191]' in top.u_average is un-driven.
W: Sdm-2003: [D:/PDS/PGL22G/CD_20210223/CD_20210223/demo/12_1_hdmi_test _char/source/source/average.v(line number: 37)] The net 'a_framebuffer[215]' in top.u_average is un-driven.
W: Sdm-2003: [D:/PDS/PGL22G/CD_20210223/CD_20210223/demo/12_1_hdmi_test _char/source/source/average.v(line number: 37)] The net 'a_framebuffer[239]' in top.u_average is un-driven.
W: Sdm-2003: [D:/PDS/PGL22G/CD_20210223/CD_20210223/demo/12_1_hdmi_test _char/source/source/average.v(line number: 37)] The net 'a_framebuffer[263]' in top.u_average is un-driven.
W: Sdm-2003: [D:/PDS/PGL22G/CD_20210223/CD_20210223/demo/12_1_hdmi_test _char/source/source/average.v(line number: 37)] The net 'a_framebuffer[287]' in top.u_average is un-driven.
W: Sdm-2003: [D:/PDS/PGL22G/CD_20210223/CD_20210223/demo/12_1_hdmi_test _char/source/source/average.v(line number: 37)] The net 'a_framebuffer[311]' in top.u_average is un-driven.
W: Sdm-2003: [D:/PDS/PGL22G/CD_20210223/CD_20210223/demo/12_1_hdmi_test _char/source/source/average.v(line number: 37)] The net 'a_framebuffer[335]' in top.u_average is un-driven.
W: Sdm-2003: [D:/PDS/PGL22G/CD_20210223/CD_20210223/demo/12_1_hdmi_test _char/source/source/average.v(line number: 37)] The net 'a_framebuffer[359]' in top.u_average is un-driven.
W: Sdm-2003: [D:/PDS/PGL22G/CD_20210223/CD_20210223/demo/12_1_hdmi_test _char/source/source/average.v(line number: 37)] The net 'a_framebuffer[383]' in top.u_average is un-driven.
W: Sdm-2003: [D:/PDS/PGL22G/CD_20210223/CD_20210223/demo/12_1_hdmi_test _char/source/source/average.v(line number: 37)] The net 'a_framebuffer[407]' in top.u_average is un-driven.
W: Sdm-2003: [D:/PDS/PGL22G/CD_20210223/CD_20210223/demo/12_1_hdmi_test _char/source/source/average.v(line number: 37)] The net 'a_framebuffer[431]' in top.u_average is un-driven.
W: Sdm-2003: [D:/PDS/PGL22G/CD_20210223/CD_20210223/demo/12_1_hdmi_test _char/source/source/average.v(line number: 37)] The net 'a_framebuffer[455]' in top.u_average is un-driven.
W: Sdm-2003: [D:/PDS/PGL22G/CD_20210223/CD_20210223/demo/12_1_hdmi_test _char/source/source/average.v(line number: 37)] The net 'a_framebuffer[479]' in top.u_average is un-driven.
W: Sdm-2003: [D:/PDS/PGL22G/CD_20210223/CD_20210223/demo/12_1_hdmi_test _char/source/source/average.v(line number: 37)] The net 'a_framebuffer[503]' in top.u_average is un-driven.
W: Sdm-2003: [D:/PDS/PGL22G/CD_20210223/CD_20210223/demo/12_1_hdmi_test _char/source/source/average.v(line number: 37)] The net 'a_framebuffer[527]' in top.u_average is un-driven.
W: Sdm-2003: [D:/PDS/PGL22G/CD_20210223/CD_20210223/demo/12_1_hdmi_test _char/source/source/average.v(line number: 37)] The net 'a_framebuffer[551]' in top.u_average is un-driven.
W: Sdm-2003: [D:/PDS/PGL22G/CD_20210223/CD_20210223/demo/12_1_hdmi_test _char/source/source/average.v(line number: 37)] The net 'a_framebuffer[575]' in top.u_average is un-driven.
W: Sdm-2003: [D:/PDS/PGL22G/CD_20210223/CD_20210223/demo/12_1_hdmi_test _char/source/source/average.v(line number: 37)] The net 'a_framebuffer[599]' in top.u_average is un-driven.
W: Sdm-2003: [D:/PDS/PGL22G/CD_20210223/CD_20210223/demo/12_1_hdmi_test _char/source/source/average.v(line number: 37)] The net 'a_framebuffer[623]' in top.u_average is un-driven.
W: Sdm-2003: [D:/PDS/PGL22G/CD_20210223/CD_20210223/demo/12_1_hdmi_test _char/source/source/average.v(line number: 37)] The net 'a_framebuffer[647]' in top.u_average is un-driven.
W: Sdm-2003: [D:/PDS/PGL22G/CD_20210223/CD_20210223/demo/12_1_hdmi_test _char/source/source/average.v(line number: 37)] The net 'a_framebuffer[671]' in top.u_average is un-driven.
W: Sdm-2003: [D:/PDS/PGL22G/CD_20210223/CD_20210223/demo/12_1_hdmi_test _char/source/source/average.v(line number: 37)] The net 'a_framebuffer[695]' in top.u_average is un-driven.
W: Sdm-2003: [D:/PDS/PGL22G/CD_20210223/CD_20210223/demo/12_1_hdmi_test _char/source/source/average.v(line number: 37)] The net 'a_framebuffer[719]' in top.u_average is un-driven.
W: Sdm-2003: [D:/PDS/PGL22G/CD_20210223/CD_20210223/demo/12_1_hdmi_test _char/source/source/average.v(line number: 37)] The net 'a_framebuffer[743]' in top.u_average is un-driven.
W: Sdm-2003: [D:/PDS/PGL22G/CD_20210223/CD_20210223/demo/12_1_hdmi_test _char/source/source/average.v(line number: 37)] The net 'a_framebuffer[767]' in top.u_average is un-driven.
W: Sdm-2003: [D:/PDS/PGL22G/CD_20210223/CD_20210223/demo/12_1_hdmi_test _char/source/source/average.v(line number: 37)] The net 'a_framebuffer[791]' in top.u_average is un-driven.
W: Sdm-2003: [D:/PDS/PGL22G/CD_20210223/CD_20210223/demo/12_1_hdmi_test _char/source/source/average.v(line number: 37)] The net 'a_framebuffer[815]' in top.u_average is un-driven.
W: Sdm-2003: [D:/PDS/PGL22G/CD_20210223/CD_20210223/demo/12_1_hdmi_test _char/source/source/average.v(line number: 37)] The net 'a_framebuffer[839]' in top.u_average is un-driven.
W: Sdm-2003: [D:/PDS/PGL22G/CD_20210223/CD_20210223/demo/12_1_hdmi_test _char/source/source/average.v(line number: 37)] The net 'a_framebuffer[863]' in top.u_average is un-driven.
W: Sdm-2003: [D:/PDS/PGL22G/CD_20210223/CD_20210223/demo/12_1_hdmi_test _char/source/source/average.v(line number: 37)] The net 'a_framebuffer[887]' in top.u_average is un-driven.
W: Sdm-2003: [D:/PDS/PGL22G/CD_20210223/CD_20210223/demo/12_1_hdmi_test _char/source/source/average.v(line number: 37)] The net 'a_framebuffer[911]' in top.u_average is un-driven.
W: Sdm-2003: [D:/PDS/PGL22G/CD_20210223/CD_20210223/demo/12_1_hdmi_test _char/source/source/average.v(line number: 37)] The net 'a_framebuffer[935]' in top.u_average is un-driven.
W: Sdm-2003: [D:/PDS/PGL22G/CD_20210223/CD_20210223/demo/12_1_hdmi_test _char/source/source/average.v(line number: 37)] The net 'a_framebuffer[959]' in top.u_average is un-driven.
W: Sdm-2003: [D:/PDS/PGL22G/CD_20210223/CD_20210223/demo/12_1_hdmi_test _char/source/source/average.v(line number: 37)] The net 'a_framebuffer[983]' in top.u_average is un-driven.
W: Sdm-2003: [D:/PDS/PGL22G/CD_20210223/CD_20210223/demo/12_1_hdmi_test _char/source/source/average.v(line number: 37)] The net 'a_framebuffer[1007]' in top.u_average is un-driven.
W: Sdm-2003: [D:/PDS/PGL22G/CD_20210223/CD_20210223/demo/12_1_hdmi_test _char/source/source/average.v(line number: 37)] The net 'a_framebuffer[1031]' in top.u_average is un-driven.
W: Sdm-2003: [D:/PDS/PGL22G/CD_20210223/CD_20210223/demo/12_1_hdmi_test _char/source/source/average.v(line number: 37)] The net 'a_framebuffer[1055]' in top.u_average is un-driven.
W: Sdm-2003: [D:/PDS/PGL22G/CD_20210223/CD_20210223/demo/12_1_hdmi_test _char/source/source/average.v(line number: 37)] The net 'a_framebuffer[1079]' in top.u_average is un-driven.
W: Sdm-2003: [D:/PDS/PGL22G/CD_20210223/CD_20210223/demo/12_1_hdmi_test _char/source/source/average.v(line number: 37)] The net 'a_framebuffer[1103]' in top.u_average is un-driven.
W: Sdm-2003: [D:/PDS/PGL22G/CD_20210223/CD_20210223/demo/12_1_hdmi_test _char/source/source/average.v(line number: 37)] The net 'a_framebuffer[1127]' in top.u_average is un-driven.
W: Sdm-2003: [D:/PDS/PGL22G/CD_20210223/CD_20210223/demo/12_1_hdmi_test _char/source/source/average.v(line number: 37)] The net 'a_framebuffer[1151]' in top.u_average is un-driven.
W: Sdm-2003: [D:/PDS/PGL22G/CD_20210223/CD_20210223/demo/12_1_hdmi_test _char/source/source/average.v(line number: 37)] The net 'a_framebuffer[1175]' in top.u_average is un-driven.
W: Sdm-2003: [D:/PDS/PGL22G/CD_20210223/CD_20210223/demo/12_1_hdmi_test _char/source/source/average.v(line number: 37)] The net 'a_framebuffer[1199]' in top.u_average is un-driven.
W: Sdm-2003: [D:/PDS/PGL22G/CD_20210223/CD_20210223/demo/12_1_hdmi_test _char/source/source/average.v(line number: 37)] The net 'a_framebuffer[1223]' in top.u_average is un-driven.
W: Sdm-2003: [D:/PDS/PGL22G/CD_20210223/CD_20210223/demo/12_1_hdmi_test _char/source/source/average.v(line number: 37)] The net 'a_framebuffer[1247]' in top.u_average is un-driven.
W: Sdm-2003: [D:/PDS/PGL22G/CD_20210223/CD_20210223/demo/12_1_hdmi_test _char/source/source/average.v(line number: 37)] The net 'a_framebuffer[1271]' in top.u_average is un-driven.
W: Sdm-2003: [D:/PDS/PGL22G/CD_20210223/CD_20210223/demo/12_1_hdmi_test _char/source/source/average.v(line number: 37)] The net 'a_framebuffer[1295]' in top.u_average is un-driven.
W: Sdm-2003: [D:/PDS/PGL22G/CD_20210223/CD_20210223/demo/12_1_hdmi_test _char/source/source/average.v(line number: 37)] The net 'a_framebuffer[1319]' in top.u_average is un-driven.
W: Sdm-2003: [D:/PDS/PGL22G/CD_20210223/CD_20210223/demo/12_1_hdmi_test _char/source/source/average.v(line number: 37)] The net 'a_framebuffer[1343]' in top.u_average is un-driven.
W: Sdm-2003: [D:/PDS/PGL22G/CD_20210223/CD_20210223/demo/12_1_hdmi_test _char/source/source/average.v(line number: 37)] The net 'a_framebuffer[1367]' in top.u_average is un-driven.
W: Sdm-2003: [D:/PDS/PGL22G/CD_20210223/CD_20210223/demo/12_1_hdmi_test _char/source/source/average.v(line number: 37)] The net 'a_framebuffer[1391]' in top.u_average is un-driven.
W: Sdm-2003: [D:/PDS/PGL22G/CD_20210223/CD_20210223/demo/12_1_hdmi_test _char/source/source/average.v(line number: 37)] The net 'a_framebuffer[1415]' in top.u_average is un-driven.
W: Sdm-2003: [D:/PDS/PGL22G/CD_20210223/CD_20210223/demo/12_1_hdmi_test _char/source/source/average.v(line number: 37)] The net 'a_framebuffer[1439]' in top.u_average is un-driven.
W: Sdm-2003: [D:/PDS/PGL22G/CD_20210223/CD_20210223/demo/12_1_hdmi_test _char/source/source/RGB_Control1.v(line number: 12)] The net 'RGB_reg[8]' in top.u_RGB_Control1 is un-driven.
W: Sdm-2003: [D:/PDS/PGL22G/CD_20210223/CD_20210223/demo/12_1_hdmi_test _char/source/source/RGB_Control1.v(line number: 12)] The net 'RGB_reg[9]' in top.u_RGB_Control1 is un-driven.
W: Sdm-2003: [D:/PDS/PGL22G/CD_20210223/CD_20210223/demo/12_1_hdmi_test _char/source/source/RGB_Control1.v(line number: 12)] The net 'RGB_reg[10]' in top.u_RGB_Control1 is un-driven.
W: Sdm-2003: [D:/PDS/PGL22G/CD_20210223/CD_20210223/demo/12_1_hdmi_test _char/source/source/RGB_Control1.v(line number: 12)] The net 'RGB_reg[11]' in top.u_RGB_Control1 is un-driven.
W: Sdm-2003: [D:/PDS/PGL22G/CD_20210223/CD_20210223/demo/12_1_hdmi_test _char/source/source/RGB_Control1.v(line number: 12)] The net 'RGB_reg[12]' in top.u_RGB_Control1 is un-driven.
W: Sdm-2003: [D:/PDS/PGL22G/CD_20210223/CD_20210223/demo/12_1_hdmi_test _char/source/source/RGB_Control1.v(line number: 12)] The net 'RGB_reg[13]' in top.u_RGB_Control1 is un-driven.
W: Sdm-2003: [D:/PDS/PGL22G/CD_20210223/CD_20210223/demo/12_1_hdmi_test _char/source/source/RGB_Control1.v(line number: 12)] The net 'RGB_reg[14]' in top.u_RGB_Control1 is un-driven.
W: Sdm-2003: [D:/PDS/PGL22G/CD_20210223/CD_20210223/demo/12_1_hdmi_test _char/source/source/RGB_Control1.v(line number: 12)] The net 'RGB_reg[15]' in top.u_RGB_Control1 is un-driven.
W: Sdm-2003: [D:/PDS/PGL22G/CD_20210223/CD_20210223/demo/12_1_hdmi_test _char/source/source/RGB_Control1.v(line number: 12)] The net 'RGB_reg[16]' in top.u_RGB_Control1 is un-driven.
W: Sdm-2003: [D:/PDS/PGL22G/CD_20210223/CD_20210223/demo/12_1_hdmi_test _char/source/source/RGB_Control1.v(line number: 12)] The net 'RGB_reg[17]' in top.u_RGB_Control1 is un-driven.
W: Sdm-2003: [D:/PDS/PGL22G/CD_20210223/CD_20210223/demo/12_1_hdmi_test _char/source/source/RGB_Control1.v(line number: 12)] The net 'RGB_reg[18]' in top.u_RGB_Control1 is un-driven.
W: Sdm-2003: [D:/PDS/PGL22G/CD_20210223/CD_20210223/demo/12_1_hdmi_test _char/source/source/RGB_Control1.v(line number: 12)] The net 'RGB_reg[19]' in top.u_RGB_Control1 is un-driven.
W: Sdm-2003: [D:/PDS/PGL22G/CD_20210223/CD_20210223/demo/12_1_hdmi_test _char/source/source/RGB_Control1.v(line number: 12)] The net 'RGB_reg[20]' in top.u_RGB_Control1 is un-driven.
W: Sdm-2003: [D:/PDS/PGL22G/CD_20210223/CD_20210223/demo/12_1_hdmi_test _char/source/source/RGB_Control1.v(line number: 12)] The net 'RGB_reg[21]' in top.u_RGB_Control1 is un-driven.
W: Sdm-2003: [D:/PDS/PGL22G/CD_20210223/CD_20210223/demo/12_1_hdmi_test _char/source/source/RGB_Control1.v(line number: 12)] The net 'RGB_reg[22]' in top.u_RGB_Control1 is un-driven.
W: Sdm-2003: [D:/PDS/PGL22G/CD_20210223/CD_20210223/demo/12_1_hdmi_test _char/source/source/RGB_Control1.v(line number: 12)] The net 'RGB_reg[23]' in top.u_RGB_Control1 is un-driven.
W: Sdm-2003: [D:/PDS/PGL22G/CD_20210223/CD_20210223/demo/12_1_hdmi_test _char/source/source/RGB_Control1.v(line number: 12)] The net 'RGB_reg[24]' in top.u_RGB_Control1 is un-driven.
W: Sdm-2003: [D:/PDS/PGL22G/CD_20210223/CD_20210223/demo/12_1_hdmi_test _char/source/source/RGB_Control1.v(line number: 12)] The net 'RGB_reg[25]' in top.u_RGB_Control1 is un-driven.
W: Sdm-2003: [D:/PDS/PGL22G/CD_20210223/CD_20210223/demo/12_1_hdmi_test _char/source/source/RGB_Control1.v(line number: 12)] The net 'RGB_reg[26]' in top.u_RGB_Control1 is un-driven.
W: Sdm-2003: [D:/PDS/PGL22G/CD_20210223/CD_20210223/demo/12_1_hdmi_test _char/source/source/RGB_Control1.v(line number: 12)] The net 'RGB_reg[27]' in top.u_RGB_Control1 is un-driven.
W: Sdm-2003: [D:/PDS/PGL22G/CD_20210223/CD_20210223/demo/12_1_hdmi_test _char/source/source/RGB_Control1.v(line number: 12)] The net 'RGB_reg[28]' in top.u_RGB_Control1 is un-driven.
W: Sdm-2003: [D:/PDS/PGL22G/CD_20210223/CD_20210223/demo/12_1_hdmi_test _char/source/source/RGB_Control1.v(line number: 12)] The net 'RGB_reg[29]' in top.u_RGB_Control1 is un-driven.
W: Sdm-2003: [D:/PDS/PGL22G/CD_20210223/CD_20210223/demo/12_1_hdmi_test _char/source/source/RGB_Control1.v(line number: 12)] The net 'RGB_reg[30]' in top.u_RGB_Control1 is un-driven.
W: Sdm-2003: [D:/PDS/PGL22G/CD_20210223/CD_20210223/demo/12_1_hdmi_test _char/source/source/RGB_Control1.v(line number: 12)] The net 'RGB_reg[31]' in top.u_RGB_Control1 is un-driven.
W: Sdm-2003: [D:/PDS/PGL22G/CD_20210223/CD_20210223/demo/12_1_hdmi_test _char/source/source/RGB_Control1.v(line number: 12)] The net 'RGB_reg[32]' in top.u_RGB_Control1 is un-driven.
W: Sdm-2003: [D:/PDS/PGL22G/CD_20210223/CD_20210223/demo/12_1_hdmi_test _char/source/source/RGB_Control1.v(line number: 12)] The net 'RGB_reg[33]' in top.u_RGB_Control1 is un-driven.
W: Sdm-2003: [D:/PDS/PGL22G/CD_20210223/CD_20210223/demo/12_1_hdmi_test _char/source/source/RGB_Control1.v(line number: 12)] The net 'RGB_reg[34]' in top.u_RGB_Control1 is un-driven.
W: Sdm-2003: [D:/PDS/PGL22G/CD_20210223/CD_20210223/demo/12_1_hdmi_test _char/source/source/RGB_Control1.v(line number: 12)] The net 'RGB_reg[35]' in top.u_RGB_Control1 is un-driven.
W: Sdm-2003: [D:/PDS/PGL22G/CD_20210223/CD_20210223/demo/12_1_hdmi_test _char/source/source/RGB_Control1.v(line number: 12)] The net 'RGB_reg[36]' in top.u_RGB_Control1 is un-driven.
W: Sdm-2003: [D:/PDS/PGL22G/CD_20210223/CD_20210223/demo/12_1_hdmi_test _char/source/source/RGB_Control1.v(line number: 12)] The net 'RGB_reg[37]' in top.u_RGB_Control1 is un-driven.
W: Sdm-2003: [D:/PDS/PGL22G/CD_20210223/CD_20210223/demo/12_1_hdmi_test _char/source/source/RGB_Control1.v(line number: 12)] The net 'RGB_reg[38]' in top.u_RGB_Control1 is un-driven.
W: Sdm-2003: [D:/PDS/PGL22G/CD_20210223/CD_20210223/demo/12_1_hdmi_test _char/source/source/RGB_Control1.v(line number: 12)] The net 'RGB_reg[39]' in top.u_RGB_Control1 is un-driven.
W: Sdm-2003: [D:/PDS/PGL22G/CD_20210223/CD_20210223/demo/12_1_hdmi_test _char/source/source/RGB_Control1.v(line number: 12)] The net 'RGB_reg[40]' in top.u_RGB_Control1 is un-driven.
W: Sdm-2003: [D:/PDS/PGL22G/CD_20210223/CD_20210223/demo/12_1_hdmi_test _char/source/source/RGB_Control1.v(line number: 12)] The net 'RGB_reg[41]' in top.u_RGB_Control1 is un-driven.
W: Sdm-2003: [D:/PDS/PGL22G/CD_20210223/CD_20210223/demo/12_1_hdmi_test _char/source/source/RGB_Control1.v(line number: 12)] The net 'RGB_reg[42]' in top.u_RGB_Control1 is un-driven.
W: Sdm-2003: [D:/PDS/PGL22G/CD_20210223/CD_20210223/demo/12_1_hdmi_test _char/source/source/RGB_Control1.v(line number: 12)] The net 'RGB_reg[43]' in top.u_RGB_Control1 is un-driven.
W: Sdm-2003: [D:/PDS/PGL22G/CD_20210223/CD_20210223/demo/12_1_hdmi_test _char/source/source/RGB_Control1.v(line number: 12)] The net 'RGB_reg[44]' in top.u_RGB_Control1 is un-driven.
W: Sdm-2003: [D:/PDS/PGL22G/CD_20210223/CD_20210223/demo/12_1_hdmi_test _char/source/source/RGB_Control1.v(line number: 12)] The net 'RGB_reg[45]' in top.u_RGB_Control1 is un-driven.
W: Sdm-2003: [D:/PDS/PGL22G/CD_20210223/CD_20210223/demo/12_1_hdmi_test _char/source/source/RGB_Control1.v(line number: 12)] The net 'RGB_reg[46]' in top.u_RGB_Control1 is un-driven.
W: Sdm-2003: [D:/PDS/PGL22G/CD_20210223/CD_20210223/demo/12_1_hdmi_test _char/source/source/RGB_Control1.v(line number: 12)] The net 'RGB_reg[47]' in top.u_RGB_Control1 is un-driven.
W: Sdm-2003: [D:/PDS/PGL22G/CD_20210223/CD_20210223/demo/12_1_hdmi_test _char/source/source/RGB_Control1.v(line number: 12)] The net 'RGB_reg[48]' in top.u_RGB_Control1 is un-driven.
W: Sdm-2003: [D:/PDS/PGL22G/CD_20210223/CD_20210223/demo/12_1_hdmi_test _char/source/source/RGB_Control1.v(line number: 12)] The net 'RGB_reg[49]' in top.u_RGB_Control1 is un-driven.
W: Sdm-2003: [D:/PDS/PGL22G/CD_20210223/CD_20210223/demo/12_1_hdmi_test _char/source/source/RGB_Control1.v(line number: 12)] The net 'RGB_reg[50]' in top.u_RGB_Control1 is un-driven.
W: Sdm-2003: [D:/PDS/PGL22G/CD_20210223/CD_20210223/demo/12_1_hdmi_test _char/source/source/RGB_Control1.v(line number: 12)] The net 'RGB_reg[51]' in top.u_RGB_Control1 is un-driven.
W: Sdm-2003: [D:/PDS/PGL22G/CD_20210223/CD_20210223/demo/12_1_hdmi_test _char/source/source/RGB_Control1.v(line number: 12)] The net 'RGB_reg[52]' in top.u_RGB_Control1 is un-driven.
W: Sdm-2003: [D:/PDS/PGL22G/CD_20210223/CD_20210223/demo/12_1_hdmi_test _char/source/source/RGB_Control1.v(line number: 12)] The net 'RGB_reg[53]' in top.u_RGB_Control1 is un-driven.
W: Sdm-2003: [D:/PDS/PGL22G/CD_20210223/CD_20210223/demo/12_1_hdmi_test _char/source/source/RGB_Control1.v(line number: 12)] The net 'RGB_reg[54]' in top.u_RGB_Control1 is un-driven.
W: Sdm-2003: [D:/PDS/PGL22G/CD_20210223/CD_20210223/demo/12_1_hdmi_test _char/source/source/RGB_Control1.v(line number: 12)] The net 'RGB_reg[55]' in top.u_RGB_Control1 is un-driven.
W: Sdm-2003: [D:/PDS/PGL22G/CD_20210223/CD_20210223/demo/12_1_hdmi_test _char/source/source/RGB_Control1.v(line number: 12)] The net 'RGB_reg[56]' in top.u_RGB_Control1 is un-driven.
W: Sdm-2003: [D:/PDS/PGL22G/CD_20210223/CD_20210223/demo/12_1_hdmi_test _char/source/source/RGB_Control1.v(line number: 12)] The net 'RGB_reg[57]' in top.u_RGB_Control1 is un-driven.
W: Sdm-2003: [D:/PDS/PGL22G/CD_20210223/CD_20210223/demo/12_1_hdmi_test _char/source/source/RGB_Control1.v(line number: 12)] The net 'RGB_reg[58]' in top.u_RGB_Control1 is un-driven.
W: Sdm-2003: [D:/PDS/PGL22G/CD_20210223/CD_20210223/demo/12_1_hdmi_test _char/source/source/RGB_Control1.v(line number: 12)] The net 'RGB_reg[59]' in top.u_RGB_Control1 is un-driven.
Executing : rtl-infer successfully.
Start rtl-control-opt.
Executing : rtl-control-opt successfully.
Start rtl-data-opt.
Executing : rtl-data-opt successfully.
Start FSM inference.
Executing : FSM inference successfully.
Start sdm2adm.
I: Constant propagation done on N154 (bmsWIDEMUX).
I: Constant propagation done on N161 (bmsWIDEMUX).
I: Constant propagation done on N168 (bmsWIDEMUX).
I: Constant propagation done on N175 (bmsWIDEMUX).
I: Constant propagation done on N182 (bmsWIDEMUX).
I: Constant propagation done on N189 (bmsWIDEMUX).
I: Constant propagation done on N196 (bmsWIDEMUX).
I: Constant propagation done on N145 (bmsWIDEMUX).
I: Constant propagation done on N312_1 (bmsWIDEMUX).
I: Constant propagation done on N264 (bmsWIDEMUX).
Executing : sdm2adm successfully.
Saving design to DB.
Action compile: Real time elapsed is 9.000 sec
Action compile: CPU time elapsed is 4.813 sec
Current time: Sun Oct 30 21:04:14 2022
Action compile: Peak memory pool usage is 94,916,608 bytes
