[DEBUG][2019-05-10 16:46:27] [8100] - [e:\wf\aips\branches\2019.1\config\pds\fab_develop\branches\pds_2019.1\source\sw\cdt\debugger\main.cpp:89] : /*************************** 2019-05-10 16:46:27  Start ***************************/
[DEBUG][2019-05-10 16:46:27] [8100] - [e:\wf\aips\branches\2019.1\config\pds\fab_develop\branches\pds_2019.1\source\sw\cdt\debugger\main.cpp:90] : Path: C:/pango/PDS_2019.1-patch2/bin
[DEBUG][2019-05-10 16:46:27] [8100] - [e:\wf\aips\branches\2019.1\config\pds\fab_develop\branches\pds_2019.1\source\sw\cdt\debugger\main.cpp:91] : #Generated by Fabric Debugger (version 2019.1-patch2 build 42169) at Fri May 10 16:46:27 2019


[DEBUG][2019-05-10 16:46:28] [8100] - [e:\wf\aips\branches\2019.1\config\pds\fab_develop\branches\pds_2019.1\source\sw\cdt\debugger\main.cpp:116] : Main window show.
[DEBUG][2019-05-10 16:46:30] [8100] - [e:\wf\aips\branches\2019.1\config\pds\fab_develop\branches\pds_2019.1\source\sw\cdt\debugger\dbgmainwindow.cpp:1263] : Operation: Scan.
[DEBUG][2019-05-10 16:46:30] [8100] - [e:\wf\aips\branches\2019.1\config\pds\fab_develop\branches\pds_2019.1\source\sw\cdt\common\cdtcommunicate.cpp:460] : Client Local host name:ALINX000007-PC
[DEBUG][2019-05-10 16:46:30] [8100] - [e:\wf\aips\branches\2019.1\config\pds\fab_develop\branches\pds_2019.1\source\sw\cdt\common\cdtcommunicate.cpp:468] : Client Local Address:192.168.1.28
[DEBUG][2019-05-10 16:46:30] [8100] - [e:\wf\aips\branches\2019.1\config\pds\fab_develop\branches\pds_2019.1\source\sw\cdt\common\cdtcommunicate.cpp:495] : Server Address:127.0.0.1, Port:65420
[INFO][2019-05-10 16:46:31] [8100] - [e:\wf\aips\branches\2019.1\config\pds\fab_develop\branches\pds_2019.1\source\sw\cdt\common\cdtcommunicate.cpp:535] : Connect OK, Server: 127.0.0.1  Port: 65420
[DEBUG][2019-05-10 16:46:31] [8100] - [e:\wf\aips\branches\2019.1\config\pds\fab_develop\branches\pds_2019.1\source\sw\cdt\debugger\dbgclient.cpp:280] : Finish.
[DEBUG][2019-05-10 16:46:31] [8100] - [e:\wf\aips\branches\2019.1\config\pds\fab_develop\branches\pds_2019.1\source\sw\cdt\debugger\dbgclient.cpp:75] : Send RPC: 1.
[DEBUG][2019-05-10 16:46:31] [8100] - [e:\wf\aips\branches\2019.1\config\pds\fab_develop\branches\pds_2019.1\source\sw\cdt\common\cdtcommunicate.cpp:769] : Send cmd [check version information:40004] OK
[DEBUG][2019-05-10 16:46:31] [8100] - [e:\wf\aips\branches\2019.1\config\pds\fab_develop\branches\pds_2019.1\source\sw\cdt\common\cdtcommunicate.cpp:890] : Recv RPC[1] cmd [check version information:40004]
[DEBUG][2019-05-10 16:46:31] [8100] - [e:\wf\aips\branches\2019.1\config\pds\fab_develop\branches\pds_2019.1\source\sw\cdt\common\cdtcommunicate.cpp:898] : Revc exec: check version information start
[DEBUG][2019-05-10 16:46:31] [8100] - [e:\wf\aips\branches\2019.1\config\pds\fab_develop\branches\pds_2019.1\source\sw\cdt\debugger\dbgclient.cpp:75] : Send RPC: 2.
[DEBUG][2019-05-10 16:46:31] [8100] - [e:\wf\aips\branches\2019.1\config\pds\fab_develop\branches\pds_2019.1\source\sw\cdt\common\cdtcommunicate.cpp:769] : Send cmd [get_cable_paras:40012] OK
[DEBUG][2019-05-10 16:46:31] [8100] - [e:\wf\aips\branches\2019.1\config\pds\fab_develop\branches\pds_2019.1\source\sw\cdt\debugger\dbgclient.cpp:75] : Send RPC: 3.
[DEBUG][2019-05-10 16:46:31] [8100] - [e:\wf\aips\branches\2019.1\config\pds\fab_develop\branches\pds_2019.1\source\sw\cdt\common\cdtcommunicate.cpp:769] : Send cmd [open_cable:10001] OK
[DEBUG][2019-05-10 16:46:31] [8100] - [e:\wf\aips\branches\2019.1\config\pds\fab_develop\branches\pds_2019.1\source\sw\cdt\common\cdtcommunicate.cpp:900] : Revc exec: check version information end
[DEBUG][2019-05-10 16:46:31] [8100] - [e:\wf\aips\branches\2019.1\config\pds\fab_develop\branches\pds_2019.1\source\sw\cdt\debugger\dbgclient.cpp:353] : COMMAND[check version information] execute successfully, takes 0.1 secs.
[DEBUG][2019-05-10 16:46:31] [8100] - [e:\wf\aips\branches\2019.1\config\pds\fab_develop\branches\pds_2019.1\source\sw\cdt\common\cdtcommunicate.cpp:890] : Recv RPC[2] cmd [get_cable_paras:40012]
[DEBUG][2019-05-10 16:46:31] [8100] - [e:\wf\aips\branches\2019.1\config\pds\fab_develop\branches\pds_2019.1\source\sw\cdt\common\cdtcommunicate.cpp:898] : Revc exec: get_cable_paras start
[DEBUG][2019-05-10 16:46:31] [8100] - [e:\wf\aips\branches\2019.1\config\pds\fab_develop\branches\pds_2019.1\source\sw\cdt\common\cdtcommunicate.cpp:900] : Revc exec: get_cable_paras end
[DEBUG][2019-05-10 16:46:31] [8100] - [e:\wf\aips\branches\2019.1\config\pds\fab_develop\branches\pds_2019.1\source\sw\cdt\debugger\dbgclient.cpp:353] : COMMAND[get_cable_paras] execute successfully, takes 0.7 secs.
[DEBUG][2019-05-10 16:46:32] [8100] - [e:\wf\aips\branches\2019.1\config\pds\fab_develop\branches\pds_2019.1\source\sw\cdt\common\cdtcommunicate.cpp:890] : Recv RPC[3] cmd [open_cable:10001]
[DEBUG][2019-05-10 16:46:32] [8100] - [e:\wf\aips\branches\2019.1\config\pds\fab_develop\branches\pds_2019.1\source\sw\cdt\common\cdtcommunicate.cpp:898] : Revc exec: open_cable start
[DEBUG][2019-05-10 16:46:34] [8100] - [e:\wf\aips\branches\2019.1\config\pds\fab_develop\branches\pds_2019.1\source\sw\cdt\common\cdtcommunicate.cpp:900] : Revc exec: open_cable end
[DEBUG][2019-05-10 16:46:34] [8100] - [e:\wf\aips\branches\2019.1\config\pds\fab_develop\branches\pds_2019.1\source\sw\cdt\debugger\dbgclient.cpp:353] : COMMAND[open_cable] execute successfully, takes 2.8 secs.
[DEBUG][2019-05-10 16:46:40] [8100] - [e:\wf\aips\branches\2019.1\config\pds\fab_develop\branches\pds_2019.1\source\sw\cdt\debugger\dbgtree.cpp:1200] : Configure.
[DEBUG][2019-05-10 16:46:47] [8100] - [e:\wf\aips\branches\2019.1\config\pds\fab_develop\branches\pds_2019.1\source\sw\cdt\debugger\dbgmainwindow.cpp:893] : Operation: Program.
[DEBUG][2019-05-10 16:46:47] [8100] - [e:\wf\aips\branches\2019.1\config\pds\fab_develop\branches\pds_2019.1\source\sw\cdt\debugger\dbgclient.cpp:75] : Send RPC: 4.
[DEBUG][2019-05-10 16:46:47] [8100] - [e:\wf\aips\branches\2019.1\config\pds\fab_develop\branches\pds_2019.1\source\sw\cdt\common\cdtcommunicate.cpp:769] : Send cmd [configure:10002] OK
[DEBUG][2019-05-10 16:46:47] [8100] - [e:\wf\aips\branches\2019.1\config\pds\fab_develop\branches\pds_2019.1\source\sw\cdt\common\cdtcommunicate.cpp:890] : Recv RPC[0] cmd [set progress bar:40001]
[DEBUG][2019-05-10 16:46:47] [8100] - [e:\wf\aips\branches\2019.1\config\pds\fab_develop\branches\pds_2019.1\source\sw\cdt\debugger\dbgcommand.cpp:548] : The value is 6.
[DEBUG][2019-05-10 16:46:47] [8100] - [e:\wf\aips\branches\2019.1\config\pds\fab_develop\branches\pds_2019.1\source\sw\cdt\common\cdtcommunicate.cpp:898] : Revc exec: set progress bar start
[DEBUG][2019-05-10 16:46:47] [8100] - [e:\wf\aips\branches\2019.1\config\pds\fab_develop\branches\pds_2019.1\source\sw\cdt\common\cdtcommunicate.cpp:900] : Revc exec: set progress bar end
[DEBUG][2019-05-10 16:46:47] [8100] - [e:\wf\aips\branches\2019.1\config\pds\fab_develop\branches\pds_2019.1\source\sw\cdt\common\cdtcommunicate.cpp:890] : Recv RPC[0] cmd [set progress bar:40001]
[DEBUG][2019-05-10 16:46:47] [8100] - [e:\wf\aips\branches\2019.1\config\pds\fab_develop\branches\pds_2019.1\source\sw\cdt\debugger\dbgcommand.cpp:548] : The value is 10.
[DEBUG][2019-05-10 16:46:47] [8100] - [e:\wf\aips\branches\2019.1\config\pds\fab_develop\branches\pds_2019.1\source\sw\cdt\common\cdtcommunicate.cpp:898] : Revc exec: set progress bar start
[DEBUG][2019-05-10 16:46:47] [8100] - [e:\wf\aips\branches\2019.1\config\pds\fab_develop\branches\pds_2019.1\source\sw\cdt\common\cdtcommunicate.cpp:900] : Revc exec: set progress bar end
[DEBUG][2019-05-10 16:46:47] [8100] - [e:\wf\aips\branches\2019.1\config\pds\fab_develop\branches\pds_2019.1\source\sw\cdt\common\cdtcommunicate.cpp:890] : Recv RPC[0] cmd [set progress bar:40001]
[DEBUG][2019-05-10 16:46:47] [8100] - [e:\wf\aips\branches\2019.1\config\pds\fab_develop\branches\pds_2019.1\source\sw\cdt\debugger\dbgcommand.cpp:548] : The value is 15.
[DEBUG][2019-05-10 16:46:47] [8100] - [e:\wf\aips\branches\2019.1\config\pds\fab_develop\branches\pds_2019.1\source\sw\cdt\common\cdtcommunicate.cpp:898] : Revc exec: set progress bar start
[DEBUG][2019-05-10 16:46:47] [8100] - [e:\wf\aips\branches\2019.1\config\pds\fab_develop\branches\pds_2019.1\source\sw\cdt\common\cdtcommunicate.cpp:900] : Revc exec: set progress bar end
[DEBUG][2019-05-10 16:46:47] [8100] - [e:\wf\aips\branches\2019.1\config\pds\fab_develop\branches\pds_2019.1\source\sw\cdt\common\cdtcommunicate.cpp:890] : Recv RPC[0] cmd [set progress bar:40001]
[DEBUG][2019-05-10 16:46:47] [8100] - [e:\wf\aips\branches\2019.1\config\pds\fab_develop\branches\pds_2019.1\source\sw\cdt\debugger\dbgcommand.cpp:548] : The value is 20.
[DEBUG][2019-05-10 16:46:47] [8100] - [e:\wf\aips\branches\2019.1\config\pds\fab_develop\branches\pds_2019.1\source\sw\cdt\common\cdtcommunicate.cpp:898] : Revc exec: set progress bar start
[DEBUG][2019-05-10 16:46:47] [8100] - [e:\wf\aips\branches\2019.1\config\pds\fab_develop\branches\pds_2019.1\source\sw\cdt\common\cdtcommunicate.cpp:900] : Revc exec: set progress bar end
[DEBUG][2019-05-10 16:46:47] [8100] - [e:\wf\aips\branches\2019.1\config\pds\fab_develop\branches\pds_2019.1\source\sw\cdt\common\cdtcommunicate.cpp:890] : Recv RPC[0] cmd [set progress bar:40001]
[DEBUG][2019-05-10 16:46:47] [8100] - [e:\wf\aips\branches\2019.1\config\pds\fab_develop\branches\pds_2019.1\source\sw\cdt\debugger\dbgcommand.cpp:548] : The value is 25.
[DEBUG][2019-05-10 16:46:47] [8100] - [e:\wf\aips\branches\2019.1\config\pds\fab_develop\branches\pds_2019.1\source\sw\cdt\common\cdtcommunicate.cpp:898] : Revc exec: set progress bar start
[DEBUG][2019-05-10 16:46:47] [8100] - [e:\wf\aips\branches\2019.1\config\pds\fab_develop\branches\pds_2019.1\source\sw\cdt\common\cdtcommunicate.cpp:900] : Revc exec: set progress bar end
[DEBUG][2019-05-10 16:46:47] [8100] - [e:\wf\aips\branches\2019.1\config\pds\fab_develop\branches\pds_2019.1\source\sw\cdt\common\cdtcommunicate.cpp:890] : Recv RPC[0] cmd [set progress bar:40001]
[DEBUG][2019-05-10 16:46:47] [8100] - [e:\wf\aips\branches\2019.1\config\pds\fab_develop\branches\pds_2019.1\source\sw\cdt\debugger\dbgcommand.cpp:548] : The value is 30.
[DEBUG][2019-05-10 16:46:47] [8100] - [e:\wf\aips\branches\2019.1\config\pds\fab_develop\branches\pds_2019.1\source\sw\cdt\common\cdtcommunicate.cpp:898] : Revc exec: set progress bar start
[DEBUG][2019-05-10 16:46:47] [8100] - [e:\wf\aips\branches\2019.1\config\pds\fab_develop\branches\pds_2019.1\source\sw\cdt\common\cdtcommunicate.cpp:900] : Revc exec: set progress bar end
[DEBUG][2019-05-10 16:46:47] [8100] - [e:\wf\aips\branches\2019.1\config\pds\fab_develop\branches\pds_2019.1\source\sw\cdt\common\cdtcommunicate.cpp:890] : Recv RPC[0] cmd [set progress bar:40001]
[DEBUG][2019-05-10 16:46:47] [8100] - [e:\wf\aips\branches\2019.1\config\pds\fab_develop\branches\pds_2019.1\source\sw\cdt\debugger\dbgcommand.cpp:548] : The value is 35.
[DEBUG][2019-05-10 16:46:47] [8100] - [e:\wf\aips\branches\2019.1\config\pds\fab_develop\branches\pds_2019.1\source\sw\cdt\common\cdtcommunicate.cpp:898] : Revc exec: set progress bar start
[DEBUG][2019-05-10 16:46:47] [8100] - [e:\wf\aips\branches\2019.1\config\pds\fab_develop\branches\pds_2019.1\source\sw\cdt\common\cdtcommunicate.cpp:900] : Revc exec: set progress bar end
[DEBUG][2019-05-10 16:46:47] [8100] - [e:\wf\aips\branches\2019.1\config\pds\fab_develop\branches\pds_2019.1\source\sw\cdt\common\cdtcommunicate.cpp:890] : Recv RPC[0] cmd [set progress bar:40001]
[DEBUG][2019-05-10 16:46:47] [8100] - [e:\wf\aips\branches\2019.1\config\pds\fab_develop\branches\pds_2019.1\source\sw\cdt\debugger\dbgcommand.cpp:548] : The value is 40.
[DEBUG][2019-05-10 16:46:47] [8100] - [e:\wf\aips\branches\2019.1\config\pds\fab_develop\branches\pds_2019.1\source\sw\cdt\common\cdtcommunicate.cpp:898] : Revc exec: set progress bar start
[DEBUG][2019-05-10 16:46:47] [8100] - [e:\wf\aips\branches\2019.1\config\pds\fab_develop\branches\pds_2019.1\source\sw\cdt\common\cdtcommunicate.cpp:900] : Revc exec: set progress bar end
[DEBUG][2019-05-10 16:46:47] [8100] - [e:\wf\aips\branches\2019.1\config\pds\fab_develop\branches\pds_2019.1\source\sw\cdt\common\cdtcommunicate.cpp:890] : Recv RPC[0] cmd [set progress bar:40001]
[DEBUG][2019-05-10 16:46:47] [8100] - [e:\wf\aips\branches\2019.1\config\pds\fab_develop\branches\pds_2019.1\source\sw\cdt\debugger\dbgcommand.cpp:548] : The value is 45.
[DEBUG][2019-05-10 16:46:47] [8100] - [e:\wf\aips\branches\2019.1\config\pds\fab_develop\branches\pds_2019.1\source\sw\cdt\common\cdtcommunicate.cpp:898] : Revc exec: set progress bar start
[DEBUG][2019-05-10 16:46:47] [8100] - [e:\wf\aips\branches\2019.1\config\pds\fab_develop\branches\pds_2019.1\source\sw\cdt\common\cdtcommunicate.cpp:900] : Revc exec: set progress bar end
[DEBUG][2019-05-10 16:46:47] [8100] - [e:\wf\aips\branches\2019.1\config\pds\fab_develop\branches\pds_2019.1\source\sw\cdt\common\cdtcommunicate.cpp:890] : Recv RPC[0] cmd [set progress bar:40001]
[DEBUG][2019-05-10 16:46:47] [8100] - [e:\wf\aips\branches\2019.1\config\pds\fab_develop\branches\pds_2019.1\source\sw\cdt\debugger\dbgcommand.cpp:548] : The value is 50.
[DEBUG][2019-05-10 16:46:47] [8100] - [e:\wf\aips\branches\2019.1\config\pds\fab_develop\branches\pds_2019.1\source\sw\cdt\common\cdtcommunicate.cpp:898] : Revc exec: set progress bar start
[DEBUG][2019-05-10 16:46:47] [8100] - [e:\wf\aips\branches\2019.1\config\pds\fab_develop\branches\pds_2019.1\source\sw\cdt\common\cdtcommunicate.cpp:900] : Revc exec: set progress bar end
[DEBUG][2019-05-10 16:46:47] [8100] - [e:\wf\aips\branches\2019.1\config\pds\fab_develop\branches\pds_2019.1\source\sw\cdt\common\cdtcommunicate.cpp:890] : Recv RPC[0] cmd [set progress bar:40001]
[DEBUG][2019-05-10 16:46:47] [8100] - [e:\wf\aips\branches\2019.1\config\pds\fab_develop\branches\pds_2019.1\source\sw\cdt\debugger\dbgcommand.cpp:548] : The value is 55.
[DEBUG][2019-05-10 16:46:47] [8100] - [e:\wf\aips\branches\2019.1\config\pds\fab_develop\branches\pds_2019.1\source\sw\cdt\common\cdtcommunicate.cpp:898] : Revc exec: set progress bar start
[DEBUG][2019-05-10 16:46:47] [8100] - [e:\wf\aips\branches\2019.1\config\pds\fab_develop\branches\pds_2019.1\source\sw\cdt\common\cdtcommunicate.cpp:900] : Revc exec: set progress bar end
[DEBUG][2019-05-10 16:46:47] [8100] - [e:\wf\aips\branches\2019.1\config\pds\fab_develop\branches\pds_2019.1\source\sw\cdt\common\cdtcommunicate.cpp:890] : Recv RPC[0] cmd [set progress bar:40001]
[DEBUG][2019-05-10 16:46:47] [8100] - [e:\wf\aips\branches\2019.1\config\pds\fab_develop\branches\pds_2019.1\source\sw\cdt\debugger\dbgcommand.cpp:548] : The value is 60.
[DEBUG][2019-05-10 16:46:47] [8100] - [e:\wf\aips\branches\2019.1\config\pds\fab_develop\branches\pds_2019.1\source\sw\cdt\common\cdtcommunicate.cpp:898] : Revc exec: set progress bar start
[DEBUG][2019-05-10 16:46:47] [8100] - [e:\wf\aips\branches\2019.1\config\pds\fab_develop\branches\pds_2019.1\source\sw\cdt\common\cdtcommunicate.cpp:900] : Revc exec: set progress bar end
[DEBUG][2019-05-10 16:46:47] [8100] - [e:\wf\aips\branches\2019.1\config\pds\fab_develop\branches\pds_2019.1\source\sw\cdt\common\cdtcommunicate.cpp:890] : Recv RPC[0] cmd [set progress bar:40001]
[DEBUG][2019-05-10 16:46:47] [8100] - [e:\wf\aips\branches\2019.1\config\pds\fab_develop\branches\pds_2019.1\source\sw\cdt\debugger\dbgcommand.cpp:548] : The value is 65.
[DEBUG][2019-05-10 16:46:47] [8100] - [e:\wf\aips\branches\2019.1\config\pds\fab_develop\branches\pds_2019.1\source\sw\cdt\common\cdtcommunicate.cpp:898] : Revc exec: set progress bar start
[DEBUG][2019-05-10 16:46:47] [8100] - [e:\wf\aips\branches\2019.1\config\pds\fab_develop\branches\pds_2019.1\source\sw\cdt\common\cdtcommunicate.cpp:900] : Revc exec: set progress bar end
[DEBUG][2019-05-10 16:46:47] [8100] - [e:\wf\aips\branches\2019.1\config\pds\fab_develop\branches\pds_2019.1\source\sw\cdt\common\cdtcommunicate.cpp:890] : Recv RPC[0] cmd [set progress bar:40001]
[DEBUG][2019-05-10 16:46:47] [8100] - [e:\wf\aips\branches\2019.1\config\pds\fab_develop\branches\pds_2019.1\source\sw\cdt\debugger\dbgcommand.cpp:548] : The value is 70.
[DEBUG][2019-05-10 16:46:47] [8100] - [e:\wf\aips\branches\2019.1\config\pds\fab_develop\branches\pds_2019.1\source\sw\cdt\common\cdtcommunicate.cpp:898] : Revc exec: set progress bar start
[DEBUG][2019-05-10 16:46:47] [8100] - [e:\wf\aips\branches\2019.1\config\pds\fab_develop\branches\pds_2019.1\source\sw\cdt\common\cdtcommunicate.cpp:900] : Revc exec: set progress bar end
[DEBUG][2019-05-10 16:46:47] [8100] - [e:\wf\aips\branches\2019.1\config\pds\fab_develop\branches\pds_2019.1\source\sw\cdt\common\cdtcommunicate.cpp:890] : Recv RPC[0] cmd [set progress bar:40001]
[DEBUG][2019-05-10 16:46:47] [8100] - [e:\wf\aips\branches\2019.1\config\pds\fab_develop\branches\pds_2019.1\source\sw\cdt\debugger\dbgcommand.cpp:548] : The value is 75.
[DEBUG][2019-05-10 16:46:47] [8100] - [e:\wf\aips\branches\2019.1\config\pds\fab_develop\branches\pds_2019.1\source\sw\cdt\common\cdtcommunicate.cpp:898] : Revc exec: set progress bar start
[DEBUG][2019-05-10 16:46:47] [8100] - [e:\wf\aips\branches\2019.1\config\pds\fab_develop\branches\pds_2019.1\source\sw\cdt\common\cdtcommunicate.cpp:900] : Revc exec: set progress bar end
[DEBUG][2019-05-10 16:46:47] [8100] - [e:\wf\aips\branches\2019.1\config\pds\fab_develop\branches\pds_2019.1\source\sw\cdt\common\cdtcommunicate.cpp:890] : Recv RPC[0] cmd [set progress bar:40001]
[DEBUG][2019-05-10 16:46:47] [8100] - [e:\wf\aips\branches\2019.1\config\pds\fab_develop\branches\pds_2019.1\source\sw\cdt\debugger\dbgcommand.cpp:548] : The value is 80.
[DEBUG][2019-05-10 16:46:47] [8100] - [e:\wf\aips\branches\2019.1\config\pds\fab_develop\branches\pds_2019.1\source\sw\cdt\common\cdtcommunicate.cpp:898] : Revc exec: set progress bar start
[DEBUG][2019-05-10 16:46:47] [8100] - [e:\wf\aips\branches\2019.1\config\pds\fab_develop\branches\pds_2019.1\source\sw\cdt\common\cdtcommunicate.cpp:900] : Revc exec: set progress bar end
[DEBUG][2019-05-10 16:46:47] [8100] - [e:\wf\aips\branches\2019.1\config\pds\fab_develop\branches\pds_2019.1\source\sw\cdt\common\cdtcommunicate.cpp:890] : Recv RPC[0] cmd [set progress bar:40001]
[DEBUG][2019-05-10 16:46:47] [8100] - [e:\wf\aips\branches\2019.1\config\pds\fab_develop\branches\pds_2019.1\source\sw\cdt\debugger\dbgcommand.cpp:548] : The value is 85.
[DEBUG][2019-05-10 16:46:47] [8100] - [e:\wf\aips\branches\2019.1\config\pds\fab_develop\branches\pds_2019.1\source\sw\cdt\common\cdtcommunicate.cpp:898] : Revc exec: set progress bar start
[DEBUG][2019-05-10 16:46:47] [8100] - [e:\wf\aips\branches\2019.1\config\pds\fab_develop\branches\pds_2019.1\source\sw\cdt\common\cdtcommunicate.cpp:900] : Revc exec: set progress bar end
[DEBUG][2019-05-10 16:46:47] [8100] - [e:\wf\aips\branches\2019.1\config\pds\fab_develop\branches\pds_2019.1\source\sw\cdt\common\cdtcommunicate.cpp:890] : Recv RPC[0] cmd [set progress bar:40001]
[DEBUG][2019-05-10 16:46:47] [8100] - [e:\wf\aips\branches\2019.1\config\pds\fab_develop\branches\pds_2019.1\source\sw\cdt\debugger\dbgcommand.cpp:548] : The value is 90.
[DEBUG][2019-05-10 16:46:47] [8100] - [e:\wf\aips\branches\2019.1\config\pds\fab_develop\branches\pds_2019.1\source\sw\cdt\common\cdtcommunicate.cpp:898] : Revc exec: set progress bar start
[DEBUG][2019-05-10 16:46:47] [8100] - [e:\wf\aips\branches\2019.1\config\pds\fab_develop\branches\pds_2019.1\source\sw\cdt\common\cdtcommunicate.cpp:900] : Revc exec: set progress bar end
[DEBUG][2019-05-10 16:46:47] [8100] - [e:\wf\aips\branches\2019.1\config\pds\fab_develop\branches\pds_2019.1\source\sw\cdt\common\cdtcommunicate.cpp:890] : Recv RPC[0] cmd [set progress bar:40001]
[DEBUG][2019-05-10 16:46:47] [8100] - [e:\wf\aips\branches\2019.1\config\pds\fab_develop\branches\pds_2019.1\source\sw\cdt\debugger\dbgcommand.cpp:548] : The value is 95.
[DEBUG][2019-05-10 16:46:47] [8100] - [e:\wf\aips\branches\2019.1\config\pds\fab_develop\branches\pds_2019.1\source\sw\cdt\common\cdtcommunicate.cpp:898] : Revc exec: set progress bar start
[DEBUG][2019-05-10 16:46:47] [8100] - [e:\wf\aips\branches\2019.1\config\pds\fab_develop\branches\pds_2019.1\source\sw\cdt\common\cdtcommunicate.cpp:900] : Revc exec: set progress bar end
[DEBUG][2019-05-10 16:46:47] [8100] - [e:\wf\aips\branches\2019.1\config\pds\fab_develop\branches\pds_2019.1\source\sw\cdt\common\cdtcommunicate.cpp:890] : Recv RPC[0] cmd [set progress bar:40001]
[DEBUG][2019-05-10 16:46:47] [8100] - [e:\wf\aips\branches\2019.1\config\pds\fab_develop\branches\pds_2019.1\source\sw\cdt\debugger\dbgcommand.cpp:548] : The value is 100.
[DEBUG][2019-05-10 16:46:47] [8100] - [e:\wf\aips\branches\2019.1\config\pds\fab_develop\branches\pds_2019.1\source\sw\cdt\common\cdtcommunicate.cpp:898] : Revc exec: set progress bar start
[DEBUG][2019-05-10 16:46:48] [8100] - [e:\wf\aips\branches\2019.1\config\pds\fab_develop\branches\pds_2019.1\source\sw\cdt\common\cdtcommunicate.cpp:900] : Revc exec: set progress bar end
[DEBUG][2019-05-10 16:46:49] [8100] - [e:\wf\aips\branches\2019.1\config\pds\fab_develop\branches\pds_2019.1\source\sw\cdt\common\cdtcommunicate.cpp:890] : Recv RPC[4] cmd [configure:10002]
[DEBUG][2019-05-10 16:46:49] [8100] - [e:\wf\aips\branches\2019.1\config\pds\fab_develop\branches\pds_2019.1\source\sw\cdt\common\cdtcommunicate.cpp:898] : Revc exec: configure start
[DEBUG][2019-05-10 16:46:49] [8100] - [e:\wf\aips\branches\2019.1\config\pds\fab_develop\branches\pds_2019.1\source\sw\cdt\common\cdtcommunicate.cpp:900] : Revc exec: configure end
[DEBUG][2019-05-10 16:46:49] [8100] - [e:\wf\aips\branches\2019.1\config\pds\fab_develop\branches\pds_2019.1\source\sw\cdt\debugger\dbgclient.cpp:353] : COMMAND[configure] execute successfully, takes 2.1 secs.
[DEBUG][2019-05-10 16:46:54] [8100] - [e:\wf\aips\branches\2019.1\config\pds\fab_develop\branches\pds_2019.1\source\sw\cdt\debugger\dbgmainwindow.cpp:1397] : Operation: Read ADC register.
[DEBUG][2019-05-10 16:46:54] [8100] - [e:\wf\aips\branches\2019.1\config\pds\fab_develop\branches\pds_2019.1\source\sw\cdt\debugger\dbgclient.cpp:75] : Send RPC: 5.
[DEBUG][2019-05-10 16:46:54] [8100] - [e:\wf\aips\branches\2019.1\config\pds\fab_develop\branches\pds_2019.1\source\sw\cdt\common\cdtcommunicate.cpp:769] : Send cmd [read_adc_register:10012] OK
[DEBUG][2019-05-10 16:46:54] [8100] - [e:\wf\aips\branches\2019.1\config\pds\fab_develop\branches\pds_2019.1\source\sw\cdt\common\cdtcommunicate.cpp:890] : Recv RPC[5] cmd [read_adc_register:10012]
[DEBUG][2019-05-10 16:46:54] [8100] - [e:\wf\aips\branches\2019.1\config\pds\fab_develop\branches\pds_2019.1\source\sw\cdt\common\cdtcommunicate.cpp:898] : Revc exec: read_adc_register start
[DEBUG][2019-05-10 16:46:54] [8100] - [e:\wf\aips\branches\2019.1\config\pds\fab_develop\branches\pds_2019.1\source\sw\cdt\common\cdtcommunicate.cpp:900] : Revc exec: read_adc_register end
[DEBUG][2019-05-10 16:46:54] [8100] - [e:\wf\aips\branches\2019.1\config\pds\fab_develop\branches\pds_2019.1\source\sw\cdt\debugger\dbgclient.cpp:353] : COMMAND[read_adc_register] execute successfully, takes 0.4 secs.
[DEBUG][2019-05-10 16:46:55] [8100] - [e:\wf\aips\branches\2019.1\config\pds\fab_develop\branches\pds_2019.1\source\sw\cdt\debugger\dbgmainwindow.cpp:1397] : Operation: Read ADC register.
[DEBUG][2019-05-10 16:46:55] [8100] - [e:\wf\aips\branches\2019.1\config\pds\fab_develop\branches\pds_2019.1\source\sw\cdt\debugger\dbgclient.cpp:75] : Send RPC: 6.
[DEBUG][2019-05-10 16:46:55] [8100] - [e:\wf\aips\branches\2019.1\config\pds\fab_develop\branches\pds_2019.1\source\sw\cdt\common\cdtcommunicate.cpp:769] : Send cmd [read_adc_register:10012] OK
[DEBUG][2019-05-10 16:46:55] [8100] - [e:\wf\aips\branches\2019.1\config\pds\fab_develop\branches\pds_2019.1\source\sw\cdt\common\cdtcommunicate.cpp:890] : Recv RPC[6] cmd [read_adc_register:10012]
[DEBUG][2019-05-10 16:46:55] [8100] - [e:\wf\aips\branches\2019.1\config\pds\fab_develop\branches\pds_2019.1\source\sw\cdt\common\cdtcommunicate.cpp:898] : Revc exec: read_adc_register start
[DEBUG][2019-05-10 16:46:55] [8100] - [e:\wf\aips\branches\2019.1\config\pds\fab_develop\branches\pds_2019.1\source\sw\cdt\common\cdtcommunicate.cpp:900] : Revc exec: read_adc_register end
[DEBUG][2019-05-10 16:46:55] [8100] - [e:\wf\aips\branches\2019.1\config\pds\fab_develop\branches\pds_2019.1\source\sw\cdt\debugger\dbgclient.cpp:353] : COMMAND[read_adc_register] execute successfully, takes 0.4 secs.
[DEBUG][2019-05-10 16:46:56] [8100] - [e:\wf\aips\branches\2019.1\config\pds\fab_develop\branches\pds_2019.1\source\sw\cdt\debugger\dbgmainwindow.cpp:1397] : Operation: Read ADC register.
[DEBUG][2019-05-10 16:46:56] [8100] - [e:\wf\aips\branches\2019.1\config\pds\fab_develop\branches\pds_2019.1\source\sw\cdt\debugger\dbgclient.cpp:75] : Send RPC: 7.
[DEBUG][2019-05-10 16:46:56] [8100] - [e:\wf\aips\branches\2019.1\config\pds\fab_develop\branches\pds_2019.1\source\sw\cdt\common\cdtcommunicate.cpp:769] : Send cmd [read_adc_register:10012] OK
[DEBUG][2019-05-10 16:46:56] [8100] - [e:\wf\aips\branches\2019.1\config\pds\fab_develop\branches\pds_2019.1\source\sw\cdt\common\cdtcommunicate.cpp:890] : Recv RPC[7] cmd [read_adc_register:10012]
[DEBUG][2019-05-10 16:46:56] [8100] - [e:\wf\aips\branches\2019.1\config\pds\fab_develop\branches\pds_2019.1\source\sw\cdt\common\cdtcommunicate.cpp:898] : Revc exec: read_adc_register start
[DEBUG][2019-05-10 16:46:56] [8100] - [e:\wf\aips\branches\2019.1\config\pds\fab_develop\branches\pds_2019.1\source\sw\cdt\common\cdtcommunicate.cpp:900] : Revc exec: read_adc_register end
[DEBUG][2019-05-10 16:46:56] [8100] - [e:\wf\aips\branches\2019.1\config\pds\fab_develop\branches\pds_2019.1\source\sw\cdt\debugger\dbgclient.cpp:353] : COMMAND[read_adc_register] execute successfully, takes 0.4 secs.
[DEBUG][2019-05-10 16:46:57] [8100] - [e:\wf\aips\branches\2019.1\config\pds\fab_develop\branches\pds_2019.1\source\sw\cdt\debugger\dbgmainwindow.cpp:1397] : Operation: Read ADC register.
[DEBUG][2019-05-10 16:46:57] [8100] - [e:\wf\aips\branches\2019.1\config\pds\fab_develop\branches\pds_2019.1\source\sw\cdt\debugger\dbgclient.cpp:75] : Send RPC: 8.
[DEBUG][2019-05-10 16:46:57] [8100] - [e:\wf\aips\branches\2019.1\config\pds\fab_develop\branches\pds_2019.1\source\sw\cdt\common\cdtcommunicate.cpp:769] : Send cmd [read_adc_register:10012] OK
[DEBUG][2019-05-10 16:46:57] [8100] - [e:\wf\aips\branches\2019.1\config\pds\fab_develop\branches\pds_2019.1\source\sw\cdt\common\cdtcommunicate.cpp:890] : Recv RPC[8] cmd [read_adc_register:10012]
[DEBUG][2019-05-10 16:46:57] [8100] - [e:\wf\aips\branches\2019.1\config\pds\fab_develop\branches\pds_2019.1\source\sw\cdt\common\cdtcommunicate.cpp:898] : Revc exec: read_adc_register start
[DEBUG][2019-05-10 16:46:57] [8100] - [e:\wf\aips\branches\2019.1\config\pds\fab_develop\branches\pds_2019.1\source\sw\cdt\common\cdtcommunicate.cpp:900] : Revc exec: read_adc_register end
[DEBUG][2019-05-10 16:46:57] [8100] - [e:\wf\aips\branches\2019.1\config\pds\fab_develop\branches\pds_2019.1\source\sw\cdt\debugger\dbgclient.cpp:353] : COMMAND[read_adc_register] execute successfully, takes 0.4 secs.
[DEBUG][2019-05-10 16:46:58] [8100] - [e:\wf\aips\branches\2019.1\config\pds\fab_develop\branches\pds_2019.1\source\sw\cdt\debugger\dbgmainwindow.cpp:1397] : Operation: Read ADC register.
[DEBUG][2019-05-10 16:46:58] [8100] - [e:\wf\aips\branches\2019.1\config\pds\fab_develop\branches\pds_2019.1\source\sw\cdt\debugger\dbgclient.cpp:75] : Send RPC: 9.
[DEBUG][2019-05-10 16:46:58] [8100] - [e:\wf\aips\branches\2019.1\config\pds\fab_develop\branches\pds_2019.1\source\sw\cdt\common\cdtcommunicate.cpp:769] : Send cmd [read_adc_register:10012] OK
[DEBUG][2019-05-10 16:46:58] [8100] - [e:\wf\aips\branches\2019.1\config\pds\fab_develop\branches\pds_2019.1\source\sw\cdt\common\cdtcommunicate.cpp:890] : Recv RPC[9] cmd [read_adc_register:10012]
[DEBUG][2019-05-10 16:46:58] [8100] - [e:\wf\aips\branches\2019.1\config\pds\fab_develop\branches\pds_2019.1\source\sw\cdt\common\cdtcommunicate.cpp:898] : Revc exec: read_adc_register start
[DEBUG][2019-05-10 16:46:58] [8100] - [e:\wf\aips\branches\2019.1\config\pds\fab_develop\branches\pds_2019.1\source\sw\cdt\common\cdtcommunicate.cpp:900] : Revc exec: read_adc_register end
[DEBUG][2019-05-10 16:46:58] [8100] - [e:\wf\aips\branches\2019.1\config\pds\fab_develop\branches\pds_2019.1\source\sw\cdt\debugger\dbgclient.cpp:353] : COMMAND[read_adc_register] execute successfully, takes 0.4 secs.
[DEBUG][2019-05-10 16:46:59] [8100] - [e:\wf\aips\branches\2019.1\config\pds\fab_develop\branches\pds_2019.1\source\sw\cdt\debugger\dbgmainwindow.cpp:1397] : Operation: Read ADC register.
[DEBUG][2019-05-10 16:46:59] [8100] - [e:\wf\aips\branches\2019.1\config\pds\fab_develop\branches\pds_2019.1\source\sw\cdt\debugger\dbgclient.cpp:75] : Send RPC: 10.
[DEBUG][2019-05-10 16:46:59] [8100] - [e:\wf\aips\branches\2019.1\config\pds\fab_develop\branches\pds_2019.1\source\sw\cdt\common\cdtcommunicate.cpp:769] : Send cmd [read_adc_register:10012] OK
[DEBUG][2019-05-10 16:46:59] [8100] - [e:\wf\aips\branches\2019.1\config\pds\fab_develop\branches\pds_2019.1\source\sw\cdt\common\cdtcommunicate.cpp:890] : Recv RPC[10] cmd [read_adc_register:10012]
[DEBUG][2019-05-10 16:46:59] [8100] - [e:\wf\aips\branches\2019.1\config\pds\fab_develop\branches\pds_2019.1\source\sw\cdt\common\cdtcommunicate.cpp:898] : Revc exec: read_adc_register start
[DEBUG][2019-05-10 16:46:59] [8100] - [e:\wf\aips\branches\2019.1\config\pds\fab_develop\branches\pds_2019.1\source\sw\cdt\common\cdtcommunicate.cpp:900] : Revc exec: read_adc_register end
[DEBUG][2019-05-10 16:46:59] [8100] - [e:\wf\aips\branches\2019.1\config\pds\fab_develop\branches\pds_2019.1\source\sw\cdt\debugger\dbgclient.cpp:353] : COMMAND[read_adc_register] execute successfully, takes 0.4 secs.
[DEBUG][2019-05-10 16:47:00] [8100] - [e:\wf\aips\branches\2019.1\config\pds\fab_develop\branches\pds_2019.1\source\sw\cdt\debugger\dbgmainwindow.cpp:1397] : Operation: Read ADC register.
[DEBUG][2019-05-10 16:47:00] [8100] - [e:\wf\aips\branches\2019.1\config\pds\fab_develop\branches\pds_2019.1\source\sw\cdt\debugger\dbgclient.cpp:75] : Send RPC: 11.
[DEBUG][2019-05-10 16:47:00] [8100] - [e:\wf\aips\branches\2019.1\config\pds\fab_develop\branches\pds_2019.1\source\sw\cdt\common\cdtcommunicate.cpp:769] : Send cmd [read_adc_register:10012] OK
[DEBUG][2019-05-10 16:47:00] [8100] - [e:\wf\aips\branches\2019.1\config\pds\fab_develop\branches\pds_2019.1\source\sw\cdt\common\cdtcommunicate.cpp:890] : Recv RPC[11] cmd [read_adc_register:10012]
[DEBUG][2019-05-10 16:47:00] [8100] - [e:\wf\aips\branches\2019.1\config\pds\fab_develop\branches\pds_2019.1\source\sw\cdt\common\cdtcommunicate.cpp:898] : Revc exec: read_adc_register start
[DEBUG][2019-05-10 16:47:00] [8100] - [e:\wf\aips\branches\2019.1\config\pds\fab_develop\branches\pds_2019.1\source\sw\cdt\common\cdtcommunicate.cpp:900] : Revc exec: read_adc_register end
[DEBUG][2019-05-10 16:47:00] [8100] - [e:\wf\aips\branches\2019.1\config\pds\fab_develop\branches\pds_2019.1\source\sw\cdt\debugger\dbgclient.cpp:353] : COMMAND[read_adc_register] execute successfully, takes 0.4 secs.
[DEBUG][2019-05-10 16:47:01] [8100] - [e:\wf\aips\branches\2019.1\config\pds\fab_develop\branches\pds_2019.1\source\sw\cdt\debugger\dbgmainwindow.cpp:1397] : Operation: Read ADC register.
[DEBUG][2019-05-10 16:47:01] [8100] - [e:\wf\aips\branches\2019.1\config\pds\fab_develop\branches\pds_2019.1\source\sw\cdt\debugger\dbgclient.cpp:75] : Send RPC: 12.
[DEBUG][2019-05-10 16:47:01] [8100] - [e:\wf\aips\branches\2019.1\config\pds\fab_develop\branches\pds_2019.1\source\sw\cdt\common\cdtcommunicate.cpp:769] : Send cmd [read_adc_register:10012] OK
[DEBUG][2019-05-10 16:47:01] [8100] - [e:\wf\aips\branches\2019.1\config\pds\fab_develop\branches\pds_2019.1\source\sw\cdt\common\cdtcommunicate.cpp:890] : Recv RPC[12] cmd [read_adc_register:10012]
[DEBUG][2019-05-10 16:47:01] [8100] - [e:\wf\aips\branches\2019.1\config\pds\fab_develop\branches\pds_2019.1\source\sw\cdt\common\cdtcommunicate.cpp:898] : Revc exec: read_adc_register start
[DEBUG][2019-05-10 16:47:01] [8100] - [e:\wf\aips\branches\2019.1\config\pds\fab_develop\branches\pds_2019.1\source\sw\cdt\common\cdtcommunicate.cpp:900] : Revc exec: read_adc_register end
[DEBUG][2019-05-10 16:47:01] [8100] - [e:\wf\aips\branches\2019.1\config\pds\fab_develop\branches\pds_2019.1\source\sw\cdt\debugger\dbgclient.cpp:353] : COMMAND[read_adc_register] execute successfully, takes 0.4 secs.
[DEBUG][2019-05-10 16:47:02] [8100] - [e:\wf\aips\branches\2019.1\config\pds\fab_develop\branches\pds_2019.1\source\sw\cdt\debugger\dbgmainwindow.cpp:1397] : Operation: Read ADC register.
[DEBUG][2019-05-10 16:47:02] [8100] - [e:\wf\aips\branches\2019.1\config\pds\fab_develop\branches\pds_2019.1\source\sw\cdt\debugger\dbgclient.cpp:75] : Send RPC: 13.
[DEBUG][2019-05-10 16:47:02] [8100] - [e:\wf\aips\branches\2019.1\config\pds\fab_develop\branches\pds_2019.1\source\sw\cdt\common\cdtcommunicate.cpp:769] : Send cmd [read_adc_register:10012] OK
[DEBUG][2019-05-10 16:47:02] [8100] - [e:\wf\aips\branches\2019.1\config\pds\fab_develop\branches\pds_2019.1\source\sw\cdt\common\cdtcommunicate.cpp:890] : Recv RPC[13] cmd [read_adc_register:10012]
[DEBUG][2019-05-10 16:47:02] [8100] - [e:\wf\aips\branches\2019.1\config\pds\fab_develop\branches\pds_2019.1\source\sw\cdt\common\cdtcommunicate.cpp:898] : Revc exec: read_adc_register start
[DEBUG][2019-05-10 16:47:02] [8100] - [e:\wf\aips\branches\2019.1\config\pds\fab_develop\branches\pds_2019.1\source\sw\cdt\common\cdtcommunicate.cpp:900] : Revc exec: read_adc_register end
[DEBUG][2019-05-10 16:47:02] [8100] - [e:\wf\aips\branches\2019.1\config\pds\fab_develop\branches\pds_2019.1\source\sw\cdt\debugger\dbgclient.cpp:353] : COMMAND[read_adc_register] execute successfully, takes 0.4 secs.
[DEBUG][2019-05-10 16:47:03] [8100] - [e:\wf\aips\branches\2019.1\config\pds\fab_develop\branches\pds_2019.1\source\sw\cdt\debugger\dbgmainwindow.cpp:1397] : Operation: Read ADC register.
[DEBUG][2019-05-10 16:47:03] [8100] - [e:\wf\aips\branches\2019.1\config\pds\fab_develop\branches\pds_2019.1\source\sw\cdt\debugger\dbgclient.cpp:75] : Send RPC: 14.
[DEBUG][2019-05-10 16:47:03] [8100] - [e:\wf\aips\branches\2019.1\config\pds\fab_develop\branches\pds_2019.1\source\sw\cdt\common\cdtcommunicate.cpp:769] : Send cmd [read_adc_register:10012] OK
[DEBUG][2019-05-10 16:47:03] [8100] - [e:\wf\aips\branches\2019.1\config\pds\fab_develop\branches\pds_2019.1\source\sw\cdt\common\cdtcommunicate.cpp:890] : Recv RPC[14] cmd [read_adc_register:10012]
[DEBUG][2019-05-10 16:47:03] [8100] - [e:\wf\aips\branches\2019.1\config\pds\fab_develop\branches\pds_2019.1\source\sw\cdt\common\cdtcommunicate.cpp:898] : Revc exec: read_adc_register start
[DEBUG][2019-05-10 16:47:03] [8100] - [e:\wf\aips\branches\2019.1\config\pds\fab_develop\branches\pds_2019.1\source\sw\cdt\common\cdtcommunicate.cpp:900] : Revc exec: read_adc_register end
[DEBUG][2019-05-10 16:47:03] [8100] - [e:\wf\aips\branches\2019.1\config\pds\fab_develop\branches\pds_2019.1\source\sw\cdt\debugger\dbgclient.cpp:353] : COMMAND[read_adc_register] execute successfully, takes 0.4 secs.
[DEBUG][2019-05-10 16:47:04] [8100] - [e:\wf\aips\branches\2019.1\config\pds\fab_develop\branches\pds_2019.1\source\sw\cdt\debugger\dbgmainwindow.cpp:1397] : Operation: Read ADC register.
[DEBUG][2019-05-10 16:47:04] [8100] - [e:\wf\aips\branches\2019.1\config\pds\fab_develop\branches\pds_2019.1\source\sw\cdt\debugger\dbgclient.cpp:75] : Send RPC: 15.
[DEBUG][2019-05-10 16:47:04] [8100] - [e:\wf\aips\branches\2019.1\config\pds\fab_develop\branches\pds_2019.1\source\sw\cdt\common\cdtcommunicate.cpp:769] : Send cmd [read_adc_register:10012] OK
[DEBUG][2019-05-10 16:47:04] [8100] - [e:\wf\aips\branches\2019.1\config\pds\fab_develop\branches\pds_2019.1\source\sw\cdt\common\cdtcommunicate.cpp:890] : Recv RPC[15] cmd [read_adc_register:10012]
[DEBUG][2019-05-10 16:47:04] [8100] - [e:\wf\aips\branches\2019.1\config\pds\fab_develop\branches\pds_2019.1\source\sw\cdt\common\cdtcommunicate.cpp:898] : Revc exec: read_adc_register start
[DEBUG][2019-05-10 16:47:04] [8100] - [e:\wf\aips\branches\2019.1\config\pds\fab_develop\branches\pds_2019.1\source\sw\cdt\common\cdtcommunicate.cpp:900] : Revc exec: read_adc_register end
[DEBUG][2019-05-10 16:47:04] [8100] - [e:\wf\aips\branches\2019.1\config\pds\fab_develop\branches\pds_2019.1\source\sw\cdt\debugger\dbgclient.cpp:353] : COMMAND[read_adc_register] execute successfully, takes 0.4 secs.
[DEBUG][2019-05-10 16:47:05] [8100] - [e:\wf\aips\branches\2019.1\config\pds\fab_develop\branches\pds_2019.1\source\sw\cdt\debugger\dbgmainwindow.cpp:1397] : Operation: Read ADC register.
[DEBUG][2019-05-10 16:47:05] [8100] - [e:\wf\aips\branches\2019.1\config\pds\fab_develop\branches\pds_2019.1\source\sw\cdt\debugger\dbgclient.cpp:75] : Send RPC: 16.
[DEBUG][2019-05-10 16:47:05] [8100] - [e:\wf\aips\branches\2019.1\config\pds\fab_develop\branches\pds_2019.1\source\sw\cdt\common\cdtcommunicate.cpp:769] : Send cmd [read_adc_register:10012] OK
[DEBUG][2019-05-10 16:47:05] [8100] - [e:\wf\aips\branches\2019.1\config\pds\fab_develop\branches\pds_2019.1\source\sw\cdt\common\cdtcommunicate.cpp:890] : Recv RPC[16] cmd [read_adc_register:10012]
[DEBUG][2019-05-10 16:47:05] [8100] - [e:\wf\aips\branches\2019.1\config\pds\fab_develop\branches\pds_2019.1\source\sw\cdt\common\cdtcommunicate.cpp:898] : Revc exec: read_adc_register start
[DEBUG][2019-05-10 16:47:05] [8100] - [e:\wf\aips\branches\2019.1\config\pds\fab_develop\branches\pds_2019.1\source\sw\cdt\common\cdtcommunicate.cpp:900] : Revc exec: read_adc_register end
[DEBUG][2019-05-10 16:47:05] [8100] - [e:\wf\aips\branches\2019.1\config\pds\fab_develop\branches\pds_2019.1\source\sw\cdt\debugger\dbgclient.cpp:353] : COMMAND[read_adc_register] execute successfully, takes 0.4 secs.
[DEBUG][2019-05-10 16:47:06] [8100] - [e:\wf\aips\branches\2019.1\config\pds\fab_develop\branches\pds_2019.1\source\sw\cdt\debugger\dbgmainwindow.cpp:1397] : Operation: Read ADC register.
[DEBUG][2019-05-10 16:47:06] [8100] - [e:\wf\aips\branches\2019.1\config\pds\fab_develop\branches\pds_2019.1\source\sw\cdt\debugger\dbgclient.cpp:75] : Send RPC: 17.
[DEBUG][2019-05-10 16:47:06] [8100] - [e:\wf\aips\branches\2019.1\config\pds\fab_develop\branches\pds_2019.1\source\sw\cdt\common\cdtcommunicate.cpp:769] : Send cmd [read_adc_register:10012] OK
[DEBUG][2019-05-10 16:47:06] [8100] - [e:\wf\aips\branches\2019.1\config\pds\fab_develop\branches\pds_2019.1\source\sw\cdt\common\cdtcommunicate.cpp:890] : Recv RPC[17] cmd [read_adc_register:10012]
[DEBUG][2019-05-10 16:47:06] [8100] - [e:\wf\aips\branches\2019.1\config\pds\fab_develop\branches\pds_2019.1\source\sw\cdt\common\cdtcommunicate.cpp:898] : Revc exec: read_adc_register start
[DEBUG][2019-05-10 16:47:06] [8100] - [e:\wf\aips\branches\2019.1\config\pds\fab_develop\branches\pds_2019.1\source\sw\cdt\common\cdtcommunicate.cpp:900] : Revc exec: read_adc_register end
[DEBUG][2019-05-10 16:47:06] [8100] - [e:\wf\aips\branches\2019.1\config\pds\fab_develop\branches\pds_2019.1\source\sw\cdt\debugger\dbgclient.cpp:353] : COMMAND[read_adc_register] execute successfully, takes 0.4 secs.
[DEBUG][2019-05-10 16:47:07] [8100] - [e:\wf\aips\branches\2019.1\config\pds\fab_develop\branches\pds_2019.1\source\sw\cdt\debugger\dbgmainwindow.cpp:1397] : Operation: Read ADC register.
[DEBUG][2019-05-10 16:47:07] [8100] - [e:\wf\aips\branches\2019.1\config\pds\fab_develop\branches\pds_2019.1\source\sw\cdt\debugger\dbgclient.cpp:75] : Send RPC: 18.
[DEBUG][2019-05-10 16:47:07] [8100] - [e:\wf\aips\branches\2019.1\config\pds\fab_develop\branches\pds_2019.1\source\sw\cdt\common\cdtcommunicate.cpp:769] : Send cmd [read_adc_register:10012] OK
[DEBUG][2019-05-10 16:47:07] [8100] - [e:\wf\aips\branches\2019.1\config\pds\fab_develop\branches\pds_2019.1\source\sw\cdt\common\cdtcommunicate.cpp:890] : Recv RPC[18] cmd [read_adc_register:10012]
[DEBUG][2019-05-10 16:47:07] [8100] - [e:\wf\aips\branches\2019.1\config\pds\fab_develop\branches\pds_2019.1\source\sw\cdt\common\cdtcommunicate.cpp:898] : Revc exec: read_adc_register start
[DEBUG][2019-05-10 16:47:07] [8100] - [e:\wf\aips\branches\2019.1\config\pds\fab_develop\branches\pds_2019.1\source\sw\cdt\common\cdtcommunicate.cpp:900] : Revc exec: read_adc_register end
[DEBUG][2019-05-10 16:47:07] [8100] - [e:\wf\aips\branches\2019.1\config\pds\fab_develop\branches\pds_2019.1\source\sw\cdt\debugger\dbgclient.cpp:353] : COMMAND[read_adc_register] execute successfully, takes 0.4 secs.
[DEBUG][2019-05-10 16:47:08] [8100] - [e:\wf\aips\branches\2019.1\config\pds\fab_develop\branches\pds_2019.1\source\sw\cdt\debugger\dbgmainwindow.cpp:1397] : Operation: Read ADC register.
[DEBUG][2019-05-10 16:47:08] [8100] - [e:\wf\aips\branches\2019.1\config\pds\fab_develop\branches\pds_2019.1\source\sw\cdt\debugger\dbgclient.cpp:75] : Send RPC: 19.
[DEBUG][2019-05-10 16:47:08] [8100] - [e:\wf\aips\branches\2019.1\config\pds\fab_develop\branches\pds_2019.1\source\sw\cdt\common\cdtcommunicate.cpp:769] : Send cmd [read_adc_register:10012] OK
[DEBUG][2019-05-10 16:47:08] [8100] - [e:\wf\aips\branches\2019.1\config\pds\fab_develop\branches\pds_2019.1\source\sw\cdt\common\cdtcommunicate.cpp:890] : Recv RPC[19] cmd [read_adc_register:10012]
[DEBUG][2019-05-10 16:47:08] [8100] - [e:\wf\aips\branches\2019.1\config\pds\fab_develop\branches\pds_2019.1\source\sw\cdt\common\cdtcommunicate.cpp:898] : Revc exec: read_adc_register start
[DEBUG][2019-05-10 16:47:08] [8100] - [e:\wf\aips\branches\2019.1\config\pds\fab_develop\branches\pds_2019.1\source\sw\cdt\common\cdtcommunicate.cpp:900] : Revc exec: read_adc_register end
[DEBUG][2019-05-10 16:47:08] [8100] - [e:\wf\aips\branches\2019.1\config\pds\fab_develop\branches\pds_2019.1\source\sw\cdt\debugger\dbgclient.cpp:353] : COMMAND[read_adc_register] execute successfully, takes 0.4 secs.
[DEBUG][2019-05-10 16:47:09] [8100] - [e:\wf\aips\branches\2019.1\config\pds\fab_develop\branches\pds_2019.1\source\sw\cdt\debugger\dbgmainwindow.cpp:1397] : Operation: Read ADC register.
[DEBUG][2019-05-10 16:47:09] [8100] - [e:\wf\aips\branches\2019.1\config\pds\fab_develop\branches\pds_2019.1\source\sw\cdt\debugger\dbgclient.cpp:75] : Send RPC: 20.
[DEBUG][2019-05-10 16:47:09] [8100] - [e:\wf\aips\branches\2019.1\config\pds\fab_develop\branches\pds_2019.1\source\sw\cdt\common\cdtcommunicate.cpp:769] : Send cmd [read_adc_register:10012] OK
[DEBUG][2019-05-10 16:47:09] [8100] - [e:\wf\aips\branches\2019.1\config\pds\fab_develop\branches\pds_2019.1\source\sw\cdt\common\cdtcommunicate.cpp:890] : Recv RPC[20] cmd [read_adc_register:10012]
[DEBUG][2019-05-10 16:47:09] [8100] - [e:\wf\aips\branches\2019.1\config\pds\fab_develop\branches\pds_2019.1\source\sw\cdt\common\cdtcommunicate.cpp:898] : Revc exec: read_adc_register start
[DEBUG][2019-05-10 16:47:09] [8100] - [e:\wf\aips\branches\2019.1\config\pds\fab_develop\branches\pds_2019.1\source\sw\cdt\common\cdtcommunicate.cpp:900] : Revc exec: read_adc_register end
[DEBUG][2019-05-10 16:47:09] [8100] - [e:\wf\aips\branches\2019.1\config\pds\fab_develop\branches\pds_2019.1\source\sw\cdt\debugger\dbgclient.cpp:353] : COMMAND[read_adc_register] execute successfully, takes 0.4 secs.
[DEBUG][2019-05-10 16:47:10] [8100] - [e:\wf\aips\branches\2019.1\config\pds\fab_develop\branches\pds_2019.1\source\sw\cdt\debugger\dbgmainwindow.cpp:1397] : Operation: Read ADC register.
[DEBUG][2019-05-10 16:47:10] [8100] - [e:\wf\aips\branches\2019.1\config\pds\fab_develop\branches\pds_2019.1\source\sw\cdt\debugger\dbgclient.cpp:75] : Send RPC: 21.
[DEBUG][2019-05-10 16:47:10] [8100] - [e:\wf\aips\branches\2019.1\config\pds\fab_develop\branches\pds_2019.1\source\sw\cdt\common\cdtcommunicate.cpp:769] : Send cmd [read_adc_register:10012] OK
[DEBUG][2019-05-10 16:47:10] [8100] - [e:\wf\aips\branches\2019.1\config\pds\fab_develop\branches\pds_2019.1\source\sw\cdt\common\cdtcommunicate.cpp:890] : Recv RPC[21] cmd [read_adc_register:10012]
[DEBUG][2019-05-10 16:47:10] [8100] - [e:\wf\aips\branches\2019.1\config\pds\fab_develop\branches\pds_2019.1\source\sw\cdt\common\cdtcommunicate.cpp:898] : Revc exec: read_adc_register start
[DEBUG][2019-05-10 16:47:10] [8100] - [e:\wf\aips\branches\2019.1\config\pds\fab_develop\branches\pds_2019.1\source\sw\cdt\common\cdtcommunicate.cpp:900] : Revc exec: read_adc_register end
[DEBUG][2019-05-10 16:47:10] [8100] - [e:\wf\aips\branches\2019.1\config\pds\fab_develop\branches\pds_2019.1\source\sw\cdt\debugger\dbgclient.cpp:353] : COMMAND[read_adc_register] execute successfully, takes 0.4 secs.
[DEBUG][2019-05-10 16:47:11] [8100] - [e:\wf\aips\branches\2019.1\config\pds\fab_develop\branches\pds_2019.1\source\sw\cdt\debugger\dbgmainwindow.cpp:1397] : Operation: Read ADC register.
[DEBUG][2019-05-10 16:47:11] [8100] - [e:\wf\aips\branches\2019.1\config\pds\fab_develop\branches\pds_2019.1\source\sw\cdt\debugger\dbgclient.cpp:75] : Send RPC: 22.
[DEBUG][2019-05-10 16:47:11] [8100] - [e:\wf\aips\branches\2019.1\config\pds\fab_develop\branches\pds_2019.1\source\sw\cdt\common\cdtcommunicate.cpp:769] : Send cmd [read_adc_register:10012] OK
[DEBUG][2019-05-10 16:47:11] [8100] - [e:\wf\aips\branches\2019.1\config\pds\fab_develop\branches\pds_2019.1\source\sw\cdt\common\cdtcommunicate.cpp:890] : Recv RPC[22] cmd [read_adc_register:10012]
[DEBUG][2019-05-10 16:47:11] [8100] - [e:\wf\aips\branches\2019.1\config\pds\fab_develop\branches\pds_2019.1\source\sw\cdt\common\cdtcommunicate.cpp:898] : Revc exec: read_adc_register start
[DEBUG][2019-05-10 16:47:11] [8100] - [e:\wf\aips\branches\2019.1\config\pds\fab_develop\branches\pds_2019.1\source\sw\cdt\common\cdtcommunicate.cpp:900] : Revc exec: read_adc_register end
[DEBUG][2019-05-10 16:47:11] [8100] - [e:\wf\aips\branches\2019.1\config\pds\fab_develop\branches\pds_2019.1\source\sw\cdt\debugger\dbgclient.cpp:353] : COMMAND[read_adc_register] execute successfully, takes 0.4 secs.
[DEBUG][2019-05-10 16:47:12] [8100] - [e:\wf\aips\branches\2019.1\config\pds\fab_develop\branches\pds_2019.1\source\sw\cdt\debugger\dbgmainwindow.cpp:1397] : Operation: Read ADC register.
[DEBUG][2019-05-10 16:47:12] [8100] - [e:\wf\aips\branches\2019.1\config\pds\fab_develop\branches\pds_2019.1\source\sw\cdt\debugger\dbgclient.cpp:75] : Send RPC: 23.
[DEBUG][2019-05-10 16:47:12] [8100] - [e:\wf\aips\branches\2019.1\config\pds\fab_develop\branches\pds_2019.1\source\sw\cdt\common\cdtcommunicate.cpp:769] : Send cmd [read_adc_register:10012] OK
[DEBUG][2019-05-10 16:47:12] [8100] - [e:\wf\aips\branches\2019.1\config\pds\fab_develop\branches\pds_2019.1\source\sw\cdt\common\cdtcommunicate.cpp:890] : Recv RPC[23] cmd [read_adc_register:10012]
[DEBUG][2019-05-10 16:47:12] [8100] - [e:\wf\aips\branches\2019.1\config\pds\fab_develop\branches\pds_2019.1\source\sw\cdt\common\cdtcommunicate.cpp:898] : Revc exec: read_adc_register start
[DEBUG][2019-05-10 16:47:12] [8100] - [e:\wf\aips\branches\2019.1\config\pds\fab_develop\branches\pds_2019.1\source\sw\cdt\common\cdtcommunicate.cpp:900] : Revc exec: read_adc_register end
[DEBUG][2019-05-10 16:47:12] [8100] - [e:\wf\aips\branches\2019.1\config\pds\fab_develop\branches\pds_2019.1\source\sw\cdt\debugger\dbgclient.cpp:353] : COMMAND[read_adc_register] execute successfully, takes 0.4 secs.
[DEBUG][2019-05-10 16:47:13] [8100] - [e:\wf\aips\branches\2019.1\config\pds\fab_develop\branches\pds_2019.1\source\sw\cdt\debugger\dbgmainwindow.cpp:1397] : Operation: Read ADC register.
[DEBUG][2019-05-10 16:47:13] [8100] - [e:\wf\aips\branches\2019.1\config\pds\fab_develop\branches\pds_2019.1\source\sw\cdt\debugger\dbgclient.cpp:75] : Send RPC: 24.
[DEBUG][2019-05-10 16:47:13] [8100] - [e:\wf\aips\branches\2019.1\config\pds\fab_develop\branches\pds_2019.1\source\sw\cdt\common\cdtcommunicate.cpp:769] : Send cmd [read_adc_register:10012] OK
[DEBUG][2019-05-10 16:47:14] [8100] - [e:\wf\aips\branches\2019.1\config\pds\fab_develop\branches\pds_2019.1\source\sw\cdt\debugger\dbgmainwindow.cpp:1397] : Operation: Read ADC register.
[DEBUG][2019-05-10 16:47:14] [8100] - [e:\wf\aips\branches\2019.1\config\pds\fab_develop\branches\pds_2019.1\source\sw\cdt\debugger\dbgclient.cpp:75] : Send RPC: 25.
[DEBUG][2019-05-10 16:47:14] [8100] - [e:\wf\aips\branches\2019.1\config\pds\fab_develop\branches\pds_2019.1\source\sw\cdt\common\cdtcommunicate.cpp:769] : Send cmd [read_adc_register:10012] OK
[DEBUG][2019-05-10 16:47:15] [8100] - [e:\wf\aips\branches\2019.1\config\pds\fab_develop\branches\pds_2019.1\source\sw\cdt\debugger\dbgmainwindow.cpp:1397] : Operation: Read ADC register.
[DEBUG][2019-05-10 16:47:15] [8100] - [e:\wf\aips\branches\2019.1\config\pds\fab_develop\branches\pds_2019.1\source\sw\cdt\debugger\dbgclient.cpp:75] : Send RPC: 26.
[DEBUG][2019-05-10 16:47:15] [8100] - [e:\wf\aips\branches\2019.1\config\pds\fab_develop\branches\pds_2019.1\source\sw\cdt\common\cdtcommunicate.cpp:769] : Send cmd [read_adc_register:10012] OK
[DEBUG][2019-05-10 16:47:15] [8100] - [e:\wf\aips\branches\2019.1\config\pds\fab_develop\branches\pds_2019.1\source\sw\cdt\debugger\dbgmainwindow.cpp:1936] : Operation: Try to close window.
[DEBUG][2019-05-10 16:47:16] [8100] - [e:\wf\aips\branches\2019.1\config\pds\fab_develop\branches\pds_2019.1\source\sw\cdt\debugger\dbgmainwindow.cpp:1397] : Operation: Read ADC register.
[DEBUG][2019-05-10 16:47:16] [8100] - [e:\wf\aips\branches\2019.1\config\pds\fab_develop\branches\pds_2019.1\source\sw\cdt\debugger\dbgclient.cpp:75] : Send RPC: 27.
[DEBUG][2019-05-10 16:47:16] [8100] - [e:\wf\aips\branches\2019.1\config\pds\fab_develop\branches\pds_2019.1\source\sw\cdt\common\cdtcommunicate.cpp:769] : Send cmd [read_adc_register:10012] OK
[DEBUG][2019-05-10 16:47:17] [8100] - [e:\wf\aips\branches\2019.1\config\pds\fab_develop\branches\pds_2019.1\source\sw\cdt\common\cdtcommunicate.cpp:890] : Recv RPC[24] cmd [read_adc_register:10012]
[DEBUG][2019-05-10 16:47:17] [8100] - [e:\wf\aips\branches\2019.1\config\pds\fab_develop\branches\pds_2019.1\source\sw\cdt\common\cdtcommunicate.cpp:898] : Revc exec: read_adc_register start
[ERROR][2019-05-10 16:47:17] [8100] - [e:\wf\aips\branches\2019.1\config\pds\fab_develop\branches\pds_2019.1\source\sw\cdt\debugger\dbgcommand.cpp:418] : Fail to exec AdcRegisterOperate command.
[ERROR][2019-05-10 16:47:17] [8100] - [e:\wf\aips\branches\2019.1\config\pds\fab_develop\branches\pds_2019.1\source\sw\cdt\debugger\dbgcommand.cpp:60] : cmdid:10012 HandleErrorExec msg:JtagServer 0306: No devices detected while scanning the JTAG chain, failed detecting JTAG device chain.
[DEBUG][2019-05-10 16:47:17] [8100] - [e:\wf\aips\branches\2019.1\config\pds\fab_develop\branches\pds_2019.1\source\sw\cdt\common\cdtcommunicate.cpp:900] : Revc exec: read_adc_register end
[ERROR][2019-05-10 16:47:17] [8100] - [e:\wf\aips\branches\2019.1\config\pds\fab_develop\branches\pds_2019.1\source\sw\cdt\common\cdttclconsole.cpp:1033] : MsgOut: Debugger 0006: Command read_adc_register exec unsuccessfully.
[DEBUG][2019-05-10 16:47:17] [8100] - [e:\wf\aips\branches\2019.1\config\pds\fab_develop\branches\pds_2019.1\source\sw\cdt\debugger\dbgmainwindow.cpp:1397] : Operation: Read ADC register.
[DEBUG][2019-05-10 16:47:17] [8100] - [e:\wf\aips\branches\2019.1\config\pds\fab_develop\branches\pds_2019.1\source\sw\cdt\debugger\dbgclient.cpp:75] : Send RPC: 28.
[DEBUG][2019-05-10 16:47:17] [8100] - [e:\wf\aips\branches\2019.1\config\pds\fab_develop\branches\pds_2019.1\source\sw\cdt\common\cdtcommunicate.cpp:769] : Send cmd [read_adc_register:10012] OK
[DEBUG][2019-05-10 16:47:18] [8100] - [e:\wf\aips\branches\2019.1\config\pds\fab_develop\branches\pds_2019.1\source\sw\cdt\debugger\dbgmainwindow.cpp:1397] : Operation: Read ADC register.
[DEBUG][2019-05-10 16:47:18] [8100] - [e:\wf\aips\branches\2019.1\config\pds\fab_develop\branches\pds_2019.1\source\sw\cdt\debugger\dbgclient.cpp:75] : Send RPC: 29.
[DEBUG][2019-05-10 16:47:18] [8100] - [e:\wf\aips\branches\2019.1\config\pds\fab_develop\branches\pds_2019.1\source\sw\cdt\common\cdtcommunicate.cpp:769] : Send cmd [read_adc_register:10012] OK
[DEBUG][2019-05-10 16:47:20] [8100] - [e:\wf\aips\branches\2019.1\config\pds\fab_develop\branches\pds_2019.1\source\sw\cdt\debugger\dbgmainwindow.cpp:1936] : Operation: Try to close window.
[DEBUG][2019-05-10 16:47:21] [8100] - [e:\wf\aips\branches\2019.1\config\pds\fab_develop\branches\pds_2019.1\source\sw\cdt\common\cdtcommunicate.cpp:890] : Recv RPC[25] cmd [read_adc_register:10012]
[DEBUG][2019-05-10 16:47:21] [8100] - [e:\wf\aips\branches\2019.1\config\pds\fab_develop\branches\pds_2019.1\source\sw\cdt\common\cdtcommunicate.cpp:898] : Revc exec: read_adc_register start
[ERROR][2019-05-10 16:47:21] [8100] - [e:\wf\aips\branches\2019.1\config\pds\fab_develop\branches\pds_2019.1\source\sw\cdt\debugger\dbgcommand.cpp:418] : Fail to exec AdcRegisterOperate command.
[ERROR][2019-05-10 16:47:21] [8100] - [e:\wf\aips\branches\2019.1\config\pds\fab_develop\branches\pds_2019.1\source\sw\cdt\debugger\dbgcommand.cpp:60] : cmdid:10012 HandleErrorExec msg:JtagServer 0306: No devices detected while scanning the JTAG chain, failed detecting JTAG device chain.
[DEBUG][2019-05-10 16:47:21] [8100] - [e:\wf\aips\branches\2019.1\config\pds\fab_develop\branches\pds_2019.1\source\sw\cdt\common\cdtcommunicate.cpp:900] : Revc exec: read_adc_register end
[ERROR][2019-05-10 16:47:21] [8100] - [e:\wf\aips\branches\2019.1\config\pds\fab_develop\branches\pds_2019.1\source\sw\cdt\common\cdttclconsole.cpp:1033] : MsgOut: Debugger 0006: Command read_adc_register exec unsuccessfully.
[DEBUG][2019-05-10 16:47:23] [8100] - [e:\wf\aips\branches\2019.1\config\pds\fab_develop\branches\pds_2019.1\source\sw\cdt\debugger\dbgmainwindow.cpp:1936] : Operation: Try to close window.
[DEBUG][2019-05-10 16:47:23] [8100] - [e:\wf\aips\branches\2019.1\config\pds\fab_develop\branches\pds_2019.1\source\sw\cdt\debugger\main.cpp:136] : /*************************** 2019-05-10 16:47:23  End ***************************/
[DEBUG][2019-05-14 15:50:55] [6704] - [e:\wf\aips\branches\2019.1\config\pds\fab_develop\branches\pds_2019.1\source\sw\cdt\debugger\main.cpp:89] : /*************************** 2019-05-14 15:50:55  Start ***************************/
[DEBUG][2019-05-14 15:50:55] [6704] - [e:\wf\aips\branches\2019.1\config\pds\fab_develop\branches\pds_2019.1\source\sw\cdt\debugger\main.cpp:90] : Path: C:/pango/PDS_2019.1-patch2/bin
[DEBUG][2019-05-14 15:50:55] [6704] - [e:\wf\aips\branches\2019.1\config\pds\fab_develop\branches\pds_2019.1\source\sw\cdt\debugger\main.cpp:91] : #Generated by Fabric Debugger (version 2019.1-patch2 build 42169) at Tue May 14 15:50:55 2019


[DEBUG][2019-05-14 15:50:56] [6704] - [e:\wf\aips\branches\2019.1\config\pds\fab_develop\branches\pds_2019.1\source\sw\cdt\debugger\main.cpp:116] : Main window show.
[DEBUG][2019-05-14 15:51:02] [6704] - [e:\wf\aips\branches\2019.1\config\pds\fab_develop\branches\pds_2019.1\source\sw\cdt\debugger\dbgmainwindow.cpp:1263] : Operation: Scan.
[DEBUG][2019-05-14 15:51:02] [6704] - [e:\wf\aips\branches\2019.1\config\pds\fab_develop\branches\pds_2019.1\source\sw\cdt\common\cdtcommunicate.cpp:460] : Client Local host name:ALINX000007-PC
[DEBUG][2019-05-14 15:51:02] [6704] - [e:\wf\aips\branches\2019.1\config\pds\fab_develop\branches\pds_2019.1\source\sw\cdt\common\cdtcommunicate.cpp:468] : Client Local Address:192.168.1.28
[DEBUG][2019-05-14 15:51:02] [6704] - [e:\wf\aips\branches\2019.1\config\pds\fab_develop\branches\pds_2019.1\source\sw\cdt\common\cdtcommunicate.cpp:495] : Server Address:127.0.0.1, Port:65420
[INFO][2019-05-14 15:51:02] [6704] - [e:\wf\aips\branches\2019.1\config\pds\fab_develop\branches\pds_2019.1\source\sw\cdt\common\cdtcommunicate.cpp:535] : Connect OK, Server: 127.0.0.1  Port: 65420
[DEBUG][2019-05-14 15:51:02] [6704] - [e:\wf\aips\branches\2019.1\config\pds\fab_develop\branches\pds_2019.1\source\sw\cdt\debugger\dbgclient.cpp:280] : Finish.
[DEBUG][2019-05-14 15:51:02] [6704] - [e:\wf\aips\branches\2019.1\config\pds\fab_develop\branches\pds_2019.1\source\sw\cdt\debugger\dbgclient.cpp:75] : Send RPC: 1.
[DEBUG][2019-05-14 15:51:02] [6704] - [e:\wf\aips\branches\2019.1\config\pds\fab_develop\branches\pds_2019.1\source\sw\cdt\common\cdtcommunicate.cpp:769] : Send cmd [check version information:40004] OK
[DEBUG][2019-05-14 15:51:02] [6704] - [e:\wf\aips\branches\2019.1\config\pds\fab_develop\branches\pds_2019.1\source\sw\cdt\common\cdtcommunicate.cpp:890] : Recv RPC[1] cmd [check version information:40004]
[DEBUG][2019-05-14 15:51:02] [6704] - [e:\wf\aips\branches\2019.1\config\pds\fab_develop\branches\pds_2019.1\source\sw\cdt\common\cdtcommunicate.cpp:898] : Revc exec: check version information start
[DEBUG][2019-05-14 15:51:02] [6704] - [e:\wf\aips\branches\2019.1\config\pds\fab_develop\branches\pds_2019.1\source\sw\cdt\debugger\dbgclient.cpp:75] : Send RPC: 2.
[DEBUG][2019-05-14 15:51:02] [6704] - [e:\wf\aips\branches\2019.1\config\pds\fab_develop\branches\pds_2019.1\source\sw\cdt\common\cdtcommunicate.cpp:769] : Send cmd [get_cable_paras:40012] OK
[DEBUG][2019-05-14 15:51:02] [6704] - [e:\wf\aips\branches\2019.1\config\pds\fab_develop\branches\pds_2019.1\source\sw\cdt\debugger\dbgclient.cpp:75] : Send RPC: 3.
[DEBUG][2019-05-14 15:51:02] [6704] - [e:\wf\aips\branches\2019.1\config\pds\fab_develop\branches\pds_2019.1\source\sw\cdt\common\cdtcommunicate.cpp:769] : Send cmd [open_cable:10001] OK
[DEBUG][2019-05-14 15:51:02] [6704] - [e:\wf\aips\branches\2019.1\config\pds\fab_develop\branches\pds_2019.1\source\sw\cdt\common\cdtcommunicate.cpp:900] : Revc exec: check version information end
[DEBUG][2019-05-14 15:51:02] [6704] - [e:\wf\aips\branches\2019.1\config\pds\fab_develop\branches\pds_2019.1\source\sw\cdt\debugger\dbgclient.cpp:353] : COMMAND[check version information] execute successfully, takes 0.1 secs.
[DEBUG][2019-05-14 15:51:03] [6704] - [e:\wf\aips\branches\2019.1\config\pds\fab_develop\branches\pds_2019.1\source\sw\cdt\common\cdtcommunicate.cpp:890] : Recv RPC[2] cmd [get_cable_paras:40012]
[DEBUG][2019-05-14 15:51:03] [6704] - [e:\wf\aips\branches\2019.1\config\pds\fab_develop\branches\pds_2019.1\source\sw\cdt\common\cdtcommunicate.cpp:898] : Revc exec: get_cable_paras start
[DEBUG][2019-05-14 15:51:03] [6704] - [e:\wf\aips\branches\2019.1\config\pds\fab_develop\branches\pds_2019.1\source\sw\cdt\common\cdtcommunicate.cpp:900] : Revc exec: get_cable_paras end
[DEBUG][2019-05-14 15:51:03] [6704] - [e:\wf\aips\branches\2019.1\config\pds\fab_develop\branches\pds_2019.1\source\sw\cdt\debugger\dbgclient.cpp:353] : COMMAND[get_cable_paras] execute successfully, takes 0.6 secs.
[DEBUG][2019-05-14 15:51:04] [6704] - [e:\wf\aips\branches\2019.1\config\pds\fab_develop\branches\pds_2019.1\source\sw\cdt\common\cdtcommunicate.cpp:890] : Recv RPC[3] cmd [open_cable:10001]
[DEBUG][2019-05-14 15:51:04] [6704] - [e:\wf\aips\branches\2019.1\config\pds\fab_develop\branches\pds_2019.1\source\sw\cdt\common\cdtcommunicate.cpp:898] : Revc exec: open_cable start
[DEBUG][2019-05-14 15:51:06] [6704] - [e:\wf\aips\branches\2019.1\config\pds\fab_develop\branches\pds_2019.1\source\sw\cdt\common\cdtcommunicate.cpp:900] : Revc exec: open_cable end
[DEBUG][2019-05-14 15:51:06] [6704] - [e:\wf\aips\branches\2019.1\config\pds\fab_develop\branches\pds_2019.1\source\sw\cdt\debugger\dbgclient.cpp:353] : COMMAND[open_cable] execute successfully, takes 3.2 secs.
[DEBUG][2019-05-14 15:51:09] [6704] - [e:\wf\aips\branches\2019.1\config\pds\fab_develop\branches\pds_2019.1\source\sw\cdt\debugger\dbgtree.cpp:1200] : Configure.
[DEBUG][2019-05-14 15:51:13] [6704] - [e:\wf\aips\branches\2019.1\config\pds\fab_develop\branches\pds_2019.1\source\sw\cdt\debugger\dbgmainwindow.cpp:893] : Operation: Program.
[DEBUG][2019-05-14 15:51:13] [6704] - [e:\wf\aips\branches\2019.1\config\pds\fab_develop\branches\pds_2019.1\source\sw\cdt\debugger\dbgclient.cpp:75] : Send RPC: 4.
[DEBUG][2019-05-14 15:51:13] [6704] - [e:\wf\aips\branches\2019.1\config\pds\fab_develop\branches\pds_2019.1\source\sw\cdt\common\cdtcommunicate.cpp:769] : Send cmd [configure:10002] OK
[DEBUG][2019-05-14 15:51:13] [6704] - [e:\wf\aips\branches\2019.1\config\pds\fab_develop\branches\pds_2019.1\source\sw\cdt\common\cdtcommunicate.cpp:890] : Recv RPC[0] cmd [set progress bar:40001]
[DEBUG][2019-05-14 15:51:13] [6704] - [e:\wf\aips\branches\2019.1\config\pds\fab_develop\branches\pds_2019.1\source\sw\cdt\debugger\dbgcommand.cpp:548] : The value is 6.
[DEBUG][2019-05-14 15:51:13] [6704] - [e:\wf\aips\branches\2019.1\config\pds\fab_develop\branches\pds_2019.1\source\sw\cdt\common\cdtcommunicate.cpp:898] : Revc exec: set progress bar start
[DEBUG][2019-05-14 15:51:13] [6704] - [e:\wf\aips\branches\2019.1\config\pds\fab_develop\branches\pds_2019.1\source\sw\cdt\common\cdtcommunicate.cpp:900] : Revc exec: set progress bar end
[DEBUG][2019-05-14 15:51:13] [6704] - [e:\wf\aips\branches\2019.1\config\pds\fab_develop\branches\pds_2019.1\source\sw\cdt\common\cdtcommunicate.cpp:890] : Recv RPC[0] cmd [set progress bar:40001]
[DEBUG][2019-05-14 15:51:13] [6704] - [e:\wf\aips\branches\2019.1\config\pds\fab_develop\branches\pds_2019.1\source\sw\cdt\debugger\dbgcommand.cpp:548] : The value is 10.
[DEBUG][2019-05-14 15:51:13] [6704] - [e:\wf\aips\branches\2019.1\config\pds\fab_develop\branches\pds_2019.1\source\sw\cdt\common\cdtcommunicate.cpp:898] : Revc exec: set progress bar start
[DEBUG][2019-05-14 15:51:13] [6704] - [e:\wf\aips\branches\2019.1\config\pds\fab_develop\branches\pds_2019.1\source\sw\cdt\common\cdtcommunicate.cpp:900] : Revc exec: set progress bar end
[DEBUG][2019-05-14 15:51:13] [6704] - [e:\wf\aips\branches\2019.1\config\pds\fab_develop\branches\pds_2019.1\source\sw\cdt\common\cdtcommunicate.cpp:890] : Recv RPC[0] cmd [set progress bar:40001]
[DEBUG][2019-05-14 15:51:13] [6704] - [e:\wf\aips\branches\2019.1\config\pds\fab_develop\branches\pds_2019.1\source\sw\cdt\debugger\dbgcommand.cpp:548] : The value is 15.
[DEBUG][2019-05-14 15:51:13] [6704] - [e:\wf\aips\branches\2019.1\config\pds\fab_develop\branches\pds_2019.1\source\sw\cdt\common\cdtcommunicate.cpp:898] : Revc exec: set progress bar start
[DEBUG][2019-05-14 15:51:13] [6704] - [e:\wf\aips\branches\2019.1\config\pds\fab_develop\branches\pds_2019.1\source\sw\cdt\common\cdtcommunicate.cpp:900] : Revc exec: set progress bar end
[DEBUG][2019-05-14 15:51:13] [6704] - [e:\wf\aips\branches\2019.1\config\pds\fab_develop\branches\pds_2019.1\source\sw\cdt\common\cdtcommunicate.cpp:890] : Recv RPC[0] cmd [set progress bar:40001]
[DEBUG][2019-05-14 15:51:13] [6704] - [e:\wf\aips\branches\2019.1\config\pds\fab_develop\branches\pds_2019.1\source\sw\cdt\debugger\dbgcommand.cpp:548] : The value is 20.
[DEBUG][2019-05-14 15:51:13] [6704] - [e:\wf\aips\branches\2019.1\config\pds\fab_develop\branches\pds_2019.1\source\sw\cdt\common\cdtcommunicate.cpp:898] : Revc exec: set progress bar start
[DEBUG][2019-05-14 15:51:13] [6704] - [e:\wf\aips\branches\2019.1\config\pds\fab_develop\branches\pds_2019.1\source\sw\cdt\common\cdtcommunicate.cpp:900] : Revc exec: set progress bar end
[DEBUG][2019-05-14 15:51:13] [6704] - [e:\wf\aips\branches\2019.1\config\pds\fab_develop\branches\pds_2019.1\source\sw\cdt\common\cdtcommunicate.cpp:890] : Recv RPC[0] cmd [set progress bar:40001]
[DEBUG][2019-05-14 15:51:13] [6704] - [e:\wf\aips\branches\2019.1\config\pds\fab_develop\branches\pds_2019.1\source\sw\cdt\debugger\dbgcommand.cpp:548] : The value is 25.
[DEBUG][2019-05-14 15:51:13] [6704] - [e:\wf\aips\branches\2019.1\config\pds\fab_develop\branches\pds_2019.1\source\sw\cdt\common\cdtcommunicate.cpp:898] : Revc exec: set progress bar start
[DEBUG][2019-05-14 15:51:13] [6704] - [e:\wf\aips\branches\2019.1\config\pds\fab_develop\branches\pds_2019.1\source\sw\cdt\common\cdtcommunicate.cpp:900] : Revc exec: set progress bar end
[DEBUG][2019-05-14 15:51:14] [6704] - [e:\wf\aips\branches\2019.1\config\pds\fab_develop\branches\pds_2019.1\source\sw\cdt\common\cdtcommunicate.cpp:890] : Recv RPC[0] cmd [set progress bar:40001]
[DEBUG][2019-05-14 15:51:14] [6704] - [e:\wf\aips\branches\2019.1\config\pds\fab_develop\branches\pds_2019.1\source\sw\cdt\debugger\dbgcommand.cpp:548] : The value is 30.
[DEBUG][2019-05-14 15:51:14] [6704] - [e:\wf\aips\branches\2019.1\config\pds\fab_develop\branches\pds_2019.1\source\sw\cdt\common\cdtcommunicate.cpp:898] : Revc exec: set progress bar start
[DEBUG][2019-05-14 15:51:14] [6704] - [e:\wf\aips\branches\2019.1\config\pds\fab_develop\branches\pds_2019.1\source\sw\cdt\common\cdtcommunicate.cpp:900] : Revc exec: set progress bar end
[DEBUG][2019-05-14 15:51:14] [6704] - [e:\wf\aips\branches\2019.1\config\pds\fab_develop\branches\pds_2019.1\source\sw\cdt\common\cdtcommunicate.cpp:890] : Recv RPC[0] cmd [set progress bar:40001]
[DEBUG][2019-05-14 15:51:14] [6704] - [e:\wf\aips\branches\2019.1\config\pds\fab_develop\branches\pds_2019.1\source\sw\cdt\debugger\dbgcommand.cpp:548] : The value is 35.
[DEBUG][2019-05-14 15:51:14] [6704] - [e:\wf\aips\branches\2019.1\config\pds\fab_develop\branches\pds_2019.1\source\sw\cdt\common\cdtcommunicate.cpp:898] : Revc exec: set progress bar start
[DEBUG][2019-05-14 15:51:14] [6704] - [e:\wf\aips\branches\2019.1\config\pds\fab_develop\branches\pds_2019.1\source\sw\cdt\common\cdtcommunicate.cpp:900] : Revc exec: set progress bar end
[DEBUG][2019-05-14 15:51:14] [6704] - [e:\wf\aips\branches\2019.1\config\pds\fab_develop\branches\pds_2019.1\source\sw\cdt\common\cdtcommunicate.cpp:890] : Recv RPC[0] cmd [set progress bar:40001]
[DEBUG][2019-05-14 15:51:14] [6704] - [e:\wf\aips\branches\2019.1\config\pds\fab_develop\branches\pds_2019.1\source\sw\cdt\debugger\dbgcommand.cpp:548] : The value is 40.
[DEBUG][2019-05-14 15:51:14] [6704] - [e:\wf\aips\branches\2019.1\config\pds\fab_develop\branches\pds_2019.1\source\sw\cdt\common\cdtcommunicate.cpp:898] : Revc exec: set progress bar start
[DEBUG][2019-05-14 15:51:14] [6704] - [e:\wf\aips\branches\2019.1\config\pds\fab_develop\branches\pds_2019.1\source\sw\cdt\common\cdtcommunicate.cpp:900] : Revc exec: set progress bar end
[DEBUG][2019-05-14 15:51:14] [6704] - [e:\wf\aips\branches\2019.1\config\pds\fab_develop\branches\pds_2019.1\source\sw\cdt\common\cdtcommunicate.cpp:890] : Recv RPC[0] cmd [set progress bar:40001]
[DEBUG][2019-05-14 15:51:14] [6704] - [e:\wf\aips\branches\2019.1\config\pds\fab_develop\branches\pds_2019.1\source\sw\cdt\debugger\dbgcommand.cpp:548] : The value is 45.
[DEBUG][2019-05-14 15:51:14] [6704] - [e:\wf\aips\branches\2019.1\config\pds\fab_develop\branches\pds_2019.1\source\sw\cdt\common\cdtcommunicate.cpp:898] : Revc exec: set progress bar start
[DEBUG][2019-05-14 15:51:14] [6704] - [e:\wf\aips\branches\2019.1\config\pds\fab_develop\branches\pds_2019.1\source\sw\cdt\common\cdtcommunicate.cpp:900] : Revc exec: set progress bar end
[DEBUG][2019-05-14 15:51:14] [6704] - [e:\wf\aips\branches\2019.1\config\pds\fab_develop\branches\pds_2019.1\source\sw\cdt\common\cdtcommunicate.cpp:890] : Recv RPC[0] cmd [set progress bar:40001]
[DEBUG][2019-05-14 15:51:14] [6704] - [e:\wf\aips\branches\2019.1\config\pds\fab_develop\branches\pds_2019.1\source\sw\cdt\debugger\dbgcommand.cpp:548] : The value is 50.
[DEBUG][2019-05-14 15:51:14] [6704] - [e:\wf\aips\branches\2019.1\config\pds\fab_develop\branches\pds_2019.1\source\sw\cdt\common\cdtcommunicate.cpp:898] : Revc exec: set progress bar start
[DEBUG][2019-05-14 15:51:14] [6704] - [e:\wf\aips\branches\2019.1\config\pds\fab_develop\branches\pds_2019.1\source\sw\cdt\common\cdtcommunicate.cpp:900] : Revc exec: set progress bar end
[DEBUG][2019-05-14 15:51:14] [6704] - [e:\wf\aips\branches\2019.1\config\pds\fab_develop\branches\pds_2019.1\source\sw\cdt\common\cdtcommunicate.cpp:890] : Recv RPC[0] cmd [set progress bar:40001]
[DEBUG][2019-05-14 15:51:14] [6704] - [e:\wf\aips\branches\2019.1\config\pds\fab_develop\branches\pds_2019.1\source\sw\cdt\debugger\dbgcommand.cpp:548] : The value is 55.
[DEBUG][2019-05-14 15:51:14] [6704] - [e:\wf\aips\branches\2019.1\config\pds\fab_develop\branches\pds_2019.1\source\sw\cdt\common\cdtcommunicate.cpp:898] : Revc exec: set progress bar start
[DEBUG][2019-05-14 15:51:14] [6704] - [e:\wf\aips\branches\2019.1\config\pds\fab_develop\branches\pds_2019.1\source\sw\cdt\common\cdtcommunicate.cpp:900] : Revc exec: set progress bar end
[DEBUG][2019-05-14 15:51:14] [6704] - [e:\wf\aips\branches\2019.1\config\pds\fab_develop\branches\pds_2019.1\source\sw\cdt\common\cdtcommunicate.cpp:890] : Recv RPC[0] cmd [set progress bar:40001]
[DEBUG][2019-05-14 15:51:14] [6704] - [e:\wf\aips\branches\2019.1\config\pds\fab_develop\branches\pds_2019.1\source\sw\cdt\debugger\dbgcommand.cpp:548] : The value is 60.
[DEBUG][2019-05-14 15:51:14] [6704] - [e:\wf\aips\branches\2019.1\config\pds\fab_develop\branches\pds_2019.1\source\sw\cdt\common\cdtcommunicate.cpp:898] : Revc exec: set progress bar start
[DEBUG][2019-05-14 15:51:14] [6704] - [e:\wf\aips\branches\2019.1\config\pds\fab_develop\branches\pds_2019.1\source\sw\cdt\common\cdtcommunicate.cpp:900] : Revc exec: set progress bar end
[DEBUG][2019-05-14 15:51:14] [6704] - [e:\wf\aips\branches\2019.1\config\pds\fab_develop\branches\pds_2019.1\source\sw\cdt\common\cdtcommunicate.cpp:890] : Recv RPC[0] cmd [set progress bar:40001]
[DEBUG][2019-05-14 15:51:14] [6704] - [e:\wf\aips\branches\2019.1\config\pds\fab_develop\branches\pds_2019.1\source\sw\cdt\debugger\dbgcommand.cpp:548] : The value is 65.
[DEBUG][2019-05-14 15:51:14] [6704] - [e:\wf\aips\branches\2019.1\config\pds\fab_develop\branches\pds_2019.1\source\sw\cdt\common\cdtcommunicate.cpp:898] : Revc exec: set progress bar start
[DEBUG][2019-05-14 15:51:14] [6704] - [e:\wf\aips\branches\2019.1\config\pds\fab_develop\branches\pds_2019.1\source\sw\cdt\common\cdtcommunicate.cpp:900] : Revc exec: set progress bar end
[DEBUG][2019-05-14 15:51:14] [6704] - [e:\wf\aips\branches\2019.1\config\pds\fab_develop\branches\pds_2019.1\source\sw\cdt\common\cdtcommunicate.cpp:890] : Recv RPC[0] cmd [set progress bar:40001]
[DEBUG][2019-05-14 15:51:14] [6704] - [e:\wf\aips\branches\2019.1\config\pds\fab_develop\branches\pds_2019.1\source\sw\cdt\debugger\dbgcommand.cpp:548] : The value is 70.
[DEBUG][2019-05-14 15:51:14] [6704] - [e:\wf\aips\branches\2019.1\config\pds\fab_develop\branches\pds_2019.1\source\sw\cdt\common\cdtcommunicate.cpp:898] : Revc exec: set progress bar start
[DEBUG][2019-05-14 15:51:14] [6704] - [e:\wf\aips\branches\2019.1\config\pds\fab_develop\branches\pds_2019.1\source\sw\cdt\common\cdtcommunicate.cpp:900] : Revc exec: set progress bar end
[DEBUG][2019-05-14 15:51:14] [6704] - [e:\wf\aips\branches\2019.1\config\pds\fab_develop\branches\pds_2019.1\source\sw\cdt\common\cdtcommunicate.cpp:890] : Recv RPC[0] cmd [set progress bar:40001]
[DEBUG][2019-05-14 15:51:14] [6704] - [e:\wf\aips\branches\2019.1\config\pds\fab_develop\branches\pds_2019.1\source\sw\cdt\debugger\dbgcommand.cpp:548] : The value is 75.
[DEBUG][2019-05-14 15:51:14] [6704] - [e:\wf\aips\branches\2019.1\config\pds\fab_develop\branches\pds_2019.1\source\sw\cdt\common\cdtcommunicate.cpp:898] : Revc exec: set progress bar start
[DEBUG][2019-05-14 15:51:14] [6704] - [e:\wf\aips\branches\2019.1\config\pds\fab_develop\branches\pds_2019.1\source\sw\cdt\common\cdtcommunicate.cpp:900] : Revc exec: set progress bar end
[DEBUG][2019-05-14 15:51:14] [6704] - [e:\wf\aips\branches\2019.1\config\pds\fab_develop\branches\pds_2019.1\source\sw\cdt\common\cdtcommunicate.cpp:890] : Recv RPC[0] cmd [set progress bar:40001]
[DEBUG][2019-05-14 15:51:14] [6704] - [e:\wf\aips\branches\2019.1\config\pds\fab_develop\branches\pds_2019.1\source\sw\cdt\debugger\dbgcommand.cpp:548] : The value is 80.
[DEBUG][2019-05-14 15:51:14] [6704] - [e:\wf\aips\branches\2019.1\config\pds\fab_develop\branches\pds_2019.1\source\sw\cdt\common\cdtcommunicate.cpp:898] : Revc exec: set progress bar start
[DEBUG][2019-05-14 15:51:14] [6704] - [e:\wf\aips\branches\2019.1\config\pds\fab_develop\branches\pds_2019.1\source\sw\cdt\common\cdtcommunicate.cpp:900] : Revc exec: set progress bar end
[DEBUG][2019-05-14 15:51:14] [6704] - [e:\wf\aips\branches\2019.1\config\pds\fab_develop\branches\pds_2019.1\source\sw\cdt\common\cdtcommunicate.cpp:890] : Recv RPC[0] cmd [set progress bar:40001]
[DEBUG][2019-05-14 15:51:14] [6704] - [e:\wf\aips\branches\2019.1\config\pds\fab_develop\branches\pds_2019.1\source\sw\cdt\debugger\dbgcommand.cpp:548] : The value is 85.
[DEBUG][2019-05-14 15:51:14] [6704] - [e:\wf\aips\branches\2019.1\config\pds\fab_develop\branches\pds_2019.1\source\sw\cdt\common\cdtcommunicate.cpp:898] : Revc exec: set progress bar start
[DEBUG][2019-05-14 15:51:14] [6704] - [e:\wf\aips\branches\2019.1\config\pds\fab_develop\branches\pds_2019.1\source\sw\cdt\common\cdtcommunicate.cpp:900] : Revc exec: set progress bar end
[DEBUG][2019-05-14 15:51:14] [6704] - [e:\wf\aips\branches\2019.1\config\pds\fab_develop\branches\pds_2019.1\source\sw\cdt\common\cdtcommunicate.cpp:890] : Recv RPC[0] cmd [set progress bar:40001]
[DEBUG][2019-05-14 15:51:14] [6704] - [e:\wf\aips\branches\2019.1\config\pds\fab_develop\branches\pds_2019.1\source\sw\cdt\debugger\dbgcommand.cpp:548] : The value is 90.
[DEBUG][2019-05-14 15:51:14] [6704] - [e:\wf\aips\branches\2019.1\config\pds\fab_develop\branches\pds_2019.1\source\sw\cdt\common\cdtcommunicate.cpp:898] : Revc exec: set progress bar start
[DEBUG][2019-05-14 15:51:14] [6704] - [e:\wf\aips\branches\2019.1\config\pds\fab_develop\branches\pds_2019.1\source\sw\cdt\common\cdtcommunicate.cpp:900] : Revc exec: set progress bar end
[DEBUG][2019-05-14 15:51:14] [6704] - [e:\wf\aips\branches\2019.1\config\pds\fab_develop\branches\pds_2019.1\source\sw\cdt\common\cdtcommunicate.cpp:890] : Recv RPC[0] cmd [set progress bar:40001]
[DEBUG][2019-05-14 15:51:14] [6704] - [e:\wf\aips\branches\2019.1\config\pds\fab_develop\branches\pds_2019.1\source\sw\cdt\debugger\dbgcommand.cpp:548] : The value is 95.
[DEBUG][2019-05-14 15:51:14] [6704] - [e:\wf\aips\branches\2019.1\config\pds\fab_develop\branches\pds_2019.1\source\sw\cdt\common\cdtcommunicate.cpp:898] : Revc exec: set progress bar start
[DEBUG][2019-05-14 15:51:14] [6704] - [e:\wf\aips\branches\2019.1\config\pds\fab_develop\branches\pds_2019.1\source\sw\cdt\common\cdtcommunicate.cpp:900] : Revc exec: set progress bar end
[DEBUG][2019-05-14 15:51:14] [6704] - [e:\wf\aips\branches\2019.1\config\pds\fab_develop\branches\pds_2019.1\source\sw\cdt\common\cdtcommunicate.cpp:890] : Recv RPC[0] cmd [set progress bar:40001]
[DEBUG][2019-05-14 15:51:14] [6704] - [e:\wf\aips\branches\2019.1\config\pds\fab_develop\branches\pds_2019.1\source\sw\cdt\debugger\dbgcommand.cpp:548] : The value is 100.
[DEBUG][2019-05-14 15:51:14] [6704] - [e:\wf\aips\branches\2019.1\config\pds\fab_develop\branches\pds_2019.1\source\sw\cdt\common\cdtcommunicate.cpp:898] : Revc exec: set progress bar start
[DEBUG][2019-05-14 15:51:14] [6704] - [e:\wf\aips\branches\2019.1\config\pds\fab_develop\branches\pds_2019.1\source\sw\cdt\common\cdtcommunicate.cpp:900] : Revc exec: set progress bar end
[DEBUG][2019-05-14 15:51:15] [6704] - [e:\wf\aips\branches\2019.1\config\pds\fab_develop\branches\pds_2019.1\source\sw\cdt\common\cdtcommunicate.cpp:890] : Recv RPC[4] cmd [configure:10002]
[DEBUG][2019-05-14 15:51:15] [6704] - [e:\wf\aips\branches\2019.1\config\pds\fab_develop\branches\pds_2019.1\source\sw\cdt\common\cdtcommunicate.cpp:898] : Revc exec: configure start
[DEBUG][2019-05-14 15:51:15] [6704] - [e:\wf\aips\branches\2019.1\config\pds\fab_develop\branches\pds_2019.1\source\sw\cdt\debugger\dbgrecordfile.cpp:241] : [BusValue] Opt:Add.
[DEBUG][2019-05-14 15:51:15] [6704] - [e:\wf\aips\branches\2019.1\config\pds\fab_develop\branches\pds_2019.1\source\sw\cdt\debugger\dbgrecordfile.cpp:241] : [BusValue] Opt:Add.
[DEBUG][2019-05-14 15:51:15] [6704] - [e:\wf\aips\branches\2019.1\config\pds\fab_develop\branches\pds_2019.1\source\sw\cdt\debugger\dbgrecordfile.cpp:241] : [BusValue] Opt:Add.
[DEBUG][2019-05-14 15:51:15] [6704] - [e:\wf\aips\branches\2019.1\config\pds\fab_develop\branches\pds_2019.1\source\sw\cdt\debugger\dbgrecordfile.cpp:241] : [BusValue] Opt:Add.
[DEBUG][2019-05-14 15:51:15] [6704] - [e:\wf\aips\branches\2019.1\config\pds\fab_develop\branches\pds_2019.1\source\sw\cdt\debugger\dbgrecordfile.cpp:241] : [BusValue] Opt:Add.
[DEBUG][2019-05-14 15:51:15] [6704] - [e:\wf\aips\branches\2019.1\config\pds\fab_develop\branches\pds_2019.1\source\sw\cdt\debugger\dbgrecordfile.cpp:241] : [BusValue] Opt:Add.
[DEBUG][2019-05-14 15:51:15] [6704] - [e:\wf\aips\branches\2019.1\config\pds\fab_develop\branches\pds_2019.1\source\sw\cdt\debugger\dbgrecordfile.cpp:241] : [BusValue] Opt:Add.
[DEBUG][2019-05-14 15:51:15] [6704] - [e:\wf\aips\branches\2019.1\config\pds\fab_develop\branches\pds_2019.1\source\sw\cdt\debugger\dbgrecordfile.cpp:241] : [BusValue] Opt:Add.
[DEBUG][2019-05-14 15:51:15] [6704] - [e:\wf\aips\branches\2019.1\config\pds\fab_develop\branches\pds_2019.1\source\sw\cdt\common\cdtcommunicate.cpp:900] : Revc exec: configure end
[DEBUG][2019-05-14 15:51:15] [6704] - [e:\wf\aips\branches\2019.1\config\pds\fab_develop\branches\pds_2019.1\source\sw\cdt\debugger\dbgclient.cpp:353] : COMMAND[configure] execute successfully, takes 1.9 secs.
[DEBUG][2019-05-14 15:51:15] [6704] - [e:\wf\aips\branches\2019.1\config\pds\fab_develop\branches\pds_2019.1\source\sw\cdt\common\cdttclconsole.cpp:1045] : Log::Print : Import Core: 0 OK
[DEBUG][2019-05-14 15:51:23] [6704] - [e:\wf\aips\branches\2019.1\config\pds\fab_develop\branches\pds_2019.1\source\sw\cdt\debugger\dbgmainwindow.cpp:996] : Operation: Trigger.
[DEBUG][2019-05-14 15:51:23] [6704] - [e:\wf\aips\branches\2019.1\config\pds\fab_develop\branches\pds_2019.1\source\sw\cdt\debugger\dbgclient.cpp:75] : Send RPC: 5.
[DEBUG][2019-05-14 15:51:23] [6704] - [e:\wf\aips\branches\2019.1\config\pds\fab_develop\branches\pds_2019.1\source\sw\cdt\common\cdtcommunicate.cpp:769] : Send cmd [run:10003] OK
[DEBUG][2019-05-14 15:51:23] [6704] - [e:\wf\aips\branches\2019.1\config\pds\fab_develop\branches\pds_2019.1\source\sw\cdt\common\cdtcommunicate.cpp:890] : Recv RPC[5] cmd [run:10003]
[DEBUG][2019-05-14 15:51:23] [6704] - [e:\wf\aips\branches\2019.1\config\pds\fab_develop\branches\pds_2019.1\source\sw\cdt\common\cdtcommunicate.cpp:898] : Revc exec: run start
[DEBUG][2019-05-14 15:51:23] [6704] - [e:\wf\aips\branches\2019.1\config\pds\fab_develop\branches\pds_2019.1\source\sw\cdt\debugger\dbgwaveform.cpp:1043] : Operation: ZoomFit
[DEBUG][2019-05-14 15:51:23] [6704] - [e:\wf\aips\branches\2019.1\config\pds\fab_develop\branches\pds_2019.1\source\sw\cdt\debugger\dbgwaveform.cpp:1053] : Finish.
[DEBUG][2019-05-14 15:51:23] [6704] - [e:\wf\aips\branches\2019.1\config\pds\fab_develop\branches\pds_2019.1\source\sw\cdt\debugger\dbgrecordfile.cpp:241] : [BusValue] Opt:Flush.
[DEBUG][2019-05-14 15:51:23] [6704] - [e:\wf\aips\branches\2019.1\config\pds\fab_develop\branches\pds_2019.1\source\sw\cdt\debugger\dbgrecordfile.cpp:241] : [BusValue] Opt:Update.
[DEBUG][2019-05-14 15:51:23] [6704] - [e:\wf\aips\branches\2019.1\config\pds\fab_develop\branches\pds_2019.1\source\sw\cdt\common\cdtcommunicate.cpp:900] : Revc exec: run end
[DEBUG][2019-05-14 15:51:23] [6704] - [e:\wf\aips\branches\2019.1\config\pds\fab_develop\branches\pds_2019.1\source\sw\cdt\debugger\dbgclient.cpp:353] : COMMAND[run] execute successfully, takes 0.7 secs.
[DEBUG][2019-05-14 15:51:32] [6704] - [e:\wf\aips\branches\2019.1\config\pds\fab_develop\branches\pds_2019.1\source\sw\cdt\debugger\dbgmainwindow.cpp:1936] : Operation: Try to close window.
[DEBUG][2019-05-14 15:51:32] [6704] - [e:\wf\aips\branches\2019.1\config\pds\fab_develop\branches\pds_2019.1\source\sw\cdt\debugger\main.cpp:136] : /*************************** 2019-05-14 15:51:32  End ***************************/
