#Build: Fabric Compiler 2020.3, Build 62942, Sep 29 13:34 2020
#Install: C:\pango\PDS_2020.3\bin
#Application name: pds_shell.exe
#OS: Windows 10 10.0.16299
#Hostname: DESKTOP-G08G5ES
Generated by Fabric Compiler (version 2020.3 build 62942) at Tue Dec 15 18:01:20 2020
Compiling verification operator library.
Compiling common defs.
Compiling prim grid devices.
Compiling gate devices.
Compiling gate operators.
Building architecture model.
Loading device packaging model 'MBG324'.
Reading design from DB.
Start Generating Programming File...
Reading design from DB takes 0.218750 sec.
Generating architecture configuration.
The bitstream file is "E:/PGL22G/demo/12_1_hdmi_test _char/generate_bitstream/top.sbit"
Generate programming file takes 3.296875 sec.
Generating Programming File done.
Action gen_bit_stream: Real time elapsed is 7.000 sec
Action gen_bit_stream: CPU time elapsed is 5.844 sec
Current time: Tue Dec 15 18:01:26 2020
Action gen_bit_stream: Peak memory pool usage is 294,694,912 bytes
