#Build: Fabric Compiler 2020.3, Build 62942, Sep 29 13:34 2020
#Install: D:\PDS\PGL22G\PDS_win\PDS_2020.3\bin
#Application name: pds_shell.exe
#OS: Windows 10 10.0.18363
#Hostname: DESKTOP-UGH54P3
Generated by Fabric Compiler (version 2020.3 build 62942) at Sun Oct 30 19:48:12 2022
Compiling verification operator library.
Compiling common defs.
Compiling prim grid devices.
Compiling gate devices.
Compiling gate operators.
Building architecture model.
Loading device packaging model 'MBG324'.
Reading design from DB.
Start Generating Programming File...
Reading design from DB takes 0.265625 sec.
Generating architecture configuration.
The bitstream file is "D:/PDS/PGL22G/CD_20210223/CD_20210223/demo/12_1_hdmi_test _char/generate_bitstream/top.sbit"
Generate programming file takes 4.218750 sec.
Generating Programming File done.
Action gen_bit_stream: Real time elapsed is 9.000 sec
Action gen_bit_stream: CPU time elapsed is 7.359 sec
Current time: Sun Oct 30 19:48:19 2022
Action gen_bit_stream: Peak memory pool usage is 296,493,056 bytes
