NOTE:  This version of the software is not a production release. No warranty is made as to the general availability of features and functionality included in this version or described in the accompanying documentation. The final contents of a production release and its timing remain at the sole discretion of Synopsys.

Starting:    C:\pango\PDS_2019.1-patch2\syn\bin64\mbin\synbatch.exe
Install:     C:\pango\PDS_2019.1-patch2\syn
Hostname:    PC-201805041311
Date:        Tue Oct 13 10:38:22 2020
Version:     P-2019.03P-Beta2

Arguments:   -product synplify_pro -licensetype synplifypro_pango -batch I:/example_ziguang/demo/12_1_hdmi_test _char/synthesize/synplify_pro.prj -tclcmd project -run synthesis
ProductType: synplify_pro

License checkout: synplifypro_pango
License: synplifypro_pango node-locked 
Licensed Vendor: pango

Running in Vendor Mode

auto_infer_blackbox is not supported in current product.
log file: "I:\example_ziguang\demo\12_1_hdmi_test _char\synthesize\synplify_impl\synplify.srr"
Running: synplify_impl in foreground

Running synplify_pro|synplify_impl

Running Flow: compile (Compile) on synplify_pro|synplify_impl
# Tue Oct 13 10:38:22 2020

Running Flow: compile_flow (Compile Process) on synplify_pro|synplify_impl
# Tue Oct 13 10:38:22 2020

Running: compiler (Compile Input) on synplify_pro|synplify_impl
# Tue Oct 13 10:38:22 2020
Copied I:\example_ziguang\demo\12_1_hdmi_test _char\synthesize\synplify_impl\synwork\synplify_comp.srs to I:\example_ziguang\demo\12_1_hdmi_test _char\synthesize\synplify_impl\synplify.srs

compiler completed
# Tue Oct 13 10:38:25 2020

Return Code: 0
Run Time:00h:00m:03s

Running: multi_srs_gen (Multi-srs Generator) on synplify_pro|synplify_impl
# Tue Oct 13 10:38:25 2020

multi_srs_gen completed
# Tue Oct 13 10:38:26 2020

Return Code: 0
Run Time:00h:00m:01s
Copied I:\example_ziguang\demo\12_1_hdmi_test _char\synthesize\synplify_impl\synwork\synplify_mult.srs to I:\example_ziguang\demo\12_1_hdmi_test _char\synthesize\synplify_impl\synplify.srs
Copied I:\example_ziguang\demo\12_1_hdmi_test _char\synthesize\synplify_impl\synplify.srr to I:\example_ziguang\demo\12_1_hdmi_test _char\synthesize\synplify.log
Complete: Compile Process on synplify_pro|synplify_impl

Running: premap (Premap) on synplify_pro|synplify_impl
# Tue Oct 13 10:38:26 2020

premap completed with warnings
# Tue Oct 13 10:38:28 2020

Return Code: 1
Run Time:00h:00m:02s
Complete: Compile on synplify_pro|synplify_impl

Running Flow: map (Map) on synplify_pro|synplify_impl
# Tue Oct 13 10:38:28 2020

Running: fpga_mapper (Map & Optimize) on synplify_pro|synplify_impl
# Tue Oct 13 10:38:28 2020
Copied I:\example_ziguang\demo\12_1_hdmi_test _char\synthesize\synplify_impl\synwork\synplify_m.srm to I:\example_ziguang\demo\12_1_hdmi_test _char\synthesize\synplify_impl\synplify.srm

fpga_mapper completed with warnings
# Tue Oct 13 10:38:45 2020

Return Code: 1
Run Time:00h:00m:17s
Complete: Map on synplify_pro|synplify_impl
Copied I:\example_ziguang\demo\12_1_hdmi_test _char\synthesize\synplify_impl\synplify.srr to I:\example_ziguang\demo\12_1_hdmi_test _char\synthesize\synplify.log
Complete: Logic Synthesis on synplify_pro|synplify_impl
Running TCL Command: "project -run synthesis"
exit status=0
exit status=0
License checkin: synplifypro_pango
