#Build: Fabric Compiler 2020.3, Build 62942, Sep 29 13:34 2020
#Install: D:\PDS\PGL22G\PDS_win\PDS_2020.3\bin
#Application name: pds_shell.exe
#OS: Windows 10 10.0.18363
#Hostname: DESKTOP-UGH54P3
Generated by Fabric Compiler (version 2020.3 build 62942) at Sun Oct 30 19:47:45 2022
Compiling verification operator library.
Compiling common defs.
Loading technology operator library.
Compiling technology operator library.
Compiling technology operator (valence) library.
Compiling operator packing rules.
Compiling prim grid devices.
Compiling gate devices.
Compiling gate operators.
Compiling tech operator impls.
Building architecture model.
Loading device packaging model 'MBG324'.
I: Parameter configuration file D:/PDS/PGL22G/CD_20210223/CD_20210223/demo/12_1_hdmi_test _char/testparam.txt cannot open.
Reading design from translate DB.
Flattening design 'top'
W: Adm-4021: The attribute '.pap_unconnected_inputs' of object 'osd_display_m0/osd_rom_m0/U_ipml_rom_osd_rom/U_ipml_spram_osd_rom' is overwritten by new value.
Device mapping started.
Optimizing circuit logic.
Checking design netlist.
Processing tech operator.
Converting tech operator to gate operator.
Processing gate operator.
W: Adm-4021: The attribute '.pap_unconnected_inputs' of object 'osd_display_m0/N31_7_muxf6' is overwritten by new value.
W: Adm-4021: The attribute '.pap_unconnected_inputs' of object 'osd_display_m0/N31_7_muxf6' is overwritten by new value.
W: Adm-4021: The attribute '.pap_unconnected_inputs' of object 'osd_display_m0/osd_x[0]/opit_0_inv_A2Q0' is overwritten by new value.
W: Adm-4021: The attribute '.pap_unconnected_inputs' of object 'osd_display_m0/osd_ram_addr[0]/opit_0_A2Q0' is overwritten by new value.
W: Adm-4021: The attribute '.pap_unconnected_inputs' of object 'osd_display_m0/osd_ram_addr[1]/opit_0_A2Q21' is overwritten by new value.
W: Adm-4021: The attribute '.pap_unconnected_inputs' of object 'osd_display_m0/osd_ram_addr[2]/opit_0_A2Q0' is overwritten by new value.
W: Adm-4021: The attribute '.pap_unconnected_inputs' of object 'osd_display_m0/osd_ram_addr[3]/opit_0_A2Q21' is overwritten by new value.
W: Adm-4021: The attribute '.pap_unconnected_inputs' of object 'osd_display_m0/osd_ram_addr[4]/opit_0_A2Q0' is overwritten by new value.
W: Adm-4021: The attribute '.pap_unconnected_inputs' of object 'osd_display_m0/osd_ram_addr[5]/opit_0_A2Q21' is overwritten by new value.
W: Adm-4021: The attribute '.pap_unconnected_inputs' of object 'osd_display_m0/osd_ram_addr[6]/opit_0_A2Q0' is overwritten by new value.
W: Adm-4021: The attribute '.pap_unconnected_inputs' of object 'osd_display_m0/osd_ram_addr[7]/opit_0_A2Q21' is overwritten by new value.
W: Adm-4021: The attribute '.pap_unconnected_inputs' of object 'osd_display_m0/osd_ram_addr[8]/opit_0_A2Q0' is overwritten by new value.
W: Adm-4021: The attribute '.pap_unconnected_inputs' of object 'osd_display_m0/osd_ram_addr[9]/opit_0_A2Q21' is overwritten by new value.
W: Adm-4021: The attribute '.pap_unconnected_inputs' of object 'osd_display_m0/osd_ram_addr[10]/opit_0_A2Q0' is overwritten by new value.
W: Adm-4021: The attribute '.pap_unconnected_inputs' of object 'osd_display_m0/osd_ram_addr[11]/opit_0_A2Q21' is overwritten by new value.
W: Adm-4021: The attribute '.pap_unconnected_inputs' of object 'osd_display_m0/osd_ram_addr[12]/opit_0_A2Q0' is overwritten by new value.
W: Adm-4021: The attribute '.pap_unconnected_inputs' of object 'osd_display_m0/osd_ram_addr[13]/opit_0_A2Q21' is overwritten by new value.
W: Adm-4021: The attribute '.pap_unconnected_inputs' of object 'osd_display_m0/osd_x[1]/opit_0_inv_A2Q21' is overwritten by new value.
W: Adm-4021: The attribute '.pap_unconnected_inputs' of object 'osd_display_m0/osd_x[2]/opit_0_inv_AQ' is overwritten by new value.
W: Adm-4021: The attribute '.pap_unconnected_inputs' of object 'osd_display_m0/region_active/opit_0_L5Q' is overwritten by new value.
W: Adm-4021: The attribute '.pap_unconnected_inputs' of object 'osd_display_m0/timing_gen_xy_m0/x_cnt[1]/opit_0_inv_A2Q1' is overwritten by new value.
W: Adm-4021: The attribute '.pap_unconnected_inputs' of object 'osd_display_m0/timing_gen_xy_m0/x_cnt[2]/opit_0_inv_A2Q0' is overwritten by new value.
W: Adm-4021: The attribute '.pap_unconnected_inputs' of object 'osd_display_m0/timing_gen_xy_m0/x_cnt[3]/opit_0_inv_A2Q21' is overwritten by new value.
W: Adm-4021: The attribute '.pap_unconnected_inputs' of object 'osd_display_m0/timing_gen_xy_m0/x_cnt[4]/opit_0_inv_A2Q0' is overwritten by new value.
W: Adm-4021: The attribute '.pap_unconnected_inputs' of object 'osd_display_m0/timing_gen_xy_m0/x_cnt[5]/opit_0_inv_A2Q21' is overwritten by new value.
W: Adm-4021: The attribute '.pap_unconnected_inputs' of object 'osd_display_m0/timing_gen_xy_m0/x_cnt[6]/opit_0_inv_A2Q0' is overwritten by new value.
W: Adm-4021: The attribute '.pap_unconnected_inputs' of object 'osd_display_m0/timing_gen_xy_m0/x_cnt[7]/opit_0_inv_A2Q21' is overwritten by new value.
W: Adm-4021: The attribute '.pap_unconnected_inputs' of object 'osd_display_m0/timing_gen_xy_m0/x_cnt[8]/opit_0_inv_A2Q0' is overwritten by new value.
W: Adm-4021: The attribute '.pap_unconnected_inputs' of object 'osd_display_m0/timing_gen_xy_m0/x_cnt[9]/opit_0_inv_A2Q21' is overwritten by new value.
W: Adm-4021: The attribute '.pap_unconnected_inputs' of object 'osd_display_m0/timing_gen_xy_m0/x_cnt[10]/opit_0_inv_A2Q0' is overwritten by new value.
W: Adm-4021: The attribute '.pap_unconnected_inputs' of object 'osd_display_m0/timing_gen_xy_m0/x_cnt[11]/opit_0_inv_A2Q21' is overwritten by new value.
W: Adm-4021: The attribute '.pap_unconnected_inputs' of object 'osd_display_m0/timing_gen_xy_m0/y_cnt[0]/opit_0_inv_A2Q0' is overwritten by new value.
W: Adm-4021: The attribute '.pap_unconnected_inputs' of object 'osd_display_m0/timing_gen_xy_m0/y_cnt[1]/opit_0_inv_A2Q21' is overwritten by new value.
W: Adm-4021: The attribute '.pap_unconnected_inputs' of object 'osd_display_m0/timing_gen_xy_m0/y_cnt[2]/opit_0_inv_A2Q0' is overwritten by new value.
W: Adm-4021: The attribute '.pap_unconnected_inputs' of object 'osd_display_m0/timing_gen_xy_m0/y_cnt[3]/opit_0_inv_A2Q21' is overwritten by new value.
W: Adm-4021: The attribute '.pap_unconnected_inputs' of object 'osd_display_m0/timing_gen_xy_m0/y_cnt[4]/opit_0_inv_A2Q0' is overwritten by new value.
W: Adm-4021: The attribute '.pap_unconnected_inputs' of object 'osd_display_m0/timing_gen_xy_m0/y_cnt[5]/opit_0_inv_A2Q21' is overwritten by new value.
W: Adm-4021: The attribute '.pap_unconnected_inputs' of object 'osd_display_m0/timing_gen_xy_m0/y_cnt[6]/opit_0_inv_A2Q0' is overwritten by new value.
W: Adm-4021: The attribute '.pap_unconnected_inputs' of object 'osd_display_m0/timing_gen_xy_m0/y_cnt[7]/opit_0_inv_A2Q21' is overwritten by new value.
W: Adm-4021: The attribute '.pap_unconnected_inputs' of object 'osd_display_m0/timing_gen_xy_m0/y_cnt[8]/opit_0_inv_A2Q0' is overwritten by new value.
W: Adm-4021: The attribute '.pap_unconnected_inputs' of object 'osd_display_m0/timing_gen_xy_m0/x_cnt[0]/opit_0_inv_A2Q20' is overwritten by new value.
W: Adm-4021: The attribute '.pap_unconnected_inputs' of object 'osd_display_m0/timing_gen_xy_m0/y_cnt[9]/opit_0_inv_A2Q21' is overwritten by new value.
W: Adm-4021: The attribute '.pap_unconnected_inputs' of object 'osd_display_m0/timing_gen_xy_m0/y_cnt[10]/opit_0_inv_A2Q0' is overwritten by new value.
W: Adm-4021: The attribute '.pap_unconnected_inputs' of object 'osd_display_m0/timing_gen_xy_m0/y_cnt[11]/opit_0_inv_A2Q21' is overwritten by new value.
Device mapping done.
Total device mapping takes 0.203125 sec.

Device Utilization Summary:
+-------------------------------------------------------------------------+
| Logic Utilization     | Used     | Available     | Utilization(%)     
+-------------------------------------------------------------------------+
| APM                   | 0        | 30            | 0                   
| IOCKDLY               | 0        | 24            | 0                   
| FF                    | 339      | 26304         | 2                   
| LUT                   | 478      | 17536         | 3                   
| Distributed RAM       | 0        | 4440          | 0                   
| DLL                   | 0        | 6             | 0                   
| DQSL                  | 0        | 18            | 0                   
| DRM                   | 1        | 48            | 3                   
| FUSECODE              | 0        | 1             | 0                   
| IO                    | 10       | 240           | 5                   
| IOCKDIV               | 0        | 12            | 0                   
| IOCKGATE              | 0        | 12            | 0                   
| IPAL                  | 0        | 1             | 0                   
| PLL                   | 1        | 6             | 17                  
| RCKB                  | 0        | 24            | 0                   
| SCANCHAIN             | 0        | 4             | 0                   
| START                 | 0        | 1             | 0                   
| USCM                  | 3        | 20            | 15                  
| HMEMC                 | 0        | 2             | 0                   
| OSC                   | 0        | 1             | 0                   
| ADC                   | 0        | 1             | 0                   
| CRYSTAL               | 0        | 6             | 0                   
| FLSIF                 | 0        | 1             | 0                   
| RESCAL                | 0        | 6             | 0                   
| UDID                  | 0        | 1             | 0                   
+-------------------------------------------------------------------------+

Design 'top' has been successfully mapped to architecture-specific objects.
Saving design to DB.
W: Public-4010: Pcf file D:/PDS/PGL22G/CD_20210223/CD_20210223/demo/12_1_hdmi_test _char/top.pcf has been covered.
Action dev_map: Real time elapsed is 5.000 sec
Action dev_map: CPU time elapsed is 2.984 sec
Current time: Sun Oct 30 19:47:48 2022
Action dev_map: Peak memory pool usage is 171,253,760 bytes
